2024.07.21 16:53:59 INFO  Started: Metals version 1.3.3 in folders '/home/tchx/Documents/scala-coursera/progfun1-example' for client Visual Studio Code 1.91.1.
SLF4J(W): Class path contains multiple SLF4J providers.
SLF4J(W): Found provider [scribe.slf4j.ScribeServiceProvider@29401fb6]
SLF4J(W): Found provider [ch.qos.logback.classic.spi.LogbackServiceProvider@6b408541]
SLF4J(W): See https://www.slf4j.org/codes.html#multiple_bindings for an explanation.
SLF4J(I): Actual provider is of type [scribe.slf4j.ScribeServiceProvider@29401fb6]
2024.07.21 16:53:59 WARN  Flyway upgrade recommended: H2 2.2.224 is newer than this version of Flyway and support has not been tested. The latest supported version of H2 is 2.2.220.
Jul 21, 2024 4:54:00 PM org.eclipse.lsp4j.jsonrpc.RemoteEndpoint handleCancellation
WARNING: Unmatched cancel notification for request id 1
Jul 21, 2024 4:54:00 PM org.eclipse.lsp4j.jsonrpc.RemoteEndpoint handleCancellation
WARNING: Unmatched cancel notification for request id 2
2024.07.21 17:02:30 INFO  no build target found for /home/tchx/Documents/scala-coursera/progfun1-example/example/src/main/scala/example/Lists.scala. Using presentation compiler with project's scala-library version: 3.3.3
2024.07.21 17:03:32 INFO  no build target found for /home/tchx/Documents/scala-coursera/progfun1-example/example/src/main/scala/main.scala.scala. Using presentation compiler with project's scala-library version: 3.3.3
2024.07.21 17:03:32 WARN  no build target for: /home/tchx/Documents/scala-coursera/progfun1-example/example/src/main/scala/main.scala.scala
2024.07.21 17:03:32 INFO  no build target found for /home/tchx/Documents/scala-coursera/progfun1-example/example/src/main/scala/main.scala.scala. Using presentation compiler with project's scala-library version: 3.3.3
2024.07.21 17:03:32 INFO  no build target found for /home/tchx/Documents/scala-coursera/progfun1-example/example/src/main/scala/example/Lists.scala. Using presentation compiler with project's scala-library version: 3.3.3
2024.07.21 17:03:34 INFO  no build target found for /home/tchx/Documents/scala-coursera/progfun1-example/example/src/main/scala/main.scala.scala. Using presentation compiler with project's scala-library version: 3.3.3
2024.07.21 17:03:34 WARN  Could not find semantic tokens for: file:///home/tchx/Documents/scala-coursera/progfun1-example/example/src/main/scala/main.scala.scala
2024.07.21 17:03:43 INFO  no build target found for /home/tchx/Documents/scala-coursera/progfun1-example/example/src/main/scala/main.scala.scala. Using presentation compiler with project's scala-library version: 3.3.3
2024.07.21 17:03:43 INFO  no build target found for /home/tchx/Documents/scala-coursera/progfun1-example/example/src/main/scala/main.scala. Using presentation compiler with project's scala-library version: 3.3.3
2024.07.21 17:03:43 WARN  Could not find semantic tokens for: file:///home/tchx/Documents/scala-coursera/progfun1-example/example/src/main/scala/main.scala
2024.07.21 17:03:52 INFO  no build target found for /home/tchx/Documents/scala-coursera/progfun1-example/example/src/main/scala/main.scala. Using presentation compiler with project's scala-library version: 3.3.3
2024.07.21 17:03:52 INFO  no build target found for /home/tchx/Documents/scala-coursera/progfun1-example/example/src/main/scala/main.scala. Using presentation compiler with project's scala-library version: 3.3.3
2024.07.21 17:03:53 INFO  no build target found for /home/tchx/Documents/scala-coursera/progfun1-example/example/src/main/scala/main.scala. Using presentation compiler with project's scala-library version: 3.3.3
2024.07.21 17:03:53 WARN  Could not find semantic tokens for: file:///home/tchx/Documents/scala-coursera/progfun1-example/example/src/main/scala/main.scala
2024.07.21 17:03:52 INFO  no build target found for /home/tchx/Documents/scala-coursera/progfun1-example/example/src/main/scala/main.scala. Using presentation compiler with project's scala-library version: 3.3.3
2024.07.21 17:03:53 INFO  no build target found for /home/tchx/Documents/scala-coursera/progfun1-example/example/src/main/scala/main.scala. Using presentation compiler with project's scala-library version: 3.3.3
2024.07.21 17:03:53 WARN  Could not find semantic tokens for: file:///home/tchx/Documents/scala-coursera/progfun1-example/example/src/main/scala/main.scala
2024.07.21 17:03:52 INFO  no build target found for /home/tchx/Documents/scala-coursera/progfun1-example/example/src/main/scala/main.scala. Using presentation compiler with project's scala-library version: 3.3.3
2024.07.21 17:03:53 INFO  no build target found for /home/tchx/Documents/scala-coursera/progfun1-example/example/src/main/scala/main.scala. Using presentation compiler with project's scala-library version: 3.3.3
2024.07.21 17:03:53 WARN  Could not find semantic tokens for: file:///home/tchx/Documents/scala-coursera/progfun1-example/example/src/main/scala/main.scala
2024.07.21 17:03:54 INFO  no build target found for /home/tchx/Documents/scala-coursera/progfun1-example/example/src/main/scala/main.scala. Using presentation compiler with project's scala-library version: 3.3.3
2024.07.21 17:03:54 INFO  no build target found for /home/tchx/Documents/scala-coursera/progfun1-example/example/src/main/scala/main.scala. Using presentation compiler with project's scala-library version: 3.3.3
2024.07.21 17:03:54 WARN  Could not find semantic tokens for: file:///home/tchx/Documents/scala-coursera/progfun1-example/example/src/main/scala/main.scala
2024.07.21 17:03:54 INFO  no build target found for /home/tchx/Documents/scala-coursera/progfun1-example/example/src/main/scala/main.scala. Using presentation compiler with project's scala-library version: 3.3.3
2024.07.21 17:03:54 INFO  no build target found for /home/tchx/Documents/scala-coursera/progfun1-example/example/src/main/scala/main.scala. Using presentation compiler with project's scala-library version: 3.3.3
2024.07.21 17:03:54 INFO  no build target found for /home/tchx/Documents/scala-coursera/progfun1-example/example/src/main/scala/main.scala. Using presentation compiler with project's scala-library version: 3.3.3
2024.07.21 17:03:54 INFO  no build target found for /home/tchx/Documents/scala-coursera/progfun1-example/example/src/main/scala/main.scala. Using presentation compiler with project's scala-library version: 3.3.3
2024.07.21 17:03:55 INFO  no build target found for /home/tchx/Documents/scala-coursera/progfun1-example/example/src/main/scala/main.scala. Using presentation compiler with project's scala-library version: 3.3.3
2024.07.21 17:03:55 INFO  no build target found for /home/tchx/Documents/scala-coursera/progfun1-example/example/src/main/scala/main.scala. Using presentation compiler with project's scala-library version: 3.3.3
2024.07.21 17:03:55 INFO  no build target found for /home/tchx/Documents/scala-coursera/progfun1-example/example/src/main/scala/main.scala. Using presentation compiler with project's scala-library version: 3.3.3
2024.07.21 17:03:55 INFO  no build target found for /home/tchx/Documents/scala-coursera/progfun1-example/example/src/main/scala/main.scala. Using presentation compiler with project's scala-library version: 3.3.3
2024.07.21 17:03:55 INFO  no build target found for /home/tchx/Documents/scala-coursera/progfun1-example/example/src/main/scala/main.scala. Using presentation compiler with project's scala-library version: 3.3.3
2024.07.21 17:03:55 INFO  no build target found for /home/tchx/Documents/scala-coursera/progfun1-example/example/src/main/scala/main.scala. Using presentation compiler with project's scala-library version: 3.3.3
2024.07.21 17:03:56 INFO  no build target found for /home/tchx/Documents/scala-coursera/progfun1-example/example/src/main/scala/main.scala. Using presentation compiler with project's scala-library version: 3.3.3
2024.07.21 17:03:56 INFO  no build target found for /home/tchx/Documents/scala-coursera/progfun1-example/example/src/main/scala/main.scala. Using presentation compiler with project's scala-library version: 3.3.3
2024.07.21 17:03:56 INFO  no build target found for /home/tchx/Documents/scala-coursera/progfun1-example/example/src/main/scala/main.scala. Using presentation compiler with project's scala-library version: 3.3.3
2024.07.21 17:03:56 INFO  no build target found for /home/tchx/Documents/scala-coursera/progfun1-example/example/src/main/scala/main.scala. Using presentation compiler with project's scala-library version: 3.3.3
2024.07.21 17:03:56 INFO  no build target found for /home/tchx/Documents/scala-coursera/progfun1-example/example/src/main/scala/main.scala. Using presentation compiler with project's scala-library version: 3.3.3
2024.07.21 17:03:56 INFO  no build target found for /home/tchx/Documents/scala-coursera/progfun1-example/example/src/main/scala/main.scala. Using presentation compiler with project's scala-library version: 3.3.3
2024.07.21 17:03:57 INFO  no build target found for /home/tchx/Documents/scala-coursera/progfun1-example/example/src/main/scala/main.scala. Using presentation compiler with project's scala-library version: 3.3.3
2024.07.21 17:03:57 INFO  no build target found for /home/tchx/Documents/scala-coursera/progfun1-example/example/src/main/scala/main.scala. Using presentation compiler with project's scala-library version: 3.3.3
2024.07.21 17:03:57 INFO  no build target found for /home/tchx/Documents/scala-coursera/progfun1-example/example/src/main/scala/main.scala. Using presentation compiler with project's scala-library version: 3.3.3
2024.07.21 17:03:57 INFO  no build target found for /home/tchx/Documents/scala-coursera/progfun1-example/example/src/main/scala/main.scala. Using presentation compiler with project's scala-library version: 3.3.3
2024.07.21 17:03:57 INFO  no build target found for /home/tchx/Documents/scala-coursera/progfun1-example/example/src/main/scala/main.scala. Using presentation compiler with project's scala-library version: 3.3.3
2024.07.21 17:03:58 INFO  no build target found for /home/tchx/Documents/scala-coursera/progfun1-example/example/src/main/scala/main.scala. Using presentation compiler with project's scala-library version: 3.3.3
2024.07.21 17:04:06 INFO  no build target found for /home/tchx/Documents/scala-coursera/progfun1-example/example/src/main/scala/main.scala. Using presentation compiler with project's scala-library version: 3.3.3
2024.07.21 17:04:06 INFO  no build target found for /home/tchx/Documents/scala-coursera/progfun1-example/example/src/main/scala/main.scala. Using presentation compiler with project's scala-library version: 3.3.3
2024.07.21 17:04:06 INFO  no build target found for /home/tchx/Documents/scala-coursera/progfun1-example/example/src/main/scala/main.scala. Using presentation compiler with project's scala-library version: 3.3.3
2024.07.21 17:04:06 INFO  no build target found for /home/tchx/Documents/scala-coursera/progfun1-example/example/src/main/scala/main.scala. Using presentation compiler with project's scala-library version: 3.3.3
2024.07.21 17:04:06 WARN  no build target for: /home/tchx/Documents/scala-coursera/progfun1-example/example/src/main/scala/main.scala
2024.07.21 17:04:06 INFO  no build target found for /home/tchx/Documents/scala-coursera/progfun1-example/example/src/main/scala/main.scala. Using presentation compiler with project's scala-library version: 3.3.3
2024.07.21 17:07:38 INFO  no build target found for /home/tchx/Documents/scala-coursera/progfun1-example/example/src/main/scala/example/Lists.scala. Using presentation compiler with project's scala-library version: 3.3.3
2024.07.21 17:07:39 INFO  no build target found for /home/tchx/Documents/scala-coursera/progfun1-example/example/src/main/scala/example/Lists.scala. Using presentation compiler with project's scala-library version: 3.3.3
2024.07.21 17:07:39 INFO  no build target found for /home/tchx/Documents/scala-coursera/progfun1-example/example/src/main/scala/example/Lists.scala. Using presentation compiler with project's scala-library version: 3.3.3
2024.07.21 17:08:23 INFO  no build target found for /home/tchx/Documents/scala-coursera/progfun1-example/example/src/main/scala/main.scala. Using presentation compiler with project's scala-library version: 3.3.3
2024.07.21 17:08:26 INFO  no build target found for /home/tchx/Documents/scala-coursera/progfun1-example/example/src/main/scala/main.scala. Using presentation compiler with project's scala-library version: 3.3.3
2024.07.21 17:08:26 INFO  no build target found for /home/tchx/Documents/scala-coursera/progfun1-example/example/src/main/scala/main.scala. Using presentation compiler with project's scala-library version: 3.3.3
2024.07.21 17:08:28 INFO  no build target found for /home/tchx/Documents/scala-coursera/progfun1-example/example/src/main/scala/main.scala. Using presentation compiler with project's scala-library version: 3.3.3
2024.07.21 17:08:28 INFO  no build target found for /home/tchx/Documents/scala-coursera/progfun1-example/example/src/main/scala/main.scala. Using presentation compiler with project's scala-library version: 3.3.3
2024.07.21 17:08:28 INFO  no build target found for /home/tchx/Documents/scala-coursera/progfun1-example/example/src/main/scala/main.scala. Using presentation compiler with project's scala-library version: 3.3.3
2024.07.21 17:08:29 INFO  no build target found for /home/tchx/Documents/scala-coursera/progfun1-example/example/src/main/scala/main.scala. Using presentation compiler with project's scala-library version: 3.3.3
2024.07.21 17:08:35 INFO  no build target found for /home/tchx/Documents/scala-coursera/progfun1-example/example/src/main/scala/example/Lists.scala. Using presentation compiler with project's scala-library version: 3.3.3
2024.07.21 17:08:36 INFO  no build target found for /home/tchx/Documents/scala-coursera/progfun1-example/example/src/main/scala/example/Lists.scala. Using presentation compiler with project's scala-library version: 3.3.3
2024.07.21 17:08:41 INFO  no build target found for /home/tchx/Documents/scala-coursera/progfun1-example/example/src/main/scala/main.scala. Using presentation compiler with project's scala-library version: 3.3.3
2024.07.21 17:08:42 INFO  no build target found for /home/tchx/Documents/scala-coursera/progfun1-example/example/src/main/scala/main.scala. Using presentation compiler with project's scala-library version: 3.3.3
2024.07.21 17:08:44 INFO  no build target found for /home/tchx/Documents/scala-coursera/progfun1-example/example/src/main/scala/main.scala. Using presentation compiler with project's scala-library version: 3.3.3
2024.07.21 17:08:44 INFO  no build target found for /home/tchx/Documents/scala-coursera/progfun1-example/example/src/main/scala/main.scala. Using presentation compiler with project's scala-library version: 3.3.3
2024.07.21 17:08:44 INFO  no build target found for /home/tchx/Documents/scala-coursera/progfun1-example/example/src/main/scala/main.scala. Using presentation compiler with project's scala-library version: 3.3.3
2024.07.21 17:08:44 INFO  no build target found for /home/tchx/Documents/scala-coursera/progfun1-example/example/src/main/scala/main.scala. Using presentation compiler with project's scala-library version: 3.3.3
2024.07.21 17:08:44 INFO  no build target found for /home/tchx/Documents/scala-coursera/progfun1-example/example/src/main/scala/main.scala. Using presentation compiler with project's scala-library version: 3.3.3
2024.07.21 17:08:46 WARN  no build target for: /home/tchx/Documents/scala-coursera/progfun1-example/example/src/main/scala/main.scala
2024.07.21 17:08:46 INFO  no build target found for /home/tchx/Documents/scala-coursera/progfun1-example/example/src/main/scala/main.scala. Using presentation compiler with project's scala-library version: 3.3.3
2024.07.21 17:08:46 INFO  no build target found for /home/tchx/Documents/scala-coursera/progfun1-example/example/src/main/scala/main.scala. Using presentation compiler with project's scala-library version: 3.3.3
2024.07.21 17:08:47 INFO  no build target found for /home/tchx/Documents/scala-coursera/progfun1-example/example/src/main/scala/main.scala. Using presentation compiler with project's scala-library version: 3.3.3
Jul 21, 2024 5:08:47 PM org.eclipse.lsp4j.jsonrpc.RemoteEndpoint handleCancellation
WARNING: Unmatched cancel notification for request id 182
2024.07.21 17:08:48 INFO  no build target found for /home/tchx/Documents/scala-coursera/progfun1-example/example/src/main/scala/example/Lists.scala. Using presentation compiler with project's scala-library version: 3.3.3
2024.07.21 17:08:50 INFO  no build target found for /home/tchx/Documents/scala-coursera/progfun1-example/example/src/main/scala/example/Lists.scala. Using presentation compiler with project's scala-library version: 3.3.3
2024.07.21 17:08:50 INFO  no build target found for /home/tchx/Documents/scala-coursera/progfun1-example/example/src/main/scala/example/Lists.scala. Using presentation compiler with project's scala-library version: 3.3.3
2024.07.21 17:08:52 INFO  no build target found for /home/tchx/Documents/scala-coursera/progfun1-example/example/src/main/scala/example/Lists.scala. Using presentation compiler with project's scala-library version: 3.3.3
2024.07.21 17:08:52 INFO  no build target found for /home/tchx/Documents/scala-coursera/progfun1-example/example/src/main/scala/example/Lists.scala. Using presentation compiler with project's scala-library version: 3.3.3
2024.07.21 17:08:52 INFO  no build target found for /home/tchx/Documents/scala-coursera/progfun1-example/example/src/main/scala/example/Lists.scala. Using presentation compiler with project's scala-library version: 3.3.3
2024.07.21 17:08:52 INFO  no build target found for /home/tchx/Documents/scala-coursera/progfun1-example/example/src/main/scala/example/Lists.scala. Using presentation compiler with project's scala-library version: 3.3.3
2024.07.21 17:08:53 INFO  no build target found for /home/tchx/Documents/scala-coursera/progfun1-example/example/src/main/scala/example/Lists.scala. Using presentation compiler with project's scala-library version: 3.3.3
2024.07.21 17:08:52 INFO  no build target found for /home/tchx/Documents/scala-coursera/progfun1-example/example/src/main/scala/example/Lists.scala. Using presentation compiler with project's scala-library version: 3.3.3
2024.07.21 17:08:53 INFO  no build target found for /home/tchx/Documents/scala-coursera/progfun1-example/example/src/main/scala/example/Lists.scala. Using presentation compiler with project's scala-library version: 3.3.3
2024.07.21 17:08:53 INFO  no build target found for /home/tchx/Documents/scala-coursera/progfun1-example/example/src/main/scala/example/Lists.scala. Using presentation compiler with project's scala-library version: 3.3.3
2024.07.21 17:08:54 INFO  no build target found for /home/tchx/Documents/scala-coursera/progfun1-example/example/src/main/scala/example/Lists.scala. Using presentation compiler with project's scala-library version: 3.3.3
2024.07.21 17:08:53 INFO  no build target found for /home/tchx/Documents/scala-coursera/progfun1-example/example/src/main/scala/example/Lists.scala. Using presentation compiler with project's scala-library version: 3.3.3
2024.07.21 17:08:53 INFO  no build target found for /home/tchx/Documents/scala-coursera/progfun1-example/example/src/main/scala/example/Lists.scala. Using presentation compiler with project's scala-library version: 3.3.3
2024.07.21 17:08:54 INFO  no build target found for /home/tchx/Documents/scala-coursera/progfun1-example/example/src/main/scala/example/Lists.scala. Using presentation compiler with project's scala-library version: 3.3.3
2024.07.21 17:08:54 INFO  no build target found for /home/tchx/Documents/scala-coursera/progfun1-example/example/src/main/scala/example/Lists.scala. Using presentation compiler with project's scala-library version: 3.3.3
2024.07.21 17:08:54 INFO  no build target found for /home/tchx/Documents/scala-coursera/progfun1-example/example/src/main/scala/example/Lists.scala. Using presentation compiler with project's scala-library version: 3.3.3
2024.07.21 17:08:54 INFO  no build target found for /home/tchx/Documents/scala-coursera/progfun1-example/example/src/main/scala/example/Lists.scala. Using presentation compiler with project's scala-library version: 3.3.3
2024.07.21 17:08:55 INFO  no build target found for /home/tchx/Documents/scala-coursera/progfun1-example/example/src/main/scala/example/Lists.scala. Using presentation compiler with project's scala-library version: 3.3.3
2024.07.21 17:09:17 INFO  no build target found for /home/tchx/Documents/scala-coursera/progfun1-example/example/src/main/scala/example/Lists.scala. Using presentation compiler with project's scala-library version: 3.3.3
2024.07.21 17:09:17 INFO  no build target found for /home/tchx/Documents/scala-coursera/progfun1-example/example/src/main/scala/example/Lists.scala. Using presentation compiler with project's scala-library version: 3.3.3
2024.07.21 17:09:17 INFO  no build target found for /home/tchx/Documents/scala-coursera/progfun1-example/example/src/main/scala/example/Lists.scala. Using presentation compiler with project's scala-library version: 3.3.3
2024.07.21 17:09:17 INFO  no build target found for /home/tchx/Documents/scala-coursera/progfun1-example/example/src/main/scala/example/Lists.scala. Using presentation compiler with project's scala-library version: 3.3.3
2024.07.21 17:09:18 INFO  no build target found for /home/tchx/Documents/scala-coursera/progfun1-example/example/src/main/scala/example/Lists.scala. Using presentation compiler with project's scala-library version: 3.3.3
2024.07.21 17:09:18 INFO  no build target found for /home/tchx/Documents/scala-coursera/progfun1-example/example/src/main/scala/example/Lists.scala. Using presentation compiler with project's scala-library version: 3.3.3
2024.07.21 17:09:18 INFO  no build target found for /home/tchx/Documents/scala-coursera/progfun1-example/example/src/main/scala/example/Lists.scala. Using presentation compiler with project's scala-library version: 3.3.3
2024.07.21 17:09:21 INFO  no build target found for /home/tchx/Documents/scala-coursera/progfun1-example/example/src/main/scala/example/Lists.scala. Using presentation compiler with project's scala-library version: 3.3.3
2024.07.21 17:09:21 INFO  no build target found for /home/tchx/Documents/scala-coursera/progfun1-example/example/src/main/scala/example/Lists.scala. Using presentation compiler with project's scala-library version: 3.3.3
2024.07.21 17:09:22 INFO  no build target found for /home/tchx/Documents/scala-coursera/progfun1-example/example/src/main/scala/example/Lists.scala. Using presentation compiler with project's scala-library version: 3.3.3
2024.07.21 17:09:21 INFO  no build target found for /home/tchx/Documents/scala-coursera/progfun1-example/example/src/main/scala/example/Lists.scala. Using presentation compiler with project's scala-library version: 3.3.3
2024.07.21 17:09:21 INFO  no build target found for /home/tchx/Documents/scala-coursera/progfun1-example/example/src/main/scala/example/Lists.scala. Using presentation compiler with project's scala-library version: 3.3.3
2024.07.21 17:09:22 INFO  no build target found for /home/tchx/Documents/scala-coursera/progfun1-example/example/src/main/scala/example/Lists.scala. Using presentation compiler with project's scala-library version: 3.3.3
2024.07.21 17:09:21 INFO  no build target found for /home/tchx/Documents/scala-coursera/progfun1-example/example/src/main/scala/example/Lists.scala. Using presentation compiler with project's scala-library version: 3.3.3
2024.07.21 17:09:21 INFO  no build target found for /home/tchx/Documents/scala-coursera/progfun1-example/example/src/main/scala/example/Lists.scala. Using presentation compiler with project's scala-library version: 3.3.3
2024.07.21 17:09:21 INFO  no build target found for /home/tchx/Documents/scala-coursera/progfun1-example/example/src/main/scala/example/Lists.scala. Using presentation compiler with project's scala-library version: 3.3.3
2024.07.21 17:09:21 INFO  no build target found for /home/tchx/Documents/scala-coursera/progfun1-example/example/src/main/scala/example/Lists.scala. Using presentation compiler with project's scala-library version: 3.3.3
2024.07.21 17:09:22 INFO  no build target found for /home/tchx/Documents/scala-coursera/progfun1-example/example/src/main/scala/example/Lists.scala. Using presentation compiler with project's scala-library version: 3.3.3
2024.07.21 17:09:23 INFO  no build target found for /home/tchx/Documents/scala-coursera/progfun1-example/example/src/main/scala/example/Lists.scala. Using presentation compiler with project's scala-library version: 3.3.3
2024.07.21 17:09:23 INFO  no build target found for /home/tchx/Documents/scala-coursera/progfun1-example/example/src/main/scala/example/Lists.scala. Using presentation compiler with project's scala-library version: 3.3.3
2024.07.21 17:09:23 INFO  no build target found for /home/tchx/Documents/scala-coursera/progfun1-example/example/src/main/scala/example/Lists.scala. Using presentation compiler with project's scala-library version: 3.3.3
2024.07.21 17:09:23 INFO  no build target found for /home/tchx/Documents/scala-coursera/progfun1-example/example/src/main/scala/example/Lists.scala. Using presentation compiler with project's scala-library version: 3.3.3
2024.07.21 17:09:23 INFO  no build target found for /home/tchx/Documents/scala-coursera/progfun1-example/example/src/main/scala/example/Lists.scala. Using presentation compiler with project's scala-library version: 3.3.3
2024.07.21 17:09:23 INFO  no build target found for /home/tchx/Documents/scala-coursera/progfun1-example/example/src/main/scala/example/Lists.scala. Using presentation compiler with project's scala-library version: 3.3.3
2024.07.21 17:09:24 INFO  no build target found for /home/tchx/Documents/scala-coursera/progfun1-example/example/src/main/scala/example/Lists.scala. Using presentation compiler with project's scala-library version: 3.3.3
2024.07.21 17:09:24 INFO  no build target found for /home/tchx/Documents/scala-coursera/progfun1-example/example/src/main/scala/example/Lists.scala. Using presentation compiler with project's scala-library version: 3.3.3
2024.07.21 17:09:24 INFO  no build target found for /home/tchx/Documents/scala-coursera/progfun1-example/example/src/main/scala/example/Lists.scala. Using presentation compiler with project's scala-library version: 3.3.3
2024.07.21 17:09:25 INFO  no build target found for /home/tchx/Documents/scala-coursera/progfun1-example/example/src/main/scala/example/Lists.scala. Using presentation compiler with project's scala-library version: 3.3.3
2024.07.21 17:09:26 INFO  no build target found for /home/tchx/Documents/scala-coursera/progfun1-example/example/src/main/scala/example/Lists.scala. Using presentation compiler with project's scala-library version: 3.3.3
2024.07.21 17:09:26 INFO  no build target found for /home/tchx/Documents/scala-coursera/progfun1-example/example/src/main/scala/example/Lists.scala. Using presentation compiler with project's scala-library version: 3.3.3
2024.07.21 17:09:27 INFO  no build target found for /home/tchx/Documents/scala-coursera/progfun1-example/example/src/main/scala/example/Lists.scala. Using presentation compiler with project's scala-library version: 3.3.3
2024.07.21 17:09:27 INFO  no build target found for /home/tchx/Documents/scala-coursera/progfun1-example/example/src/main/scala/example/Lists.scala. Using presentation compiler with project's scala-library version: 3.3.3
2024.07.21 17:09:27 INFO  no build target found for /home/tchx/Documents/scala-coursera/progfun1-example/example/src/main/scala/example/Lists.scala. Using presentation compiler with project's scala-library version: 3.3.3
2024.07.21 17:09:27 INFO  no build target found for /home/tchx/Documents/scala-coursera/progfun1-example/example/src/main/scala/example/Lists.scala. Using presentation compiler with project's scala-library version: 3.3.3
2024.07.21 17:09:27 INFO  no build target found for /home/tchx/Documents/scala-coursera/progfun1-example/example/src/main/scala/example/Lists.scala. Using presentation compiler with project's scala-library version: 3.3.3
2024.07.21 17:09:27 INFO  no build target found for /home/tchx/Documents/scala-coursera/progfun1-example/example/src/main/scala/example/Lists.scala. Using presentation compiler with project's scala-library version: 3.3.3
2024.07.21 17:09:28 INFO  no build target found for /home/tchx/Documents/scala-coursera/progfun1-example/example/src/main/scala/example/Lists.scala. Using presentation compiler with project's scala-library version: 3.3.3
2024.07.21 17:09:28 INFO  no build target found for /home/tchx/Documents/scala-coursera/progfun1-example/example/src/main/scala/example/Lists.scala. Using presentation compiler with project's scala-library version: 3.3.3
2024.07.21 17:09:29 INFO  no build target found for /home/tchx/Documents/scala-coursera/progfun1-example/example/src/main/scala/example/Lists.scala. Using presentation compiler with project's scala-library version: 3.3.3
2024.07.21 17:09:28 INFO  no build target found for /home/tchx/Documents/scala-coursera/progfun1-example/example/src/main/scala/example/Lists.scala. Using presentation compiler with project's scala-library version: 3.3.3
2024.07.21 17:09:29 INFO  no build target found for /home/tchx/Documents/scala-coursera/progfun1-example/example/src/main/scala/example/Lists.scala. Using presentation compiler with project's scala-library version: 3.3.3
2024.07.21 17:09:32 INFO  no build target found for /home/tchx/Documents/scala-coursera/progfun1-example/example/src/main/scala/example/Lists.scala. Using presentation compiler with project's scala-library version: 3.3.3
2024.07.21 17:09:32 INFO  no build target found for /home/tchx/Documents/scala-coursera/progfun1-example/example/src/main/scala/example/Lists.scala. Using presentation compiler with project's scala-library version: 3.3.3
2024.07.21 17:10:11 INFO  no build target found for /home/tchx/Documents/scala-coursera/progfun1-example/example/src/main/scala/example/Lists.scala. Using presentation compiler with project's scala-library version: 3.3.3
2024.07.21 17:10:12 INFO  no build target found for /home/tchx/Documents/scala-coursera/progfun1-example/example/src/main/scala/example/Lists.scala. Using presentation compiler with project's scala-library version: 3.3.3
2024.07.21 17:10:11 INFO  no build target found for /home/tchx/Documents/scala-coursera/progfun1-example/example/src/main/scala/example/Lists.scala. Using presentation compiler with project's scala-library version: 3.3.3
2024.07.21 17:10:12 INFO  no build target found for /home/tchx/Documents/scala-coursera/progfun1-example/example/src/main/scala/example/Lists.scala. Using presentation compiler with project's scala-library version: 3.3.3
2024.07.21 17:10:13 INFO  no build target found for /home/tchx/Documents/scala-coursera/progfun1-example/example/src/main/scala/example/Lists.scala. Using presentation compiler with project's scala-library version: 3.3.3
2024.07.21 17:10:13 INFO  no build target found for /home/tchx/Documents/scala-coursera/progfun1-example/example/src/main/scala/example/Lists.scala. Using presentation compiler with project's scala-library version: 3.3.3
2024.07.21 17:10:13 INFO  no build target found for /home/tchx/Documents/scala-coursera/progfun1-example/example/src/main/scala/example/Lists.scala. Using presentation compiler with project's scala-library version: 3.3.3
2024.07.21 17:10:13 INFO  no build target found for /home/tchx/Documents/scala-coursera/progfun1-example/example/src/main/scala/example/Lists.scala. Using presentation compiler with project's scala-library version: 3.3.3
2024.07.21 17:10:13 INFO  no build target found for /home/tchx/Documents/scala-coursera/progfun1-example/example/src/main/scala/example/Lists.scala. Using presentation compiler with project's scala-library version: 3.3.3
2024.07.21 17:10:14 INFO  no build target found for /home/tchx/Documents/scala-coursera/progfun1-example/example/src/main/scala/example/Lists.scala. Using presentation compiler with project's scala-library version: 3.3.3
2024.07.21 17:10:14 INFO  no build target found for /home/tchx/Documents/scala-coursera/progfun1-example/example/src/main/scala/example/Lists.scala. Using presentation compiler with project's scala-library version: 3.3.3
2024.07.21 17:10:15 INFO  no build target found for /home/tchx/Documents/scala-coursera/progfun1-example/example/src/main/scala/example/Lists.scala. Using presentation compiler with project's scala-library version: 3.3.3
2024.07.21 17:10:14 INFO  no build target found for /home/tchx/Documents/scala-coursera/progfun1-example/example/src/main/scala/example/Lists.scala. Using presentation compiler with project's scala-library version: 3.3.3
2024.07.21 17:10:14 INFO  no build target found for /home/tchx/Documents/scala-coursera/progfun1-example/example/src/main/scala/example/Lists.scala. Using presentation compiler with project's scala-library version: 3.3.3
2024.07.21 17:10:14 INFO  no build target found for /home/tchx/Documents/scala-coursera/progfun1-example/example/src/main/scala/example/Lists.scala. Using presentation compiler with project's scala-library version: 3.3.3
2024.07.21 17:10:14 INFO  no build target found for /home/tchx/Documents/scala-coursera/progfun1-example/example/src/main/scala/example/Lists.scala. Using presentation compiler with project's scala-library version: 3.3.3
2024.07.21 17:10:15 INFO  no build target found for /home/tchx/Documents/scala-coursera/progfun1-example/example/src/main/scala/example/Lists.scala. Using presentation compiler with project's scala-library version: 3.3.3
2024.07.21 17:10:14 INFO  no build target found for /home/tchx/Documents/scala-coursera/progfun1-example/example/src/main/scala/example/Lists.scala. Using presentation compiler with project's scala-library version: 3.3.3
2024.07.21 17:10:14 INFO  no build target found for /home/tchx/Documents/scala-coursera/progfun1-example/example/src/main/scala/example/Lists.scala. Using presentation compiler with project's scala-library version: 3.3.3
2024.07.21 17:10:15 INFO  no build target found for /home/tchx/Documents/scala-coursera/progfun1-example/example/src/main/scala/example/Lists.scala. Using presentation compiler with project's scala-library version: 3.3.3
2024.07.21 17:10:16 INFO  no build target found for /home/tchx/Documents/scala-coursera/progfun1-example/example/src/main/scala/example/Lists.scala. Using presentation compiler with project's scala-library version: 3.3.3
2024.07.21 17:10:16 INFO  no build target found for /home/tchx/Documents/scala-coursera/progfun1-example/example/src/main/scala/example/Lists.scala. Using presentation compiler with project's scala-library version: 3.3.3
2024.07.21 17:10:16 INFO  no build target found for /home/tchx/Documents/scala-coursera/progfun1-example/example/src/main/scala/example/Lists.scala. Using presentation compiler with project's scala-library version: 3.3.3
2024.07.21 17:10:16 INFO  no build target found for /home/tchx/Documents/scala-coursera/progfun1-example/example/src/main/scala/example/Lists.scala. Using presentation compiler with project's scala-library version: 3.3.3
2024.07.21 17:10:17 INFO  no build target found for /home/tchx/Documents/scala-coursera/progfun1-example/example/src/main/scala/example/Lists.scala. Using presentation compiler with project's scala-library version: 3.3.3
2024.07.21 17:10:17 INFO  no build target found for /home/tchx/Documents/scala-coursera/progfun1-example/example/src/main/scala/example/Lists.scala. Using presentation compiler with project's scala-library version: 3.3.3
2024.07.21 17:10:17 INFO  no build target found for /home/tchx/Documents/scala-coursera/progfun1-example/example/src/main/scala/example/Lists.scala. Using presentation compiler with project's scala-library version: 3.3.3
2024.07.21 17:10:17 INFO  no build target found for /home/tchx/Documents/scala-coursera/progfun1-example/example/src/main/scala/example/Lists.scala. Using presentation compiler with project's scala-library version: 3.3.3
2024.07.21 17:10:17 INFO  no build target found for /home/tchx/Documents/scala-coursera/progfun1-example/example/src/main/scala/example/Lists.scala. Using presentation compiler with project's scala-library version: 3.3.3
2024.07.21 17:10:17 INFO  no build target found for /home/tchx/Documents/scala-coursera/progfun1-example/example/src/main/scala/example/Lists.scala. Using presentation compiler with project's scala-library version: 3.3.3
2024.07.21 17:10:17 INFO  no build target found for /home/tchx/Documents/scala-coursera/progfun1-example/example/src/main/scala/example/Lists.scala. Using presentation compiler with project's scala-library version: 3.3.3
2024.07.21 17:10:18 INFO  no build target found for /home/tchx/Documents/scala-coursera/progfun1-example/example/src/main/scala/example/Lists.scala. Using presentation compiler with project's scala-library version: 3.3.3
2024.07.21 17:10:17 INFO  no build target found for /home/tchx/Documents/scala-coursera/progfun1-example/example/src/main/scala/example/Lists.scala. Using presentation compiler with project's scala-library version: 3.3.3
2024.07.21 17:10:18 INFO  no build target found for /home/tchx/Documents/scala-coursera/progfun1-example/example/src/main/scala/example/Lists.scala. Using presentation compiler with project's scala-library version: 3.3.3
2024.07.21 17:10:28 INFO  no build target found for /home/tchx/Documents/scala-coursera/progfun1-example/example/src/main/scala/example/Lists.scala. Using presentation compiler with project's scala-library version: 3.3.3
2024.07.21 17:10:28 INFO  no build target found for /home/tchx/Documents/scala-coursera/progfun1-example/example/src/main/scala/example/Lists.scala. Using presentation compiler with project's scala-library version: 3.3.3
2024.07.21 17:10:28 INFO  no build target found for /home/tchx/Documents/scala-coursera/progfun1-example/example/src/main/scala/example/Lists.scala. Using presentation compiler with project's scala-library version: 3.3.3
2024.07.21 17:10:28 INFO  no build target found for /home/tchx/Documents/scala-coursera/progfun1-example/example/src/main/scala/example/Lists.scala. Using presentation compiler with project's scala-library version: 3.3.3
2024.07.21 17:10:28 INFO  no build target found for /home/tchx/Documents/scala-coursera/progfun1-example/example/src/main/scala/example/Lists.scala. Using presentation compiler with project's scala-library version: 3.3.3
2024.07.21 17:10:28 INFO  no build target found for /home/tchx/Documents/scala-coursera/progfun1-example/example/src/main/scala/example/Lists.scala. Using presentation compiler with project's scala-library version: 3.3.3
2024.07.21 17:10:28 INFO  no build target found for /home/tchx/Documents/scala-coursera/progfun1-example/example/src/main/scala/example/Lists.scala. Using presentation compiler with project's scala-library version: 3.3.3
2024.07.21 17:10:28 INFO  no build target found for /home/tchx/Documents/scala-coursera/progfun1-example/example/src/main/scala/example/Lists.scala. Using presentation compiler with project's scala-library version: 3.3.3
2024.07.21 17:10:29 INFO  no build target found for /home/tchx/Documents/scala-coursera/progfun1-example/example/src/main/scala/example/Lists.scala. Using presentation compiler with project's scala-library version: 3.3.3
2024.07.21 17:10:29 INFO  no build target found for /home/tchx/Documents/scala-coursera/progfun1-example/example/src/main/scala/example/Lists.scala. Using presentation compiler with project's scala-library version: 3.3.3
2024.07.21 17:10:31 INFO  no build target found for /home/tchx/Documents/scala-coursera/progfun1-example/example/src/main/scala/example/Lists.scala. Using presentation compiler with project's scala-library version: 3.3.3
2024.07.21 17:10:31 INFO  no build target found for /home/tchx/Documents/scala-coursera/progfun1-example/example/src/main/scala/example/Lists.scala. Using presentation compiler with project's scala-library version: 3.3.3
2024.07.21 17:10:31 INFO  no build target found for /home/tchx/Documents/scala-coursera/progfun1-example/example/src/main/scala/example/Lists.scala. Using presentation compiler with project's scala-library version: 3.3.3
2024.07.21 17:10:31 INFO  no build target found for /home/tchx/Documents/scala-coursera/progfun1-example/example/src/main/scala/example/Lists.scala. Using presentation compiler with project's scala-library version: 3.3.3
2024.07.21 17:10:31 INFO  no build target found for /home/tchx/Documents/scala-coursera/progfun1-example/example/src/main/scala/example/Lists.scala. Using presentation compiler with project's scala-library version: 3.3.3
2024.07.21 17:10:31 INFO  no build target found for /home/tchx/Documents/scala-coursera/progfun1-example/example/src/main/scala/example/Lists.scala. Using presentation compiler with project's scala-library version: 3.3.3
2024.07.21 17:10:31 INFO  no build target found for /home/tchx/Documents/scala-coursera/progfun1-example/example/src/main/scala/example/Lists.scala. Using presentation compiler with project's scala-library version: 3.3.3
2024.07.21 17:10:31 INFO  no build target found for /home/tchx/Documents/scala-coursera/progfun1-example/example/src/main/scala/example/Lists.scala. Using presentation compiler with project's scala-library version: 3.3.3
2024.07.21 17:10:32 INFO  no build target found for /home/tchx/Documents/scala-coursera/progfun1-example/example/src/main/scala/example/Lists.scala. Using presentation compiler with project's scala-library version: 3.3.3
2024.07.21 17:10:31 INFO  no build target found for /home/tchx/Documents/scala-coursera/progfun1-example/example/src/main/scala/example/Lists.scala. Using presentation compiler with project's scala-library version: 3.3.3
2024.07.21 17:10:31 INFO  no build target found for /home/tchx/Documents/scala-coursera/progfun1-example/example/src/main/scala/example/Lists.scala. Using presentation compiler with project's scala-library version: 3.3.3
2024.07.21 17:10:32 INFO  no build target found for /home/tchx/Documents/scala-coursera/progfun1-example/example/src/main/scala/example/Lists.scala. Using presentation compiler with project's scala-library version: 3.3.3
2024.07.21 17:10:33 INFO  no build target found for /home/tchx/Documents/scala-coursera/progfun1-example/example/src/main/scala/example/Lists.scala. Using presentation compiler with project's scala-library version: 3.3.3
2024.07.21 17:10:33 INFO  no build target found for /home/tchx/Documents/scala-coursera/progfun1-example/example/src/main/scala/example/Lists.scala. Using presentation compiler with project's scala-library version: 3.3.3
2024.07.21 17:10:33 INFO  no build target found for /home/tchx/Documents/scala-coursera/progfun1-example/example/src/main/scala/example/Lists.scala. Using presentation compiler with project's scala-library version: 3.3.3
2024.07.21 17:10:33 INFO  no build target found for /home/tchx/Documents/scala-coursera/progfun1-example/example/src/main/scala/example/Lists.scala. Using presentation compiler with project's scala-library version: 3.3.3
2024.07.21 17:10:33 INFO  no build target found for /home/tchx/Documents/scala-coursera/progfun1-example/example/src/main/scala/example/Lists.scala. Using presentation compiler with project's scala-library version: 3.3.3
2024.07.21 17:10:33 INFO  no build target found for /home/tchx/Documents/scala-coursera/progfun1-example/example/src/main/scala/example/Lists.scala. Using presentation compiler with project's scala-library version: 3.3.3
2024.07.21 17:10:33 INFO  no build target found for /home/tchx/Documents/scala-coursera/progfun1-example/example/src/main/scala/example/Lists.scala. Using presentation compiler with project's scala-library version: 3.3.3
2024.07.21 17:10:33 INFO  no build target found for /home/tchx/Documents/scala-coursera/progfun1-example/example/src/main/scala/example/Lists.scala. Using presentation compiler with project's scala-library version: 3.3.3
2024.07.21 17:10:33 INFO  no build target found for /home/tchx/Documents/scala-coursera/progfun1-example/example/src/main/scala/example/Lists.scala. Using presentation compiler with project's scala-library version: 3.3.3
2024.07.21 17:10:33 INFO  no build target found for /home/tchx/Documents/scala-coursera/progfun1-example/example/src/main/scala/example/Lists.scala. Using presentation compiler with project's scala-library version: 3.3.3
2024.07.21 17:10:34 INFO  no build target found for /home/tchx/Documents/scala-coursera/progfun1-example/example/src/main/scala/example/Lists.scala. Using presentation compiler with project's scala-library version: 3.3.3
2024.07.21 17:10:34 INFO  no build target found for /home/tchx/Documents/scala-coursera/progfun1-example/example/src/main/scala/example/Lists.scala. Using presentation compiler with project's scala-library version: 3.3.3
2024.07.21 17:10:34 INFO  no build target found for /home/tchx/Documents/scala-coursera/progfun1-example/example/src/main/scala/example/Lists.scala. Using presentation compiler with project's scala-library version: 3.3.3
2024.07.21 17:10:35 INFO  no build target found for /home/tchx/Documents/scala-coursera/progfun1-example/example/src/main/scala/example/Lists.scala. Using presentation compiler with project's scala-library version: 3.3.3
2024.07.21 17:10:34 INFO  no build target found for /home/tchx/Documents/scala-coursera/progfun1-example/example/src/main/scala/example/Lists.scala. Using presentation compiler with project's scala-library version: 3.3.3
2024.07.21 17:10:34 INFO  no build target found for /home/tchx/Documents/scala-coursera/progfun1-example/example/src/main/scala/example/Lists.scala. Using presentation compiler with project's scala-library version: 3.3.3
2024.07.21 17:10:34 INFO  no build target found for /home/tchx/Documents/scala-coursera/progfun1-example/example/src/main/scala/example/Lists.scala. Using presentation compiler with project's scala-library version: 3.3.3
2024.07.21 17:10:34 INFO  no build target found for /home/tchx/Documents/scala-coursera/progfun1-example/example/src/main/scala/example/Lists.scala. Using presentation compiler with project's scala-library version: 3.3.3
2024.07.21 17:10:34 INFO  no build target found for /home/tchx/Documents/scala-coursera/progfun1-example/example/src/main/scala/example/Lists.scala. Using presentation compiler with project's scala-library version: 3.3.3
2024.07.21 17:10:34 INFO  no build target found for /home/tchx/Documents/scala-coursera/progfun1-example/example/src/main/scala/example/Lists.scala. Using presentation compiler with project's scala-library version: 3.3.3
2024.07.21 17:10:35 INFO  no build target found for /home/tchx/Documents/scala-coursera/progfun1-example/example/src/main/scala/example/Lists.scala. Using presentation compiler with project's scala-library version: 3.3.3
2024.07.21 17:10:34 INFO  no build target found for /home/tchx/Documents/scala-coursera/progfun1-example/example/src/main/scala/example/Lists.scala. Using presentation compiler with project's scala-library version: 3.3.3
2024.07.21 17:10:34 INFO  no build target found for /home/tchx/Documents/scala-coursera/progfun1-example/example/src/main/scala/example/Lists.scala. Using presentation compiler with project's scala-library version: 3.3.3
2024.07.21 17:10:34 INFO  no build target found for /home/tchx/Documents/scala-coursera/progfun1-example/example/src/main/scala/example/Lists.scala. Using presentation compiler with project's scala-library version: 3.3.3
2024.07.21 17:10:35 INFO  no build target found for /home/tchx/Documents/scala-coursera/progfun1-example/example/src/main/scala/example/Lists.scala. Using presentation compiler with project's scala-library version: 3.3.3
2024.07.21 17:10:35 INFO  no build target found for /home/tchx/Documents/scala-coursera/progfun1-example/example/src/main/scala/example/Lists.scala. Using presentation compiler with project's scala-library version: 3.3.3
2024.07.21 17:10:35 INFO  no build target found for /home/tchx/Documents/scala-coursera/progfun1-example/example/src/main/scala/example/Lists.scala. Using presentation compiler with project's scala-library version: 3.3.3
2024.07.21 17:10:35 INFO  no build target found for /home/tchx/Documents/scala-coursera/progfun1-example/example/src/main/scala/example/Lists.scala. Using presentation compiler with project's scala-library version: 3.3.3
2024.07.21 17:10:36 INFO  no build target found for /home/tchx/Documents/scala-coursera/progfun1-example/example/src/main/scala/example/Lists.scala. Using presentation compiler with project's scala-library version: 3.3.3
2024.07.21 17:10:37 INFO  no build target found for /home/tchx/Documents/scala-coursera/progfun1-example/example/src/main/scala/example/Lists.scala. Using presentation compiler with project's scala-library version: 3.3.3
2024.07.21 17:10:37 INFO  no build target found for /home/tchx/Documents/scala-coursera/progfun1-example/example/src/main/scala/example/Lists.scala. Using presentation compiler with project's scala-library version: 3.3.3
2024.07.21 17:10:37 INFO  no build target found for /home/tchx/Documents/scala-coursera/progfun1-example/example/src/main/scala/example/Lists.scala. Using presentation compiler with project's scala-library version: 3.3.3
2024.07.21 17:10:37 INFO  no build target found for /home/tchx/Documents/scala-coursera/progfun1-example/example/src/main/scala/example/Lists.scala. Using presentation compiler with project's scala-library version: 3.3.3
2024.07.21 17:10:37 INFO  no build target found for /home/tchx/Documents/scala-coursera/progfun1-example/example/src/main/scala/example/Lists.scala. Using presentation compiler with project's scala-library version: 3.3.3
2024.07.21 17:10:39 INFO  no build target found for /home/tchx/Documents/scala-coursera/progfun1-example/example/src/main/scala/example/Lists.scala. Using presentation compiler with project's scala-library version: 3.3.3
2024.07.21 17:10:42 INFO  no build target found for /home/tchx/Documents/scala-coursera/progfun1-example/example/src/main/scala/example/Lists.scala. Using presentation compiler with project's scala-library version: 3.3.3
2024.07.21 17:10:48 INFO  no build target found for /home/tchx/Documents/scala-coursera/progfun1-example/example/src/main/scala/example/Lists.scala. Using presentation compiler with project's scala-library version: 3.3.3
2024.07.21 17:10:48 INFO  no build target found for /home/tchx/Documents/scala-coursera/progfun1-example/example/src/main/scala/example/Lists.scala. Using presentation compiler with project's scala-library version: 3.3.3
2024.07.21 17:10:48 INFO  no build target found for /home/tchx/Documents/scala-coursera/progfun1-example/example/src/main/scala/example/Lists.scala. Using presentation compiler with project's scala-library version: 3.3.3
2024.07.21 17:10:51 WARN  no build target for: /home/tchx/Documents/scala-coursera/progfun1-example/example/src/main/scala/example/Lists.scala
2024.07.21 17:10:51 INFO  no build target found for /home/tchx/Documents/scala-coursera/progfun1-example/example/src/main/scala/example/Lists.scala. Using presentation compiler with project's scala-library version: 3.3.3
2024.07.21 17:10:51 INFO  no build target found for /home/tchx/Documents/scala-coursera/progfun1-example/example/src/main/scala/example/Lists.scala. Using presentation compiler with project's scala-library version: 3.3.3
2024.07.21 17:12:53 INFO  no build target found for /home/tchx/Documents/scala-coursera/progfun1-example/example/src/main/scala/example/Lists.scala. Using presentation compiler with project's scala-library version: 3.3.3
2024.07.21 17:12:54 INFO  no build target found for /home/tchx/Documents/scala-coursera/progfun1-example/example/project/plugins.sbt. Using presentation compiler with project's scala-library version: 3.3.3
2024.07.21 17:12:54 WARN  Could not find semantic tokens for: file:///home/tchx/Documents/scala-coursera/progfun1-example/example/project/plugins.sbt
2024.07.21 17:13:07 INFO  no build target found for /home/tchx/Documents/scala-coursera/progfun1-example/example/project/plugins.sbt. Using presentation compiler with project's scala-library version: 3.3.3
2024.07.21 17:13:08 INFO  no build target found for /home/tchx/Documents/scala-coursera/progfun1-example/example/project/plugins.sbt. Using presentation compiler with project's scala-library version: 3.3.3
2024.07.21 17:13:08 WARN  Could not find semantic tokens for: file:///home/tchx/Documents/scala-coursera/progfun1-example/example/project/plugins.sbt
2024.07.21 17:13:07 INFO  no build target found for /home/tchx/Documents/scala-coursera/progfun1-example/example/project/plugins.sbt. Using presentation compiler with project's scala-library version: 3.3.3
2024.07.21 17:13:08 INFO  no build target found for /home/tchx/Documents/scala-coursera/progfun1-example/example/project/plugins.sbt. Using presentation compiler with project's scala-library version: 3.3.3
2024.07.21 17:13:08 WARN  Could not find semantic tokens for: file:///home/tchx/Documents/scala-coursera/progfun1-example/example/project/plugins.sbt
2024.07.21 17:13:09 WARN  no build target for: /home/tchx/Documents/scala-coursera/progfun1-example/example/project/plugins.sbt
2024.07.21 17:13:09 INFO  no build target found for /home/tchx/Documents/scala-coursera/progfun1-example/example/project/plugins.sbt. Using presentation compiler with project's scala-library version: 3.3.3
2024.07.21 17:13:09 INFO  no build target found for /home/tchx/Documents/scala-coursera/progfun1-example/example/project/plugins.sbt. Using presentation compiler with project's scala-library version: 3.3.3
2024.07.21 17:13:09 WARN  Could not find semantic tokens for: file:///home/tchx/Documents/scala-coursera/progfun1-example/example/project/plugins.sbt
2024.07.21 17:15:19 INFO  no build target found for /home/tchx/Documents/scala-coursera/progfun1-example/example/src/main/scala/example/Lists.scala. Using presentation compiler with project's scala-library version: 3.3.3
2024.07.21 17:15:19 INFO  no build target found for /home/tchx/Documents/scala-coursera/progfun1-example/example/src/main/scala/example/Lists.scala. Using presentation compiler with project's scala-library version: 3.3.3
2024.07.21 17:15:21 WARN  no build target for: /home/tchx/Documents/scala-coursera/progfun1-example/example/src/main/scala/example/Lists.scala
2024.07.21 17:15:21 INFO  no build target found for /home/tchx/Documents/scala-coursera/progfun1-example/example/src/main/scala/example/Lists.scala. Using presentation compiler with project's scala-library version: 3.3.3
2024.07.21 17:15:22 WARN  no build target for: /home/tchx/Documents/scala-coursera/progfun1-example/example/src/main/scala/example/Lists.scala
2024.07.21 17:15:22 INFO  no build target found for /home/tchx/Documents/scala-coursera/progfun1-example/example/src/main/scala/example/Lists.scala. Using presentation compiler with project's scala-library version: 3.3.3
2024.07.21 17:15:24 INFO  no build target found for /home/tchx/Documents/scala-coursera/progfun1-example/example/src/main/scala/example/Lists.scala. Using presentation compiler with project's scala-library version: 3.3.3
2024.07.21 17:15:24 INFO  no build target found for /home/tchx/Documents/scala-coursera/progfun1-example/example/src/main/scala/example/Lists.scala. Using presentation compiler with project's scala-library version: 3.3.3
2024.07.21 17:15:24 INFO  no build target found for /home/tchx/Documents/scala-coursera/progfun1-example/example/src/main/scala/example/Lists.scala. Using presentation compiler with project's scala-library version: 3.3.3
2024.07.21 17:15:24 INFO  no build target found for /home/tchx/Documents/scala-coursera/progfun1-example/example/src/main/scala/example/Lists.scala. Using presentation compiler with project's scala-library version: 3.3.3
2024.07.21 17:15:24 INFO  no build target found for /home/tchx/Documents/scala-coursera/progfun1-example/example/src/main/scala/example/Lists.scala. Using presentation compiler with project's scala-library version: 3.3.3
2024.07.21 17:15:26 INFO  no build target found for /home/tchx/Documents/scala-coursera/progfun1-example/example/src/main/scala/example/Lists.scala. Using presentation compiler with project's scala-library version: 3.3.3
2024.07.21 17:15:26 INFO  no build target found for /home/tchx/Documents/scala-coursera/progfun1-example/example/src/main/scala/example/Lists.scala. Using presentation compiler with project's scala-library version: 3.3.3
2024.07.21 17:15:26 WARN  no build target for: /home/tchx/Documents/scala-coursera/progfun1-example/example/src/main/scala/example/Lists.scala
2024.07.21 17:15:26 INFO  no build target found for /home/tchx/Documents/scala-coursera/progfun1-example/example/src/main/scala/example/Lists.scala. Using presentation compiler with project's scala-library version: 3.3.3
2024.07.21 17:15:26 INFO  no build target found for /home/tchx/Documents/scala-coursera/progfun1-example/example/src/main/scala/example/Lists.scala. Using presentation compiler with project's scala-library version: 3.3.3
2024.07.21 17:15:29 INFO  no build target found for /home/tchx/Documents/scala-coursera/progfun1-example/example/src/main/scala/example/Lists.scala. Using presentation compiler with project's scala-library version: 3.3.3
2024.07.21 17:15:29 INFO  no build target found for /home/tchx/Documents/scala-coursera/progfun1-example/example/src/main/scala/example/Lists.scala. Using presentation compiler with project's scala-library version: 3.3.3
2024.07.21 17:15:29 WARN  no build target for: /home/tchx/Documents/scala-coursera/progfun1-example/example/src/main/scala/example/Lists.scala
2024.07.21 17:15:29 INFO  no build target found for /home/tchx/Documents/scala-coursera/progfun1-example/example/src/main/scala/example/Lists.scala. Using presentation compiler with project's scala-library version: 3.3.3
2024.07.21 17:15:29 INFO  no build target found for /home/tchx/Documents/scala-coursera/progfun1-example/example/src/main/scala/example/Lists.scala. Using presentation compiler with project's scala-library version: 3.3.3
2024.07.21 17:15:39 INFO  no build target found for /home/tchx/Documents/scala-coursera/progfun1-example/example/src/main/scala/example/Lists.scala. Using presentation compiler with project's scala-library version: 3.3.3
2024.07.21 17:15:48 INFO  no build target found for /home/tchx/Documents/scala-coursera/progfun1-example/example/src/main/scala/example/Lists.scala. Using presentation compiler with project's scala-library version: 3.3.3
2024.07.21 17:15:50 INFO  no build target found for /home/tchx/Documents/scala-coursera/progfun1-example/example/src/main/scala/example/Lists.scala. Using presentation compiler with project's scala-library version: 3.3.3
2024.07.21 17:15:53 INFO  no build target found for /home/tchx/Documents/scala-coursera/progfun1-example/example/src/main/scala/example/Lists.scala. Using presentation compiler with project's scala-library version: 3.3.3
2024.07.21 17:15:54 INFO  no build target found for /home/tchx/Documents/scala-coursera/progfun1-example/example/src/main/scala/example/Lists.scala. Using presentation compiler with project's scala-library version: 3.3.3
2024.07.21 17:17:03 INFO  Shutting down server
2024.07.21 17:17:03 INFO  shutting down Metals
2024.07.21 17:17:03 INFO  Exiting server
2024.07.21 17:17:12 INFO  Started: Metals version 1.3.3 in folders '/home/tchx/Documents/scala-coursera/progfun1-example' for client Visual Studio Code 1.91.1.
SLF4J(W): Class path contains multiple SLF4J providers.
SLF4J(W): Found provider [scribe.slf4j.ScribeServiceProvider@72e4c76d]
SLF4J(W): Found provider [ch.qos.logback.classic.spi.LogbackServiceProvider@4a303f6d]
SLF4J(W): See https://www.slf4j.org/codes.html#multiple_bindings for an explanation.
SLF4J(I): Actual provider is of type [scribe.slf4j.ScribeServiceProvider@72e4c76d]
2024.07.21 17:17:13 WARN  Flyway upgrade recommended: H2 2.2.224 is newer than this version of Flyway and support has not been tested. The latest supported version of H2 is 2.2.220.
2024.07.21 17:17:14 INFO  no build target found for /home/tchx/Documents/scala-coursera/progfun1-example/example/src/main/scala/example/Lists.scala. Using presentation compiler with project's scala-library version: 3.3.3
2024.07.21 17:17:13 INFO  no build target found for /home/tchx/Documents/scala-coursera/progfun1-example/example/src/main/scala/example/Lists.scala. Using presentation compiler with project's scala-library version: 3.3.3
Jul 21, 2024 5:17:15 PM org.eclipse.lsp4j.jsonrpc.services.GenericEndpoint notify
INFO: Unsupported notification method: $/setTrace
2024.07.21 17:17:22 INFO  running '/home/tchx/.local/share/coursier/bin/sbt -Dbloop.export-jar-classifiers=sources bloopInstall'
2024.07.21 17:17:22 INFO  copying runtime jar...
2024.07.21 17:17:27 ERROR [info] [launcher] getting org.scala-sbt sbt 1.8.2  (this may take some time)...
2024.07.21 17:17:32 INFO  no build target found for /home/tchx/Documents/scala-coursera/progfun1-example/example/src/main/scala/example/Lists.scala. Using presentation compiler with project's scala-library version: 3.3.3
2024.07.21 17:17:32 INFO  no build target found for /home/tchx/Documents/scala-coursera/progfun1-example/example/src/main/scala/example/Lists.scala. Using presentation compiler with project's scala-library version: 3.3.3
2024.07.21 17:17:32 INFO  no build target found for /home/tchx/Documents/scala-coursera/progfun1-example/example/src/main/scala/example/Lists.scala. Using presentation compiler with project's scala-library version: 3.3.3
2024.07.21 17:17:34 INFO  no build target found for /home/tchx/Documents/scala-coursera/progfun1-example/example/src/main/scala/example/Lists.scala. Using presentation compiler with project's scala-library version: 3.3.3
2024.07.21 17:17:35 WARN  no build target for: /home/tchx/Documents/scala-coursera/progfun1-example/example/src/main/scala/example/Lists.scala
2024.07.21 17:17:35 INFO  no build target found for /home/tchx/Documents/scala-coursera/progfun1-example/example/src/main/scala/example/Lists.scala. Using presentation compiler with project's scala-library version: 3.3.3
2024.07.21 17:17:35 INFO  no build target found for /home/tchx/Documents/scala-coursera/progfun1-example/example/src/main/scala/example/Lists.scala. Using presentation compiler with project's scala-library version: 3.3.3
2024.07.21 17:17:38 ERROR [info] [launcher] getting Scala 2.12.17 (for sbt)...
2024.07.21 17:17:38 INFO  [info] welcome to sbt 1.8.2 (Eclipse Adoptium Java 11.0.23)
2024.07.21 17:17:39 INFO  no build target found for /home/tchx/Documents/scala-coursera/progfun1-example/example/src/main/scala/example/Lists.scala. Using presentation compiler with project's scala-library version: 3.3.3
2024.07.21 17:17:40 INFO  no build target found for /home/tchx/Documents/scala-coursera/progfun1-example/example/src/main/scala/example/Lists.scala. Using presentation compiler with project's scala-library version: 3.3.3
2024.07.21 17:17:41 INFO  [info] loading settings for project example-build-build-build from metals.sbt ...
2024.07.21 17:17:41 INFO  [info] loading project definition from /home/tchx/Documents/scala-coursera/progfun1-example/example/project/project/project
2024.07.21 17:17:42 INFO  no build target found for /home/tchx/Documents/scala-coursera/progfun1-example/example/src/main/scala/example/Lists.scala. Using presentation compiler with project's scala-library version: 3.3.3
2024.07.21 17:17:42 INFO  no build target found for /home/tchx/Documents/scala-coursera/progfun1-example/example/src/main/scala/example/Lists.scala. Using presentation compiler with project's scala-library version: 3.3.3
Jul 21, 2024 5:17:42 PM org.eclipse.lsp4j.jsonrpc.RemoteEndpoint handleCancellation
WARNING: Unmatched cancel notification for request id 30
2024.07.21 17:17:43 WARN  no build target for: /home/tchx/Documents/scala-coursera/progfun1-example/example/src/main/scala/example/Lists.scala
2024.07.21 17:17:43 INFO  no build target found for /home/tchx/Documents/scala-coursera/progfun1-example/example/src/main/scala/example/Lists.scala. Using presentation compiler with project's scala-library version: 3.3.3
2024.07.21 17:17:43 INFO  no build target found for /home/tchx/Documents/scala-coursera/progfun1-example/example/src/main/scala/example/Lists.scala. Using presentation compiler with project's scala-library version: 3.3.3
2024.07.21 17:17:43 INFO  [info] loading settings for project example-build-build from metals.sbt ...
2024.07.21 17:17:43 INFO  [info] loading project definition from /home/tchx/Documents/scala-coursera/progfun1-example/example/project/project
2024.07.21 17:17:45 INFO  no build target found for /home/tchx/Documents/scala-coursera/progfun1-example/example/src/main/scala/example/Lists.scala. Using presentation compiler with project's scala-library version: 3.3.3
2024.07.21 17:17:47 INFO  [success] Generated .bloop/example-build-build.json
2024.07.21 17:17:47 INFO  [success] Total time: 3 s, completed Jul 21, 2024, 5:17:47 PM
2024.07.21 17:17:48 INFO  [info] loading settings for project example-build from buildSettings.sbt,metals.sbt,plugins.sbt ...
2024.07.21 17:17:48 INFO  [info] loading project definition from /home/tchx/Documents/scala-coursera/progfun1-example/example/project
2024.07.21 17:17:50 INFO  no build target found for /home/tchx/Documents/scala-coursera/progfun1-example/example/src/main/scala/example/Lists.scala. Using presentation compiler with project's scala-library version: 3.3.3
2024.07.21 17:17:50 INFO  no build target found for /home/tchx/Documents/scala-coursera/progfun1-example/example/src/main/scala/example/Lists.scala. Using presentation compiler with project's scala-library version: 3.3.3
2024.07.21 17:17:52 INFO  no build target found for /home/tchx/Documents/scala-coursera/progfun1-example/example/src/main/scala/example/Lists.scala. Using presentation compiler with project's scala-library version: 3.3.3
2024.07.21 17:17:52 INFO  no build target found for /home/tchx/Documents/scala-coursera/progfun1-example/example/src/main/scala/example/Lists.scala. Using presentation compiler with project's scala-library version: 3.3.3
2024.07.21 17:17:54 INFO  no build target found for /home/tchx/Documents/scala-coursera/progfun1-example/example/src/main/scala/example/Lists.scala. Using presentation compiler with project's scala-library version: 3.3.3
2024.07.21 17:17:55 INFO  [warn] 
2024.07.21 17:17:55 INFO  [warn] 	Note: Some unresolved dependencies have extra attributes.  Check that these dependencies exist with the requested attributes.
2024.07.21 17:17:55 INFO  [warn] 		org.scalameta:sbt-scalafmt:2.7.5 (sbtVersion=1.0, scalaVersion=2.12)
2024.07.21 17:17:55 INFO  [warn] 
2024.07.21 17:17:55 INFO  [warn] 	Note: Unresolved dependencies path:
2024.07.21 17:17:55 INFO  [error] Couldn't run bloopGenerate. The issue could be caused by failing to compile the project.
2024.07.21 17:17:55 INFO  [error] sbt.librarymanagement.ResolveException: Error downloading org.scalameta:sbt-scalafmt;sbtVersion=1.0;scalaVersion=2.12:2.7.5
2024.07.21 17:17:55 INFO  [error]   Not found
2024.07.21 17:17:55 INFO  [error]   Not found
2024.07.21 17:17:55 INFO  [error]   not found: https://repo1.maven.org/maven2/org/scalameta/sbt-scalafmt_2.12_1.0/2.7.5/sbt-scalafmt-2.7.5.pom
2024.07.21 17:17:55 INFO  [error]   not found: /home/tchx/.ivy2/localorg.scalameta/sbt-scalafmt/scala_2.12/sbt_1.0/2.7.5/ivys/ivy.xml
2024.07.21 17:17:55 INFO  [error]   not found: https://repo.scala-sbt.org/scalasbt/sbt-plugin-releases/org.scalameta/sbt-scalafmt/scala_2.12/sbt_1.0/2.7.5/ivys/ivy.xml
2024.07.21 17:17:55 INFO  [error]   not found: https://repo.typesafe.com/typesafe/ivy-releases/org.scalameta/sbt-scalafmt/scala_2.12/sbt_1.0/2.7.5/ivys/ivy.xml
2024.07.21 17:17:55 INFO  [error] 	at lmcoursier.CoursierDependencyResolution.unresolvedWarningOrThrow(CoursierDependencyResolution.scala:344)
2024.07.21 17:17:55 INFO  [error] 	at lmcoursier.CoursierDependencyResolution.$anonfun$update$38(CoursierDependencyResolution.scala:313)
2024.07.21 17:17:55 INFO  [error] 	at scala.util.Either$LeftProjection.map(Either.scala:573)
2024.07.21 17:17:55 INFO  [error] 	at lmcoursier.CoursierDependencyResolution.update(CoursierDependencyResolution.scala:313)
2024.07.21 17:17:55 INFO  [error] 	at sbt.librarymanagement.DependencyResolution.update(DependencyResolution.scala:60)
2024.07.21 17:17:55 INFO  [error] 	at sbt.internal.LibraryManagement$.resolve$1(LibraryManagement.scala:59)
2024.07.21 17:17:55 INFO  [error] 	at sbt.internal.LibraryManagement$.$anonfun$cachedUpdate$12(LibraryManagement.scala:133)
2024.07.21 17:17:55 INFO  [error] 	at sbt.util.Tracked$.$anonfun$lastOutput$1(Tracked.scala:73)
2024.07.21 17:17:55 INFO  [error] 	at sbt.internal.LibraryManagement$.$anonfun$cachedUpdate$20(LibraryManagement.scala:146)
2024.07.21 17:17:55 INFO  [error] 	at scala.util.control.Exception$Catch.apply(Exception.scala:228)
2024.07.21 17:17:55 INFO  [error] 	at sbt.internal.LibraryManagement$.$anonfun$cachedUpdate$11(LibraryManagement.scala:146)
2024.07.21 17:17:55 INFO  [error] 	at sbt.internal.LibraryManagement$.$anonfun$cachedUpdate$11$adapted(LibraryManagement.scala:127)
2024.07.21 17:17:55 INFO  [error] 	at sbt.util.Tracked$.$anonfun$inputChangedW$1(Tracked.scala:219)
2024.07.21 17:17:55 INFO  [error] 	at sbt.internal.LibraryManagement$.cachedUpdate(LibraryManagement.scala:160)
2024.07.21 17:17:55 INFO  [error] 	at sbt.Classpaths$.$anonfun$updateTask0$1(Defaults.scala:3687)
2024.07.21 17:17:55 INFO  [error] 	at scala.Function1.$anonfun$compose$1(Function1.scala:49)
2024.07.21 17:17:55 INFO  [error] 	at sbt.internal.util.$tilde$greater.$anonfun$$u2219$1(TypeFunctions.scala:62)
2024.07.21 17:17:55 INFO  [error] 	at sbt.std.Transform$$anon$4.work(Transform.scala:68)
2024.07.21 17:17:55 INFO  [error] 	at sbt.Execute.$anonfun$submit$2(Execute.scala:282)
2024.07.21 17:17:55 INFO  [error] 	at sbt.internal.util.ErrorHandling$.wideConvert(ErrorHandling.scala:23)
2024.07.21 17:17:55 INFO  [error] 	at sbt.Execute.work(Execute.scala:291)
2024.07.21 17:17:55 INFO  [error] 	at sbt.Execute.$anonfun$submit$1(Execute.scala:282)
2024.07.21 17:17:55 INFO  [error] 	at sbt.ConcurrentRestrictions$$anon$4.$anonfun$submitValid$1(ConcurrentRestrictions.scala:265)
2024.07.21 17:17:55 INFO  [error] 	at sbt.CompletionService$$anon$2.call(CompletionService.scala:64)
2024.07.21 17:17:55 INFO  [error] 	at java.base/java.util.concurrent.FutureTask.run(FutureTask.java:264)
2024.07.21 17:17:55 INFO  [error] 	at java.base/java.util.concurrent.Executors$RunnableAdapter.call(Executors.java:515)
2024.07.21 17:17:55 INFO  [error] 	at java.base/java.util.concurrent.FutureTask.run(FutureTask.java:264)
2024.07.21 17:17:55 INFO  [error] 	at java.base/java.util.concurrent.ThreadPoolExecutor.runWorker(ThreadPoolExecutor.java:1128)
2024.07.21 17:17:55 INFO  [error] 	at java.base/java.util.concurrent.ThreadPoolExecutor$Worker.run(ThreadPoolExecutor.java:628)
2024.07.21 17:17:55 INFO  [error] 	at java.base/java.lang.Thread.run(Thread.java:829)
2024.07.21 17:17:55 INFO  [error] (update) sbt.librarymanagement.ResolveException: Error downloading org.scalameta:sbt-scalafmt;sbtVersion=1.0;scalaVersion=2.12:2.7.5
2024.07.21 17:17:55 INFO  [error]   Not found
2024.07.21 17:17:55 INFO  [error]   Not found
2024.07.21 17:17:55 INFO  [error]   not found: https://repo1.maven.org/maven2/org/scalameta/sbt-scalafmt_2.12_1.0/2.7.5/sbt-scalafmt-2.7.5.pom
2024.07.21 17:17:55 INFO  [error]   not found: /home/tchx/.ivy2/localorg.scalameta/sbt-scalafmt/scala_2.12/sbt_1.0/2.7.5/ivys/ivy.xml
2024.07.21 17:17:55 INFO  [error]   not found: https://repo.scala-sbt.org/scalasbt/sbt-plugin-releases/org.scalameta/sbt-scalafmt/scala_2.12/sbt_1.0/2.7.5/ivys/ivy.xml
2024.07.21 17:17:55 INFO  [error]   not found: https://repo.typesafe.com/typesafe/ivy-releases/org.scalameta/sbt-scalafmt/scala_2.12/sbt_1.0/2.7.5/ivys/ivy.xml
2024.07.21 17:17:55 INFO  [error] Total time: 7 s, completed Jul 21, 2024, 5:17:55 PM
2024.07.21 17:17:55 INFO  [warn] Project loading failed: (r)etry, (q)uit, (l)ast, or (i)gnore? (default: r)
2024.07.21 17:17:55 INFO  no build target found for /home/tchx/Documents/scala-coursera/progfun1-example/example/src/main/scala/example/Lists.scala. Using presentation compiler with project's scala-library version: 3.3.3
2024.07.21 17:17:59 INFO  [warn] 
2024.07.21 17:17:59 INFO  [warn] 	Note: Some unresolved dependencies have extra attributes.  Check that these dependencies exist with the requested attributes.
2024.07.21 17:17:59 INFO  [warn] 		org.scalameta:sbt-scalafmt:2.7.5 (sbtVersion=1.0, scalaVersion=2.12)
2024.07.21 17:17:59 INFO  [warn] 
2024.07.21 17:17:59 INFO  [warn] 	Note: Unresolved dependencies path:
2024.07.21 17:17:59 INFO  [error] sbt.librarymanagement.ResolveException: Error downloading org.scalameta:sbt-scalafmt;sbtVersion=1.0;scalaVersion=2.12:2.7.5
2024.07.21 17:17:59 INFO  [error]   Not found
2024.07.21 17:17:59 INFO  [error]   Not found
2024.07.21 17:17:59 INFO  [error]   not found: https://repo1.maven.org/maven2/org/scalameta/sbt-scalafmt_2.12_1.0/2.7.5/sbt-scalafmt-2.7.5.pom
2024.07.21 17:17:59 INFO  [error]   not found: /home/tchx/.ivy2/localorg.scalameta/sbt-scalafmt/scala_2.12/sbt_1.0/2.7.5/ivys/ivy.xml
2024.07.21 17:17:59 INFO  [error]   not found: https://repo.scala-sbt.org/scalasbt/sbt-plugin-releases/org.scalameta/sbt-scalafmt/scala_2.12/sbt_1.0/2.7.5/ivys/ivy.xml
2024.07.21 17:17:59 INFO  [error]   not found: https://repo.typesafe.com/typesafe/ivy-releases/org.scalameta/sbt-scalafmt/scala_2.12/sbt_1.0/2.7.5/ivys/ivy.xml
2024.07.21 17:17:59 INFO  [error] 	at lmcoursier.CoursierDependencyResolution.unresolvedWarningOrThrow(CoursierDependencyResolution.scala:344)
2024.07.21 17:17:59 INFO  [error] 	at lmcoursier.CoursierDependencyResolution.$anonfun$update$38(CoursierDependencyResolution.scala:313)
2024.07.21 17:17:59 INFO  [error] 	at scala.util.Either$LeftProjection.map(Either.scala:573)
2024.07.21 17:17:59 INFO  [error] 	at lmcoursier.CoursierDependencyResolution.update(CoursierDependencyResolution.scala:313)
2024.07.21 17:17:59 INFO  [error] 	at sbt.librarymanagement.DependencyResolution.update(DependencyResolution.scala:60)
2024.07.21 17:17:59 INFO  [error] 	at sbt.internal.LibraryManagement$.resolve$1(LibraryManagement.scala:59)
2024.07.21 17:17:59 INFO  [error] 	at sbt.internal.LibraryManagement$.$anonfun$cachedUpdate$12(LibraryManagement.scala:133)
2024.07.21 17:17:59 INFO  [error] 	at sbt.util.Tracked$.$anonfun$lastOutput$1(Tracked.scala:73)
2024.07.21 17:17:59 INFO  [error] 	at sbt.internal.LibraryManagement$.$anonfun$cachedUpdate$20(LibraryManagement.scala:146)
2024.07.21 17:17:59 INFO  [error] 	at scala.util.control.Exception$Catch.apply(Exception.scala:228)
2024.07.21 17:17:59 INFO  [error] 	at sbt.internal.LibraryManagement$.$anonfun$cachedUpdate$11(LibraryManagement.scala:146)
2024.07.21 17:17:59 INFO  [error] 	at sbt.internal.LibraryManagement$.$anonfun$cachedUpdate$11$adapted(LibraryManagement.scala:127)
2024.07.21 17:17:59 INFO  [error] 	at sbt.util.Tracked$.$anonfun$inputChangedW$1(Tracked.scala:219)
2024.07.21 17:17:59 INFO  [error] 	at sbt.internal.LibraryManagement$.cachedUpdate(LibraryManagement.scala:160)
2024.07.21 17:17:59 INFO  [error] 	at sbt.Classpaths$.$anonfun$updateTask0$1(Defaults.scala:3687)
2024.07.21 17:17:59 INFO  [error] 	at scala.Function1.$anonfun$compose$1(Function1.scala:49)
2024.07.21 17:17:59 INFO  [error] 	at sbt.internal.util.$tilde$greater.$anonfun$$u2219$1(TypeFunctions.scala:62)
2024.07.21 17:17:59 INFO  [error] 	at sbt.std.Transform$$anon$4.work(Transform.scala:68)
2024.07.21 17:17:59 INFO  [error] 	at sbt.Execute.$anonfun$submit$2(Execute.scala:282)
2024.07.21 17:17:59 INFO  [error] 	at sbt.internal.util.ErrorHandling$.wideConvert(ErrorHandling.scala:23)
2024.07.21 17:17:59 INFO  [error] 	at sbt.Execute.work(Execute.scala:291)
2024.07.21 17:17:59 INFO  [error] 	at sbt.Execute.$anonfun$submit$1(Execute.scala:282)
2024.07.21 17:17:59 INFO  [error] 	at sbt.ConcurrentRestrictions$$anon$4.$anonfun$submitValid$1(ConcurrentRestrictions.scala:265)
2024.07.21 17:17:59 INFO  [error] 	at sbt.CompletionService$$anon$2.call(CompletionService.scala:64)
2024.07.21 17:17:59 INFO  [error] 	at java.base/java.util.concurrent.FutureTask.run(FutureTask.java:264)
2024.07.21 17:17:59 INFO  [error] 	at java.base/java.util.concurrent.Executors$RunnableAdapter.call(Executors.java:515)
2024.07.21 17:17:59 INFO  [error] 	at java.base/java.util.concurrent.FutureTask.run(FutureTask.java:264)
2024.07.21 17:17:59 INFO  [error] 	at java.base/java.util.concurrent.ThreadPoolExecutor.runWorker(ThreadPoolExecutor.java:1128)
2024.07.21 17:17:59 INFO  [error] 	at java.base/java.util.concurrent.ThreadPoolExecutor$Worker.run(ThreadPoolExecutor.java:628)
2024.07.21 17:17:59 INFO  [error] 	at java.base/java.lang.Thread.run(Thread.java:829)
2024.07.21 17:17:59 INFO  [error] (update) sbt.librarymanagement.ResolveException: Error downloading org.scalameta:sbt-scalafmt;sbtVersion=1.0;scalaVersion=2.12:2.7.5
2024.07.21 17:17:59 INFO  [error]   Not found
2024.07.21 17:17:59 INFO  [error]   Not found
2024.07.21 17:17:59 INFO  [error]   not found: https://repo1.maven.org/maven2/org/scalameta/sbt-scalafmt_2.12_1.0/2.7.5/sbt-scalafmt-2.7.5.pom
2024.07.21 17:17:59 INFO  [error]   not found: /home/tchx/.ivy2/localorg.scalameta/sbt-scalafmt/scala_2.12/sbt_1.0/2.7.5/ivys/ivy.xml
2024.07.21 17:17:59 INFO  [error]   not found: https://repo.scala-sbt.org/scalasbt/sbt-plugin-releases/org.scalameta/sbt-scalafmt/scala_2.12/sbt_1.0/2.7.5/ivys/ivy.xml
2024.07.21 17:17:59 INFO  [error]   not found: https://repo.typesafe.com/typesafe/ivy-releases/org.scalameta/sbt-scalafmt/scala_2.12/sbt_1.0/2.7.5/ivys/ivy.xml
2024.07.21 17:17:59 INFO  [warn] Project loading failed: (r)etry, (q)uit, (l)ast, or (i)gnore? (default: r)
2024.07.21 17:18:00 INFO  no build target found for /home/tchx/Documents/scala-coursera/progfun1-example/example/src/main/scala/example/Lists.scala. Using presentation compiler with project's scala-library version: 3.3.3
2024.07.21 17:18:00 INFO  no build target found for /home/tchx/Documents/scala-coursera/progfun1-example/example/src/main/scala/example/Lists.scala. Using presentation compiler with project's scala-library version: 3.3.3
2024.07.21 17:18:00 INFO  no build target found for /home/tchx/Documents/scala-coursera/progfun1-example/example/src/main/scala/example/Lists.scala. Using presentation compiler with project's scala-library version: 3.3.3
2024.07.21 17:18:00 INFO  no build target found for /home/tchx/Documents/scala-coursera/progfun1-example/example/src/main/scala/example/Lists.scala. Using presentation compiler with project's scala-library version: 3.3.3
2024.07.21 17:18:00 INFO  time: ran 'sbt bloopInstall' in 38s
2024.07.21 17:18:00 ERROR sbt command failed: /home/tchx/.local/share/coursier/bin/sbt -Dbloop.export-jar-classifiers=sources bloopInstall
2024.07.21 17:18:00 INFO  no build target found for /home/tchx/Documents/scala-coursera/progfun1-example/example/src/main/scala/example/Lists.scala. Using presentation compiler with project's scala-library version: 3.3.3
2024.07.21 17:18:00 INFO  no build target found for /home/tchx/Documents/scala-coursera/progfun1-example/example/src/main/scala/example/Lists.scala. Using presentation compiler with project's scala-library version: 3.3.3
2024.07.21 17:18:00 INFO  no build target found for /home/tchx/Documents/scala-coursera/progfun1-example/example/src/main/scala/example/Lists.scala. Using presentation compiler with project's scala-library version: 3.3.3
2024.07.21 17:18:01 INFO  no build target found for /home/tchx/Documents/scala-coursera/progfun1-example/example/src/main/scala/example/Lists.scala. Using presentation compiler with project's scala-library version: 3.3.3
2024.07.21 17:18:01 INFO  no build target found for /home/tchx/Documents/scala-coursera/progfun1-example/example/src/main/scala/example/Lists.scala. Using presentation compiler with project's scala-library version: 3.3.3
2024.07.21 17:18:01 INFO  no build target found for /home/tchx/Documents/scala-coursera/progfun1-example/example/src/main/scala/example/Lists.scala. Using presentation compiler with project's scala-library version: 3.3.3
2024.07.21 17:18:01 INFO  no build target found for /home/tchx/Documents/scala-coursera/progfun1-example/example/src/main/scala/example/Lists.scala. Using presentation compiler with project's scala-library version: 3.3.3
2024.07.21 17:18:01 INFO  no build target found for /home/tchx/Documents/scala-coursera/progfun1-example/example/src/main/scala/example/Lists.scala. Using presentation compiler with project's scala-library version: 3.3.3
2024.07.21 17:18:01 INFO  no build target found for /home/tchx/Documents/scala-coursera/progfun1-example/example/src/main/scala/example/Lists.scala. Using presentation compiler with project's scala-library version: 3.3.3
2024.07.21 17:18:01 INFO  no build target found for /home/tchx/Documents/scala-coursera/progfun1-example/example/src/main/scala/example/Lists.scala. Using presentation compiler with project's scala-library version: 3.3.3
2024.07.21 17:18:01 INFO  no build target found for /home/tchx/Documents/scala-coursera/progfun1-example/example/src/main/scala/example/Lists.scala. Using presentation compiler with project's scala-library version: 3.3.3
2024.07.21 17:18:01 INFO  no build target found for /home/tchx/Documents/scala-coursera/progfun1-example/example/src/main/scala/example/Lists.scala. Using presentation compiler with project's scala-library version: 3.3.3
2024.07.21 17:18:01 INFO  no build target found for /home/tchx/Documents/scala-coursera/progfun1-example/example/src/main/scala/example/Lists.scala. Using presentation compiler with project's scala-library version: 3.3.3
2024.07.21 17:18:01 INFO  no build target found for /home/tchx/Documents/scala-coursera/progfun1-example/example/src/main/scala/example/Lists.scala. Using presentation compiler with project's scala-library version: 3.3.3
2024.07.21 17:18:02 INFO  no build target found for /home/tchx/Documents/scala-coursera/progfun1-example/example/src/main/scala/example/Lists.scala. Using presentation compiler with project's scala-library version: 3.3.3
2024.07.21 17:18:01 INFO  no build target found for /home/tchx/Documents/scala-coursera/progfun1-example/example/src/main/scala/example/Lists.scala. Using presentation compiler with project's scala-library version: 3.3.3
2024.07.21 17:18:03 INFO  no build target found for /home/tchx/Documents/scala-coursera/progfun1-example/example/src/main/scala/example/Lists.scala. Using presentation compiler with project's scala-library version: 3.3.3
2024.07.21 17:18:03 INFO  no build target found for /home/tchx/Documents/scala-coursera/progfun1-example/example/src/main/scala/example/Lists.scala. Using presentation compiler with project's scala-library version: 3.3.3
2024.07.21 17:18:05 INFO  no build target found for /home/tchx/Documents/scala-coursera/progfun1-example/example/src/main/scala/example/Lists.scala. Using presentation compiler with project's scala-library version: 3.3.3
2024.07.21 17:18:05 INFO  no build target found for /home/tchx/Documents/scala-coursera/progfun1-example/example/src/main/scala/example/Lists.scala. Using presentation compiler with project's scala-library version: 3.3.3
2024.07.21 17:18:05 INFO  no build target found for /home/tchx/Documents/scala-coursera/progfun1-example/example/src/main/scala/example/Lists.scala. Using presentation compiler with project's scala-library version: 3.3.3
2024.07.21 17:18:05 INFO  no build target found for /home/tchx/Documents/scala-coursera/progfun1-example/example/src/main/scala/example/Lists.scala. Using presentation compiler with project's scala-library version: 3.3.3
2024.07.21 17:18:05 INFO  no build target found for /home/tchx/Documents/scala-coursera/progfun1-example/example/src/main/scala/example/Lists.scala. Using presentation compiler with project's scala-library version: 3.3.3
2024.07.21 17:18:05 INFO  no build target found for /home/tchx/Documents/scala-coursera/progfun1-example/example/src/main/scala/example/Lists.scala. Using presentation compiler with project's scala-library version: 3.3.3
2024.07.21 17:18:05 INFO  no build target found for /home/tchx/Documents/scala-coursera/progfun1-example/example/src/main/scala/example/Lists.scala. Using presentation compiler with project's scala-library version: 3.3.3
2024.07.21 17:18:05 INFO  no build target found for /home/tchx/Documents/scala-coursera/progfun1-example/example/src/main/scala/example/Lists.scala. Using presentation compiler with project's scala-library version: 3.3.3
2024.07.21 17:18:05 INFO  no build target found for /home/tchx/Documents/scala-coursera/progfun1-example/example/src/main/scala/example/Lists.scala. Using presentation compiler with project's scala-library version: 3.3.3
2024.07.21 17:18:05 INFO  no build target found for /home/tchx/Documents/scala-coursera/progfun1-example/example/src/main/scala/example/Lists.scala. Using presentation compiler with project's scala-library version: 3.3.3
2024.07.21 17:18:05 INFO  no build target found for /home/tchx/Documents/scala-coursera/progfun1-example/example/src/main/scala/example/Lists.scala. Using presentation compiler with project's scala-library version: 3.3.3
2024.07.21 17:18:06 INFO  no build target found for /home/tchx/Documents/scala-coursera/progfun1-example/example/src/main/scala/example/Lists.scala. Using presentation compiler with project's scala-library version: 3.3.3
2024.07.21 17:18:06 INFO  no build target found for /home/tchx/Documents/scala-coursera/progfun1-example/example/src/main/scala/example/Lists.scala. Using presentation compiler with project's scala-library version: 3.3.3
2024.07.21 17:18:08 INFO  no build target found for /home/tchx/Documents/scala-coursera/progfun1-example/example/src/main/scala/example/Lists.scala. Using presentation compiler with project's scala-library version: 3.3.3
2024.07.21 17:18:08 INFO  no build target found for /home/tchx/Documents/scala-coursera/progfun1-example/example/src/main/scala/example/Lists.scala. Using presentation compiler with project's scala-library version: 3.3.3
2024.07.21 17:18:08 INFO  no build target found for /home/tchx/Documents/scala-coursera/progfun1-example/example/src/main/scala/example/Lists.scala. Using presentation compiler with project's scala-library version: 3.3.3
2024.07.21 17:18:08 INFO  no build target found for /home/tchx/Documents/scala-coursera/progfun1-example/example/src/main/scala/example/Lists.scala. Using presentation compiler with project's scala-library version: 3.3.3
2024.07.21 17:18:09 INFO  no build target found for /home/tchx/Documents/scala-coursera/progfun1-example/example/src/main/scala/example/Lists.scala. Using presentation compiler with project's scala-library version: 3.3.3
2024.07.21 17:18:08 INFO  no build target found for /home/tchx/Documents/scala-coursera/progfun1-example/example/src/main/scala/example/Lists.scala. Using presentation compiler with project's scala-library version: 3.3.3
2024.07.21 17:18:08 INFO  no build target found for /home/tchx/Documents/scala-coursera/progfun1-example/example/src/main/scala/example/Lists.scala. Using presentation compiler with project's scala-library version: 3.3.3
2024.07.21 17:18:09 INFO  no build target found for /home/tchx/Documents/scala-coursera/progfun1-example/example/src/main/scala/example/Lists.scala. Using presentation compiler with project's scala-library version: 3.3.3
2024.07.21 17:18:10 INFO  no build target found for /home/tchx/Documents/scala-coursera/progfun1-example/example/src/main/scala/example/Lists.scala. Using presentation compiler with project's scala-library version: 3.3.3
2024.07.21 17:18:10 INFO  no build target found for /home/tchx/Documents/scala-coursera/progfun1-example/example/src/main/scala/example/Lists.scala. Using presentation compiler with project's scala-library version: 3.3.3
2024.07.21 17:18:11 INFO  no build target found for /home/tchx/Documents/scala-coursera/progfun1-example/example/src/main/scala/example/Lists.scala. Using presentation compiler with project's scala-library version: 3.3.3
2024.07.21 17:18:11 INFO  no build target found for /home/tchx/Documents/scala-coursera/progfun1-example/example/src/main/scala/example/Lists.scala. Using presentation compiler with project's scala-library version: 3.3.3
2024.07.21 17:18:11 INFO  no build target found for /home/tchx/Documents/scala-coursera/progfun1-example/example/src/main/scala/example/Lists.scala. Using presentation compiler with project's scala-library version: 3.3.3
2024.07.21 17:18:12 INFO  no build target found for /home/tchx/Documents/scala-coursera/progfun1-example/example/src/main/scala/example/Lists.scala. Using presentation compiler with project's scala-library version: 3.3.3
2024.07.21 17:18:12 INFO  no build target found for /home/tchx/Documents/scala-coursera/progfun1-example/example/src/main/scala/example/Lists.scala. Using presentation compiler with project's scala-library version: 3.3.3
2024.07.21 17:18:12 INFO  no build target found for /home/tchx/Documents/scala-coursera/progfun1-example/example/src/main/scala/example/Lists.scala. Using presentation compiler with project's scala-library version: 3.3.3
2024.07.21 17:18:14 INFO  no build target found for /home/tchx/Documents/scala-coursera/progfun1-example/example/src/main/scala/example/Lists.scala. Using presentation compiler with project's scala-library version: 3.3.3
2024.07.21 17:18:14 INFO  no build target found for /home/tchx/Documents/scala-coursera/progfun1-example/example/src/main/scala/example/Lists.scala. Using presentation compiler with project's scala-library version: 3.3.3
2024.07.21 17:18:14 INFO  no build target found for /home/tchx/Documents/scala-coursera/progfun1-example/example/src/main/scala/example/Lists.scala. Using presentation compiler with project's scala-library version: 3.3.3
2024.07.21 17:18:14 INFO  no build target found for /home/tchx/Documents/scala-coursera/progfun1-example/example/src/main/scala/example/Lists.scala. Using presentation compiler with project's scala-library version: 3.3.3
2024.07.21 17:18:15 INFO  no build target found for /home/tchx/Documents/scala-coursera/progfun1-example/example/src/main/scala/example/Lists.scala. Using presentation compiler with project's scala-library version: 3.3.3
2024.07.21 17:18:15 INFO  no build target found for /home/tchx/Documents/scala-coursera/progfun1-example/example/src/main/scala/example/Lists.scala. Using presentation compiler with project's scala-library version: 3.3.3
2024.07.21 17:18:15 INFO  no build target found for /home/tchx/Documents/scala-coursera/progfun1-example/example/src/main/scala/example/Lists.scala. Using presentation compiler with project's scala-library version: 3.3.3
2024.07.21 17:18:15 INFO  no build target found for /home/tchx/Documents/scala-coursera/progfun1-example/example/src/main/scala/example/Lists.scala. Using presentation compiler with project's scala-library version: 3.3.3
2024.07.21 17:18:15 INFO  no build target found for /home/tchx/Documents/scala-coursera/progfun1-example/example/src/main/scala/example/Lists.scala. Using presentation compiler with project's scala-library version: 3.3.3
2024.07.21 17:18:16 INFO  no build target found for /home/tchx/Documents/scala-coursera/progfun1-example/example/src/main/scala/example/Lists.scala. Using presentation compiler with project's scala-library version: 3.3.3
2024.07.21 17:18:16 INFO  no build target found for /home/tchx/Documents/scala-coursera/progfun1-example/example/src/main/scala/example/Lists.scala. Using presentation compiler with project's scala-library version: 3.3.3
2024.07.21 17:18:18 INFO  no build target found for /home/tchx/Documents/scala-coursera/progfun1-example/example/src/main/scala/example/Lists.scala. Using presentation compiler with project's scala-library version: 3.3.3
2024.07.21 17:18:18 INFO  no build target found for /home/tchx/Documents/scala-coursera/progfun1-example/example/src/main/scala/example/Lists.scala. Using presentation compiler with project's scala-library version: 3.3.3
2024.07.21 17:18:18 INFO  no build target found for /home/tchx/Documents/scala-coursera/progfun1-example/example/src/main/scala/example/Lists.scala. Using presentation compiler with project's scala-library version: 3.3.3
2024.07.21 17:18:21 INFO  no build target found for /home/tchx/Documents/scala-coursera/progfun1-example/example/src/main/scala/example/Lists.scala. Using presentation compiler with project's scala-library version: 3.3.3
2024.07.21 17:18:21 INFO  no build target found for /home/tchx/Documents/scala-coursera/progfun1-example/example/src/main/scala/example/Lists.scala. Using presentation compiler with project's scala-library version: 3.3.3
2024.07.21 17:18:21 INFO  no build target found for /home/tchx/Documents/scala-coursera/progfun1-example/example/src/main/scala/example/Lists.scala. Using presentation compiler with project's scala-library version: 3.3.3
2024.07.21 17:18:22 INFO  no build target found for /home/tchx/Documents/scala-coursera/progfun1-example/example/src/main/scala/example/Lists.scala. Using presentation compiler with project's scala-library version: 3.3.3
2024.07.21 17:18:22 INFO  no build target found for /home/tchx/Documents/scala-coursera/progfun1-example/example/src/main/scala/example/Lists.scala. Using presentation compiler with project's scala-library version: 3.3.3
2024.07.21 17:18:23 INFO  no build target found for /home/tchx/Documents/scala-coursera/progfun1-example/example/src/main/scala/example/Lists.scala. Using presentation compiler with project's scala-library version: 3.3.3
2024.07.21 17:18:23 INFO  no build target found for /home/tchx/Documents/scala-coursera/progfun1-example/example/src/main/scala/example/Lists.scala. Using presentation compiler with project's scala-library version: 3.3.3
2024.07.21 17:18:23 INFO  no build target found for /home/tchx/Documents/scala-coursera/progfun1-example/example/src/main/scala/example/Lists.scala. Using presentation compiler with project's scala-library version: 3.3.3
2024.07.21 17:18:23 INFO  no build target found for /home/tchx/Documents/scala-coursera/progfun1-example/example/src/main/scala/example/Lists.scala. Using presentation compiler with project's scala-library version: 3.3.3
2024.07.21 17:18:26 INFO  no build target found for /home/tchx/Documents/scala-coursera/progfun1-example/example/src/main/scala/example/Lists.scala. Using presentation compiler with project's scala-library version: 3.3.3
2024.07.21 17:18:26 INFO  no build target found for /home/tchx/Documents/scala-coursera/progfun1-example/example/src/main/scala/example/Lists.scala. Using presentation compiler with project's scala-library version: 3.3.3
2024.07.21 17:18:26 INFO  no build target found for /home/tchx/Documents/scala-coursera/progfun1-example/example/src/main/scala/example/Lists.scala. Using presentation compiler with project's scala-library version: 3.3.3
2024.07.21 17:18:28 INFO  no build target found for /home/tchx/Documents/scala-coursera/progfun1-example/example/src/main/scala/example/Lists.scala. Using presentation compiler with project's scala-library version: 3.3.3
2024.07.21 17:18:28 INFO  no build target found for /home/tchx/Documents/scala-coursera/progfun1-example/example/src/main/scala/example/Lists.scala. Using presentation compiler with project's scala-library version: 3.3.3
2024.07.21 17:18:29 INFO  no build target found for /home/tchx/Documents/scala-coursera/progfun1-example/example/src/main/scala/example/Lists.scala. Using presentation compiler with project's scala-library version: 3.3.3
2024.07.21 17:18:30 INFO  no build target found for /home/tchx/Documents/scala-coursera/progfun1-example/example/src/main/scala/example/Lists.scala. Using presentation compiler with project's scala-library version: 3.3.3
2024.07.21 17:18:32 INFO  no build target found for /home/tchx/Documents/scala-coursera/progfun1-example/example/src/main/scala/example/Lists.scala. Using presentation compiler with project's scala-library version: 3.3.3
2024.07.21 17:18:33 INFO  no build target found for /home/tchx/Documents/scala-coursera/progfun1-example/example/src/main/scala/example/Lists.scala. Using presentation compiler with project's scala-library version: 3.3.3
2024.07.21 17:18:33 INFO  no build target found for /home/tchx/Documents/scala-coursera/progfun1-example/example/src/main/scala/example/Lists.scala. Using presentation compiler with project's scala-library version: 3.3.3
2024.07.21 17:18:33 INFO  no build target found for /home/tchx/Documents/scala-coursera/progfun1-example/example/src/main/scala/example/Lists.scala. Using presentation compiler with project's scala-library version: 3.3.3
2024.07.21 17:18:33 INFO  no build target found for /home/tchx/Documents/scala-coursera/progfun1-example/example/src/main/scala/example/Lists.scala. Using presentation compiler with project's scala-library version: 3.3.3
2024.07.21 17:18:33 INFO  no build target found for /home/tchx/Documents/scala-coursera/progfun1-example/example/src/main/scala/example/Lists.scala. Using presentation compiler with project's scala-library version: 3.3.3
2024.07.21 17:18:33 INFO  no build target found for /home/tchx/Documents/scala-coursera/progfun1-example/example/src/main/scala/example/Lists.scala. Using presentation compiler with project's scala-library version: 3.3.3
2024.07.21 17:18:33 INFO  no build target found for /home/tchx/Documents/scala-coursera/progfun1-example/example/src/main/scala/example/Lists.scala. Using presentation compiler with project's scala-library version: 3.3.3
2024.07.21 17:18:34 INFO  no build target found for /home/tchx/Documents/scala-coursera/progfun1-example/example/src/main/scala/example/Lists.scala. Using presentation compiler with project's scala-library version: 3.3.3
2024.07.21 17:18:34 INFO  no build target found for /home/tchx/Documents/scala-coursera/progfun1-example/example/src/main/scala/example/Lists.scala. Using presentation compiler with project's scala-library version: 3.3.3
2024.07.21 17:18:34 INFO  no build target found for /home/tchx/Documents/scala-coursera/progfun1-example/example/src/main/scala/example/Lists.scala. Using presentation compiler with project's scala-library version: 3.3.3
2024.07.21 17:18:34 INFO  no build target found for /home/tchx/Documents/scala-coursera/progfun1-example/example/src/main/scala/example/Lists.scala. Using presentation compiler with project's scala-library version: 3.3.3
2024.07.21 17:18:34 INFO  no build target found for /home/tchx/Documents/scala-coursera/progfun1-example/example/src/main/scala/example/Lists.scala. Using presentation compiler with project's scala-library version: 3.3.3
2024.07.21 17:18:35 INFO  no build target found for /home/tchx/Documents/scala-coursera/progfun1-example/example/src/main/scala/example/Lists.scala. Using presentation compiler with project's scala-library version: 3.3.3
2024.07.21 17:18:34 INFO  no build target found for /home/tchx/Documents/scala-coursera/progfun1-example/example/src/main/scala/example/Lists.scala. Using presentation compiler with project's scala-library version: 3.3.3
2024.07.21 17:18:34 INFO  no build target found for /home/tchx/Documents/scala-coursera/progfun1-example/example/src/main/scala/example/Lists.scala. Using presentation compiler with project's scala-library version: 3.3.3
2024.07.21 17:18:35 INFO  no build target found for /home/tchx/Documents/scala-coursera/progfun1-example/example/src/main/scala/example/Lists.scala. Using presentation compiler with project's scala-library version: 3.3.3
2024.07.21 17:18:36 INFO  no build target found for /home/tchx/Documents/scala-coursera/progfun1-example/example/src/main/scala/example/Lists.scala. Using presentation compiler with project's scala-library version: 3.3.3
2024.07.21 17:18:37 INFO  no build target found for /home/tchx/Documents/scala-coursera/progfun1-example/example/src/main/scala/example/Lists.scala. Using presentation compiler with project's scala-library version: 3.3.3
2024.07.21 17:18:37 INFO  no build target found for /home/tchx/Documents/scala-coursera/progfun1-example/example/src/main/scala/example/Lists.scala. Using presentation compiler with project's scala-library version: 3.3.3
2024.07.21 17:18:38 INFO  no build target found for /home/tchx/Documents/scala-coursera/progfun1-example/example/src/main/scala/example/Lists.scala. Using presentation compiler with project's scala-library version: 3.3.3
2024.07.21 17:18:39 INFO  no build target found for /home/tchx/Documents/scala-coursera/progfun1-example/example/src/main/scala/example/Lists.scala. Using presentation compiler with project's scala-library version: 3.3.3
2024.07.21 17:18:39 INFO  no build target found for /home/tchx/Documents/scala-coursera/progfun1-example/example/src/main/scala/example/Lists.scala. Using presentation compiler with project's scala-library version: 3.3.3
2024.07.21 17:18:39 INFO  no build target found for /home/tchx/Documents/scala-coursera/progfun1-example/example/src/main/scala/example/Lists.scala. Using presentation compiler with project's scala-library version: 3.3.3
2024.07.21 17:18:39 INFO  no build target found for /home/tchx/Documents/scala-coursera/progfun1-example/example/src/main/scala/example/Lists.scala. Using presentation compiler with project's scala-library version: 3.3.3
2024.07.21 17:18:39 INFO  no build target found for /home/tchx/Documents/scala-coursera/progfun1-example/example/src/main/scala/example/Lists.scala. Using presentation compiler with project's scala-library version: 3.3.3
2024.07.21 17:18:39 INFO  no build target found for /home/tchx/Documents/scala-coursera/progfun1-example/example/src/main/scala/example/Lists.scala. Using presentation compiler with project's scala-library version: 3.3.3
2024.07.21 17:18:40 INFO  no build target found for /home/tchx/Documents/scala-coursera/progfun1-example/example/src/main/scala/example/Lists.scala. Using presentation compiler with project's scala-library version: 3.3.3
2024.07.21 17:18:41 INFO  no build target found for /home/tchx/Documents/scala-coursera/progfun1-example/example/src/main/scala/example/Lists.scala. Using presentation compiler with project's scala-library version: 3.3.3
2024.07.21 17:18:40 INFO  no build target found for /home/tchx/Documents/scala-coursera/progfun1-example/example/src/main/scala/example/Lists.scala. Using presentation compiler with project's scala-library version: 3.3.3
2024.07.21 17:18:40 INFO  no build target found for /home/tchx/Documents/scala-coursera/progfun1-example/example/src/main/scala/example/Lists.scala. Using presentation compiler with project's scala-library version: 3.3.3
2024.07.21 17:18:40 INFO  no build target found for /home/tchx/Documents/scala-coursera/progfun1-example/example/src/main/scala/example/Lists.scala. Using presentation compiler with project's scala-library version: 3.3.3
2024.07.21 17:18:41 INFO  no build target found for /home/tchx/Documents/scala-coursera/progfun1-example/example/src/main/scala/example/Lists.scala. Using presentation compiler with project's scala-library version: 3.3.3
2024.07.21 17:18:40 INFO  no build target found for /home/tchx/Documents/scala-coursera/progfun1-example/example/src/main/scala/example/Lists.scala. Using presentation compiler with project's scala-library version: 3.3.3
2024.07.21 17:18:41 INFO  no build target found for /home/tchx/Documents/scala-coursera/progfun1-example/example/src/main/scala/example/Lists.scala. Using presentation compiler with project's scala-library version: 3.3.3
2024.07.21 17:18:42 INFO  no build target found for /home/tchx/Documents/scala-coursera/progfun1-example/example/src/main/scala/example/Lists.scala. Using presentation compiler with project's scala-library version: 3.3.3
2024.07.21 17:18:42 INFO  no build target found for /home/tchx/Documents/scala-coursera/progfun1-example/example/src/main/scala/example/Lists.scala. Using presentation compiler with project's scala-library version: 3.3.3
2024.07.21 17:18:42 INFO  no build target found for /home/tchx/Documents/scala-coursera/progfun1-example/example/src/main/scala/example/Lists.scala. Using presentation compiler with project's scala-library version: 3.3.3
2024.07.21 17:18:43 INFO  no build target found for /home/tchx/Documents/scala-coursera/progfun1-example/example/src/main/scala/example/Lists.scala. Using presentation compiler with project's scala-library version: 3.3.3
2024.07.21 17:18:43 INFO  no build target found for /home/tchx/Documents/scala-coursera/progfun1-example/example/src/main/scala/example/Lists.scala. Using presentation compiler with project's scala-library version: 3.3.3
2024.07.21 17:18:44 INFO  no build target found for /home/tchx/Documents/scala-coursera/progfun1-example/example/src/main/scala/example/Lists.scala. Using presentation compiler with project's scala-library version: 3.3.3
2024.07.21 17:18:45 INFO  no build target found for /home/tchx/Documents/scala-coursera/progfun1-example/example/src/main/scala/example/Lists.scala. Using presentation compiler with project's scala-library version: 3.3.3
2024.07.21 17:18:45 INFO  no build target found for /home/tchx/Documents/scala-coursera/progfun1-example/example/src/main/scala/example/Lists.scala. Using presentation compiler with project's scala-library version: 3.3.3
2024.07.21 17:18:45 INFO  no build target found for /home/tchx/Documents/scala-coursera/progfun1-example/example/src/main/scala/example/Lists.scala. Using presentation compiler with project's scala-library version: 3.3.3
2024.07.21 17:18:45 INFO  no build target found for /home/tchx/Documents/scala-coursera/progfun1-example/example/src/main/scala/example/Lists.scala. Using presentation compiler with project's scala-library version: 3.3.3
2024.07.21 17:18:45 INFO  no build target found for /home/tchx/Documents/scala-coursera/progfun1-example/example/src/main/scala/example/Lists.scala. Using presentation compiler with project's scala-library version: 3.3.3
2024.07.21 17:18:45 INFO  no build target found for /home/tchx/Documents/scala-coursera/progfun1-example/example/src/main/scala/example/Lists.scala. Using presentation compiler with project's scala-library version: 3.3.3
2024.07.21 17:18:45 INFO  no build target found for /home/tchx/Documents/scala-coursera/progfun1-example/example/src/main/scala/example/Lists.scala. Using presentation compiler with project's scala-library version: 3.3.3
2024.07.21 17:18:45 INFO  no build target found for /home/tchx/Documents/scala-coursera/progfun1-example/example/src/main/scala/example/Lists.scala. Using presentation compiler with project's scala-library version: 3.3.3
2024.07.21 17:18:45 INFO  no build target found for /home/tchx/Documents/scala-coursera/progfun1-example/example/src/main/scala/example/Lists.scala. Using presentation compiler with project's scala-library version: 3.3.3
2024.07.21 17:18:45 INFO  no build target found for /home/tchx/Documents/scala-coursera/progfun1-example/example/src/main/scala/example/Lists.scala. Using presentation compiler with project's scala-library version: 3.3.3
2024.07.21 17:18:46 INFO  no build target found for /home/tchx/Documents/scala-coursera/progfun1-example/example/src/main/scala/example/Lists.scala. Using presentation compiler with project's scala-library version: 3.3.3
2024.07.21 17:18:46 INFO  no build target found for /home/tchx/Documents/scala-coursera/progfun1-example/example/src/main/scala/example/Lists.scala. Using presentation compiler with project's scala-library version: 3.3.3
2024.07.21 17:18:45 INFO  no build target found for /home/tchx/Documents/scala-coursera/progfun1-example/example/src/main/scala/example/Lists.scala. Using presentation compiler with project's scala-library version: 3.3.3
2024.07.21 17:18:46 INFO  no build target found for /home/tchx/Documents/scala-coursera/progfun1-example/example/src/main/scala/example/Lists.scala. Using presentation compiler with project's scala-library version: 3.3.3
2024.07.21 17:18:47 INFO  no build target found for /home/tchx/Documents/scala-coursera/progfun1-example/example/src/main/scala/example/Lists.scala. Using presentation compiler with project's scala-library version: 3.3.3
2024.07.21 17:18:47 INFO  no build target found for /home/tchx/Documents/scala-coursera/progfun1-example/example/src/main/scala/example/Lists.scala. Using presentation compiler with project's scala-library version: 3.3.3
2024.07.21 17:18:48 INFO  no build target found for /home/tchx/Documents/scala-coursera/progfun1-example/example/src/main/scala/example/Lists.scala. Using presentation compiler with project's scala-library version: 3.3.3
2024.07.21 17:18:47 INFO  no build target found for /home/tchx/Documents/scala-coursera/progfun1-example/example/src/main/scala/example/Lists.scala. Using presentation compiler with project's scala-library version: 3.3.3
2024.07.21 17:18:48 INFO  no build target found for /home/tchx/Documents/scala-coursera/progfun1-example/example/src/main/scala/example/Lists.scala. Using presentation compiler with project's scala-library version: 3.3.3
2024.07.21 17:18:48 INFO  no build target found for /home/tchx/Documents/scala-coursera/progfun1-example/example/src/main/scala/example/Lists.scala. Using presentation compiler with project's scala-library version: 3.3.3
2024.07.21 17:18:48 INFO  no build target found for /home/tchx/Documents/scala-coursera/progfun1-example/example/src/main/scala/example/Lists.scala. Using presentation compiler with project's scala-library version: 3.3.3
2024.07.21 17:18:48 INFO  no build target found for /home/tchx/Documents/scala-coursera/progfun1-example/example/src/main/scala/example/Lists.scala. Using presentation compiler with project's scala-library version: 3.3.3
2024.07.21 17:18:51 INFO  no build target found for /home/tchx/Documents/scala-coursera/progfun1-example/example/src/main/scala/example/Lists.scala. Using presentation compiler with project's scala-library version: 3.3.3
2024.07.21 17:18:51 INFO  no build target found for /home/tchx/Documents/scala-coursera/progfun1-example/example/src/main/scala/example/Lists.scala. Using presentation compiler with project's scala-library version: 3.3.3
2024.07.21 17:18:51 INFO  no build target found for /home/tchx/Documents/scala-coursera/progfun1-example/example/src/main/scala/example/Lists.scala. Using presentation compiler with project's scala-library version: 3.3.3
2024.07.21 17:18:51 INFO  no build target found for /home/tchx/Documents/scala-coursera/progfun1-example/example/src/main/scala/example/Lists.scala. Using presentation compiler with project's scala-library version: 3.3.3
2024.07.21 17:18:51 INFO  no build target found for /home/tchx/Documents/scala-coursera/progfun1-example/example/src/main/scala/example/Lists.scala. Using presentation compiler with project's scala-library version: 3.3.3
2024.07.21 17:18:51 INFO  no build target found for /home/tchx/Documents/scala-coursera/progfun1-example/example/src/main/scala/example/Lists.scala. Using presentation compiler with project's scala-library version: 3.3.3
2024.07.21 17:18:51 INFO  no build target found for /home/tchx/Documents/scala-coursera/progfun1-example/example/src/main/scala/example/Lists.scala. Using presentation compiler with project's scala-library version: 3.3.3
2024.07.21 17:18:52 INFO  no build target found for /home/tchx/Documents/scala-coursera/progfun1-example/example/src/main/scala/example/Lists.scala. Using presentation compiler with project's scala-library version: 3.3.3
2024.07.21 17:18:52 INFO  no build target found for /home/tchx/Documents/scala-coursera/progfun1-example/example/src/main/scala/example/Lists.scala. Using presentation compiler with project's scala-library version: 3.3.3
2024.07.21 17:18:52 INFO  no build target found for /home/tchx/Documents/scala-coursera/progfun1-example/example/src/main/scala/example/Lists.scala. Using presentation compiler with project's scala-library version: 3.3.3
2024.07.21 17:18:52 INFO  no build target found for /home/tchx/Documents/scala-coursera/progfun1-example/example/src/main/scala/example/Lists.scala. Using presentation compiler with project's scala-library version: 3.3.3
2024.07.21 17:18:52 INFO  no build target found for /home/tchx/Documents/scala-coursera/progfun1-example/example/src/main/scala/example/Lists.scala. Using presentation compiler with project's scala-library version: 3.3.3
2024.07.21 17:18:52 INFO  no build target found for /home/tchx/Documents/scala-coursera/progfun1-example/example/src/main/scala/example/Lists.scala. Using presentation compiler with project's scala-library version: 3.3.3
2024.07.21 17:18:52 INFO  no build target found for /home/tchx/Documents/scala-coursera/progfun1-example/example/src/main/scala/example/Lists.scala. Using presentation compiler with project's scala-library version: 3.3.3
2024.07.21 17:18:52 INFO  no build target found for /home/tchx/Documents/scala-coursera/progfun1-example/example/src/main/scala/example/Lists.scala. Using presentation compiler with project's scala-library version: 3.3.3
2024.07.21 17:18:53 INFO  no build target found for /home/tchx/Documents/scala-coursera/progfun1-example/example/src/main/scala/example/Lists.scala. Using presentation compiler with project's scala-library version: 3.3.3
2024.07.21 17:18:52 INFO  no build target found for /home/tchx/Documents/scala-coursera/progfun1-example/example/src/main/scala/example/Lists.scala. Using presentation compiler with project's scala-library version: 3.3.3
2024.07.21 17:18:52 INFO  no build target found for /home/tchx/Documents/scala-coursera/progfun1-example/example/src/main/scala/example/Lists.scala. Using presentation compiler with project's scala-library version: 3.3.3
2024.07.21 17:18:53 INFO  no build target found for /home/tchx/Documents/scala-coursera/progfun1-example/example/src/main/scala/example/Lists.scala. Using presentation compiler with project's scala-library version: 3.3.3
2024.07.21 17:18:53 INFO  no build target found for /home/tchx/Documents/scala-coursera/progfun1-example/example/src/main/scala/example/Lists.scala. Using presentation compiler with project's scala-library version: 3.3.3
2024.07.21 17:18:54 INFO  no build target found for /home/tchx/Documents/scala-coursera/progfun1-example/example/src/main/scala/example/Lists.scala. Using presentation compiler with project's scala-library version: 3.3.3
2024.07.21 17:18:54 INFO  no build target found for /home/tchx/Documents/scala-coursera/progfun1-example/example/src/main/scala/example/Lists.scala. Using presentation compiler with project's scala-library version: 3.3.3
2024.07.21 17:18:54 INFO  no build target found for /home/tchx/Documents/scala-coursera/progfun1-example/example/src/main/scala/example/Lists.scala. Using presentation compiler with project's scala-library version: 3.3.3
2024.07.21 17:18:54 INFO  no build target found for /home/tchx/Documents/scala-coursera/progfun1-example/example/src/main/scala/example/Lists.scala. Using presentation compiler with project's scala-library version: 3.3.3
2024.07.21 17:18:54 INFO  no build target found for /home/tchx/Documents/scala-coursera/progfun1-example/example/src/main/scala/example/Lists.scala. Using presentation compiler with project's scala-library version: 3.3.3
2024.07.21 17:18:54 INFO  no build target found for /home/tchx/Documents/scala-coursera/progfun1-example/example/src/main/scala/example/Lists.scala. Using presentation compiler with project's scala-library version: 3.3.3
2024.07.21 17:18:54 INFO  no build target found for /home/tchx/Documents/scala-coursera/progfun1-example/example/src/main/scala/example/Lists.scala. Using presentation compiler with project's scala-library version: 3.3.3
2024.07.21 17:18:54 INFO  no build target found for /home/tchx/Documents/scala-coursera/progfun1-example/example/src/main/scala/example/Lists.scala. Using presentation compiler with project's scala-library version: 3.3.3
2024.07.21 17:18:54 INFO  no build target found for /home/tchx/Documents/scala-coursera/progfun1-example/example/src/main/scala/example/Lists.scala. Using presentation compiler with project's scala-library version: 3.3.3
2024.07.21 17:18:54 INFO  no build target found for /home/tchx/Documents/scala-coursera/progfun1-example/example/src/main/scala/example/Lists.scala. Using presentation compiler with project's scala-library version: 3.3.3
2024.07.21 17:18:54 INFO  no build target found for /home/tchx/Documents/scala-coursera/progfun1-example/example/src/main/scala/example/Lists.scala. Using presentation compiler with project's scala-library version: 3.3.3
2024.07.21 17:18:54 INFO  no build target found for /home/tchx/Documents/scala-coursera/progfun1-example/example/src/main/scala/example/Lists.scala. Using presentation compiler with project's scala-library version: 3.3.3
2024.07.21 17:18:54 INFO  no build target found for /home/tchx/Documents/scala-coursera/progfun1-example/example/src/main/scala/example/Lists.scala. Using presentation compiler with project's scala-library version: 3.3.3
2024.07.21 17:18:54 INFO  no build target found for /home/tchx/Documents/scala-coursera/progfun1-example/example/src/main/scala/example/Lists.scala. Using presentation compiler with project's scala-library version: 3.3.3
2024.07.21 17:18:55 INFO  no build target found for /home/tchx/Documents/scala-coursera/progfun1-example/example/src/main/scala/example/Lists.scala. Using presentation compiler with project's scala-library version: 3.3.3
2024.07.21 17:18:55 INFO  no build target found for /home/tchx/Documents/scala-coursera/progfun1-example/example/src/main/scala/example/Lists.scala. Using presentation compiler with project's scala-library version: 3.3.3
2024.07.21 17:18:55 INFO  no build target found for /home/tchx/Documents/scala-coursera/progfun1-example/example/src/main/scala/example/Lists.scala. Using presentation compiler with project's scala-library version: 3.3.3
2024.07.21 17:18:55 INFO  no build target found for /home/tchx/Documents/scala-coursera/progfun1-example/example/src/main/scala/example/Lists.scala. Using presentation compiler with project's scala-library version: 3.3.3
2024.07.21 17:18:55 INFO  no build target found for /home/tchx/Documents/scala-coursera/progfun1-example/example/src/main/scala/example/Lists.scala. Using presentation compiler with project's scala-library version: 3.3.3
2024.07.21 17:18:55 INFO  no build target found for /home/tchx/Documents/scala-coursera/progfun1-example/example/src/main/scala/example/Lists.scala. Using presentation compiler with project's scala-library version: 3.3.3
2024.07.21 17:18:55 INFO  no build target found for /home/tchx/Documents/scala-coursera/progfun1-example/example/src/main/scala/example/Lists.scala. Using presentation compiler with project's scala-library version: 3.3.3
2024.07.21 17:18:55 INFO  no build target found for /home/tchx/Documents/scala-coursera/progfun1-example/example/src/main/scala/example/Lists.scala. Using presentation compiler with project's scala-library version: 3.3.3
2024.07.21 17:18:56 INFO  no build target found for /home/tchx/Documents/scala-coursera/progfun1-example/example/src/main/scala/example/Lists.scala. Using presentation compiler with project's scala-library version: 3.3.3
2024.07.21 17:18:56 INFO  no build target found for /home/tchx/Documents/scala-coursera/progfun1-example/example/src/main/scala/example/Lists.scala. Using presentation compiler with project's scala-library version: 3.3.3
2024.07.21 17:18:56 INFO  no build target found for /home/tchx/Documents/scala-coursera/progfun1-example/example/src/main/scala/example/Lists.scala. Using presentation compiler with project's scala-library version: 3.3.3
2024.07.21 17:18:56 INFO  no build target found for /home/tchx/Documents/scala-coursera/progfun1-example/example/src/main/scala/example/Lists.scala. Using presentation compiler with project's scala-library version: 3.3.3
2024.07.21 17:18:56 INFO  no build target found for /home/tchx/Documents/scala-coursera/progfun1-example/example/src/main/scala/example/Lists.scala. Using presentation compiler with project's scala-library version: 3.3.3
2024.07.21 17:18:56 INFO  no build target found for /home/tchx/Documents/scala-coursera/progfun1-example/example/src/main/scala/example/Lists.scala. Using presentation compiler with project's scala-library version: 3.3.3
2024.07.21 17:18:56 INFO  no build target found for /home/tchx/Documents/scala-coursera/progfun1-example/example/src/main/scala/example/Lists.scala. Using presentation compiler with project's scala-library version: 3.3.3
2024.07.21 17:18:56 INFO  no build target found for /home/tchx/Documents/scala-coursera/progfun1-example/example/src/main/scala/example/Lists.scala. Using presentation compiler with project's scala-library version: 3.3.3
2024.07.21 17:18:56 INFO  no build target found for /home/tchx/Documents/scala-coursera/progfun1-example/example/src/main/scala/example/Lists.scala. Using presentation compiler with project's scala-library version: 3.3.3
2024.07.21 17:18:56 INFO  no build target found for /home/tchx/Documents/scala-coursera/progfun1-example/example/src/main/scala/example/Lists.scala. Using presentation compiler with project's scala-library version: 3.3.3
2024.07.21 17:18:56 INFO  no build target found for /home/tchx/Documents/scala-coursera/progfun1-example/example/src/main/scala/example/Lists.scala. Using presentation compiler with project's scala-library version: 3.3.3
2024.07.21 17:18:56 INFO  no build target found for /home/tchx/Documents/scala-coursera/progfun1-example/example/src/main/scala/example/Lists.scala. Using presentation compiler with project's scala-library version: 3.3.3
2024.07.21 17:18:57 INFO  no build target found for /home/tchx/Documents/scala-coursera/progfun1-example/example/src/main/scala/example/Lists.scala. Using presentation compiler with project's scala-library version: 3.3.3
2024.07.21 17:18:56 INFO  no build target found for /home/tchx/Documents/scala-coursera/progfun1-example/example/src/main/scala/example/Lists.scala. Using presentation compiler with project's scala-library version: 3.3.3
2024.07.21 17:18:57 INFO  no build target found for /home/tchx/Documents/scala-coursera/progfun1-example/example/src/main/scala/example/Lists.scala. Using presentation compiler with project's scala-library version: 3.3.3
2024.07.21 17:18:57 INFO  no build target found for /home/tchx/Documents/scala-coursera/progfun1-example/example/src/main/scala/example/Lists.scala. Using presentation compiler with project's scala-library version: 3.3.3
2024.07.21 17:18:57 INFO  no build target found for /home/tchx/Documents/scala-coursera/progfun1-example/example/src/main/scala/example/Lists.scala. Using presentation compiler with project's scala-library version: 3.3.3
2024.07.21 17:18:57 INFO  no build target found for /home/tchx/Documents/scala-coursera/progfun1-example/example/src/main/scala/example/Lists.scala. Using presentation compiler with project's scala-library version: 3.3.3
2024.07.21 17:18:57 INFO  no build target found for /home/tchx/Documents/scala-coursera/progfun1-example/example/src/main/scala/example/Lists.scala. Using presentation compiler with project's scala-library version: 3.3.3
2024.07.21 17:18:58 INFO  no build target found for /home/tchx/Documents/scala-coursera/progfun1-example/example/src/main/scala/example/Lists.scala. Using presentation compiler with project's scala-library version: 3.3.3
2024.07.21 17:18:57 INFO  no build target found for /home/tchx/Documents/scala-coursera/progfun1-example/example/src/main/scala/example/Lists.scala. Using presentation compiler with project's scala-library version: 3.3.3
2024.07.21 17:18:57 INFO  no build target found for /home/tchx/Documents/scala-coursera/progfun1-example/example/src/main/scala/example/Lists.scala. Using presentation compiler with project's scala-library version: 3.3.3
2024.07.21 17:18:57 INFO  no build target found for /home/tchx/Documents/scala-coursera/progfun1-example/example/src/main/scala/example/Lists.scala. Using presentation compiler with project's scala-library version: 3.3.3
2024.07.21 17:18:57 INFO  no build target found for /home/tchx/Documents/scala-coursera/progfun1-example/example/src/main/scala/example/Lists.scala. Using presentation compiler with project's scala-library version: 3.3.3
2024.07.21 17:18:57 INFO  no build target found for /home/tchx/Documents/scala-coursera/progfun1-example/example/src/main/scala/example/Lists.scala. Using presentation compiler with project's scala-library version: 3.3.3
2024.07.21 17:18:57 INFO  no build target found for /home/tchx/Documents/scala-coursera/progfun1-example/example/src/main/scala/example/Lists.scala. Using presentation compiler with project's scala-library version: 3.3.3
2024.07.21 17:18:58 INFO  no build target found for /home/tchx/Documents/scala-coursera/progfun1-example/example/src/main/scala/example/Lists.scala. Using presentation compiler with project's scala-library version: 3.3.3
2024.07.21 17:18:57 INFO  no build target found for /home/tchx/Documents/scala-coursera/progfun1-example/example/src/main/scala/example/Lists.scala. Using presentation compiler with project's scala-library version: 3.3.3
2024.07.21 17:18:57 INFO  no build target found for /home/tchx/Documents/scala-coursera/progfun1-example/example/src/main/scala/example/Lists.scala. Using presentation compiler with project's scala-library version: 3.3.3
2024.07.21 17:18:57 INFO  no build target found for /home/tchx/Documents/scala-coursera/progfun1-example/example/src/main/scala/example/Lists.scala. Using presentation compiler with project's scala-library version: 3.3.3
2024.07.21 17:18:58 INFO  no build target found for /home/tchx/Documents/scala-coursera/progfun1-example/example/src/main/scala/example/Lists.scala. Using presentation compiler with project's scala-library version: 3.3.3
2024.07.21 17:18:57 INFO  no build target found for /home/tchx/Documents/scala-coursera/progfun1-example/example/src/main/scala/example/Lists.scala. Using presentation compiler with project's scala-library version: 3.3.3
2024.07.21 17:18:58 INFO  no build target found for /home/tchx/Documents/scala-coursera/progfun1-example/example/src/main/scala/example/Lists.scala. Using presentation compiler with project's scala-library version: 3.3.3
2024.07.21 17:18:59 INFO  no build target found for /home/tchx/Documents/scala-coursera/progfun1-example/example/src/main/scala/example/Lists.scala. Using presentation compiler with project's scala-library version: 3.3.3
2024.07.21 17:18:59 INFO  no build target found for /home/tchx/Documents/scala-coursera/progfun1-example/example/src/main/scala/example/Lists.scala. Using presentation compiler with project's scala-library version: 3.3.3
2024.07.21 17:18:59 INFO  no build target found for /home/tchx/Documents/scala-coursera/progfun1-example/example/src/main/scala/example/Lists.scala. Using presentation compiler with project's scala-library version: 3.3.3
2024.07.21 17:18:59 INFO  no build target found for /home/tchx/Documents/scala-coursera/progfun1-example/example/src/main/scala/example/Lists.scala. Using presentation compiler with project's scala-library version: 3.3.3
2024.07.21 17:19:12 INFO  no build target found for /home/tchx/Documents/scala-coursera/progfun1-example/example/src/main/scala/example/Lists.scala. Using presentation compiler with project's scala-library version: 3.3.3
2024.07.21 17:19:12 INFO  no build target found for /home/tchx/Documents/scala-coursera/progfun1-example/example/src/main/scala/example/Lists.scala. Using presentation compiler with project's scala-library version: 3.3.3
2024.07.21 17:19:12 INFO  no build target found for /home/tchx/Documents/scala-coursera/progfun1-example/example/src/main/scala/example/Lists.scala. Using presentation compiler with project's scala-library version: 3.3.3
2024.07.21 17:19:12 INFO  no build target found for /home/tchx/Documents/scala-coursera/progfun1-example/example/src/main/scala/example/Lists.scala. Using presentation compiler with project's scala-library version: 3.3.3
Jul 21, 2024 5:19:12 PM org.eclipse.lsp4j.jsonrpc.RemoteEndpoint handleCancellation
WARNING: Unmatched cancel notification for request id 434
2024.07.21 17:19:12 INFO  no build target found for /home/tchx/Documents/scala-coursera/progfun1-example/example/src/main/scala/example/Lists.scala. Using presentation compiler with project's scala-library version: 3.3.3
2024.07.21 17:19:14 INFO  no build target found for /home/tchx/Documents/scala-coursera/progfun1-example/example/src/main/scala/example/Lists.scala. Using presentation compiler with project's scala-library version: 3.3.3
2024.07.21 17:19:14 INFO  no build target found for /home/tchx/Documents/scala-coursera/progfun1-example/example/src/main/scala/example/Lists.scala. Using presentation compiler with project's scala-library version: 3.3.3
2024.07.21 17:19:15 INFO  no build target found for /home/tchx/Documents/scala-coursera/progfun1-example/example/src/main/scala/example/Lists.scala. Using presentation compiler with project's scala-library version: 3.3.3
2024.07.21 17:19:15 INFO  no build target found for /home/tchx/Documents/scala-coursera/progfun1-example/example/src/main/scala/example/Lists.scala. Using presentation compiler with project's scala-library version: 3.3.3
2024.07.21 17:19:14 INFO  no build target found for /home/tchx/Documents/scala-coursera/progfun1-example/example/src/main/scala/example/Lists.scala. Using presentation compiler with project's scala-library version: 3.3.3
2024.07.21 17:19:15 INFO  no build target found for /home/tchx/Documents/scala-coursera/progfun1-example/example/src/main/scala/example/Lists.scala. Using presentation compiler with project's scala-library version: 3.3.3
2024.07.21 17:19:15 INFO  no build target found for /home/tchx/Documents/scala-coursera/progfun1-example/example/src/main/scala/example/Lists.scala. Using presentation compiler with project's scala-library version: 3.3.3
2024.07.21 17:19:16 INFO  no build target found for /home/tchx/Documents/scala-coursera/progfun1-example/example/src/main/scala/example/Lists.scala. Using presentation compiler with project's scala-library version: 3.3.3
2024.07.21 17:19:16 INFO  no build target found for /home/tchx/Documents/scala-coursera/progfun1-example/example/src/main/scala/example/Lists.scala. Using presentation compiler with project's scala-library version: 3.3.3
2024.07.21 17:19:16 INFO  no build target found for /home/tchx/Documents/scala-coursera/progfun1-example/example/src/main/scala/example/Lists.scala. Using presentation compiler with project's scala-library version: 3.3.3
2024.07.21 17:19:17 INFO  no build target found for /home/tchx/Documents/scala-coursera/progfun1-example/example/src/main/scala/example/Lists.scala. Using presentation compiler with project's scala-library version: 3.3.3
2024.07.21 17:19:17 INFO  no build target found for /home/tchx/Documents/scala-coursera/progfun1-example/example/src/main/scala/example/Lists.scala. Using presentation compiler with project's scala-library version: 3.3.3
2024.07.21 17:19:17 INFO  no build target found for /home/tchx/Documents/scala-coursera/progfun1-example/example/src/main/scala/example/Lists.scala. Using presentation compiler with project's scala-library version: 3.3.3
2024.07.21 17:19:17 INFO  no build target found for /home/tchx/Documents/scala-coursera/progfun1-example/example/src/main/scala/example/Lists.scala. Using presentation compiler with project's scala-library version: 3.3.3
2024.07.21 17:19:18 INFO  no build target found for /home/tchx/Documents/scala-coursera/progfun1-example/example/src/main/scala/example/Lists.scala. Using presentation compiler with project's scala-library version: 3.3.3
2024.07.21 17:19:18 INFO  no build target found for /home/tchx/Documents/scala-coursera/progfun1-example/example/src/main/scala/example/Lists.scala. Using presentation compiler with project's scala-library version: 3.3.3
2024.07.21 17:19:18 WARN  no build target for: /home/tchx/Documents/scala-coursera/progfun1-example/example/src/main/scala/example/Lists.scala
2024.07.21 17:19:18 INFO  no build target found for /home/tchx/Documents/scala-coursera/progfun1-example/example/src/main/scala/example/Lists.scala. Using presentation compiler with project's scala-library version: 3.3.3
2024.07.21 17:19:23 INFO  no build target found for /home/tchx/Documents/scala-coursera/progfun1-example/example/src/main/scala/example/Lists.scala. Using presentation compiler with project's scala-library version: 3.3.3
2024.07.21 17:19:45 INFO  no build target found for /home/tchx/Documents/scala-coursera/progfun1-example/example/src/main/scala/example/Lists.scala. Using presentation compiler with project's scala-library version: 3.3.3
2024.07.21 17:22:43 INFO  Shutting down server
2024.07.21 17:22:43 INFO  shutting down Metals
2024.07.21 17:22:43 INFO  Exiting server
2024.07.21 17:23:13 INFO  Started: Metals version 1.3.3 in folders '/home/tchx/Documents/scala-coursera/progfun1-example' for client Visual Studio Code 1.91.1.
SLF4J(W): Class path contains multiple SLF4J providers.
SLF4J(W): Found provider [scribe.slf4j.ScribeServiceProvider@72e4c76d]
SLF4J(W): Found provider [ch.qos.logback.classic.spi.LogbackServiceProvider@4a303f6d]
SLF4J(W): See https://www.slf4j.org/codes.html#multiple_bindings for an explanation.
SLF4J(I): Actual provider is of type [scribe.slf4j.ScribeServiceProvider@72e4c76d]
2024.07.21 17:23:13 WARN  Flyway upgrade recommended: H2 2.2.224 is newer than this version of Flyway and support has not been tested. The latest supported version of H2 is 2.2.220.
2024.07.21 17:23:15 INFO  skipping build import with status 'Failed'
2024.07.21 17:23:15 INFO  no build target found for /home/tchx/Documents/scala-coursera/progfun1-example/example/src/main/scala/example/Lists.scala. Using presentation compiler with project's scala-library version: 3.3.3
2024.07.21 17:23:15 INFO  no build target found for /home/tchx/Documents/scala-coursera/progfun1-example/example/src/main/scala/example/Lists.scala. Using presentation compiler with project's scala-library version: 3.3.3
Jul 21, 2024 5:23:15 PM org.eclipse.lsp4j.jsonrpc.RemoteEndpoint handleCancellation
WARNING: Unmatched cancel notification for request id 2
2024.07.21 17:23:16 INFO  no build target found for /home/tchx/Documents/scala-coursera/progfun1-example/example/src/main/scala/example/Lists.scala. Using presentation compiler with project's scala-library version: 3.3.3
2024.07.21 17:23:16 INFO  time: code lens generation in 1.7s
2024.07.21 17:23:19 INFO  no build target found for /home/tchx/Documents/scala-coursera/progfun1-example/example/src/main/scala/example/Lists.scala. Using presentation compiler with project's scala-library version: 3.3.3
2024.07.21 17:23:20 INFO  no build target found for /home/tchx/Documents/scala-coursera/progfun1-example/example/src/main/scala/example/Lists.scala. Using presentation compiler with project's scala-library version: 3.3.3
2024.07.21 17:23:20 INFO  no build target found for /home/tchx/Documents/scala-coursera/progfun1-example/example/src/main/scala/example/Lists.scala. Using presentation compiler with project's scala-library version: 3.3.3
2024.07.21 17:23:20 INFO  no build target found for /home/tchx/Documents/scala-coursera/progfun1-example/example/src/main/scala/example/Lists.scala. Using presentation compiler with project's scala-library version: 3.3.3
2024.07.21 17:23:20 INFO  no build target found for /home/tchx/Documents/scala-coursera/progfun1-example/example/src/main/scala/example/Lists.scala. Using presentation compiler with project's scala-library version: 3.3.3
2024.07.21 17:23:20 INFO  no build target found for /home/tchx/Documents/scala-coursera/progfun1-example/example/src/main/scala/example/Lists.scala. Using presentation compiler with project's scala-library version: 3.3.3
2024.07.21 17:23:20 INFO  no build target found for /home/tchx/Documents/scala-coursera/progfun1-example/example/src/main/scala/example/Lists.scala. Using presentation compiler with project's scala-library version: 3.3.3
2024.07.21 17:23:21 INFO  no build target found for /home/tchx/Documents/scala-coursera/progfun1-example/example/src/main/scala/example/Lists.scala. Using presentation compiler with project's scala-library version: 3.3.3
2024.07.21 17:23:21 INFO  no build target found for /home/tchx/Documents/scala-coursera/progfun1-example/example/src/main/scala/example/Lists.scala. Using presentation compiler with project's scala-library version: 3.3.3
2024.07.21 17:23:22 INFO  no build target found for /home/tchx/Documents/scala-coursera/progfun1-example/example/src/main/scala/example/Lists.scala. Using presentation compiler with project's scala-library version: 3.3.3
2024.07.21 17:23:21 INFO  no build target found for /home/tchx/Documents/scala-coursera/progfun1-example/example/src/main/scala/example/Lists.scala. Using presentation compiler with project's scala-library version: 3.3.3
2024.07.21 17:23:21 INFO  no build target found for /home/tchx/Documents/scala-coursera/progfun1-example/example/src/main/scala/example/Lists.scala. Using presentation compiler with project's scala-library version: 3.3.3
2024.07.21 17:23:23 INFO  no build target found for /home/tchx/Documents/scala-coursera/progfun1-example/example/src/main/scala/example/Lists.scala. Using presentation compiler with project's scala-library version: 3.3.3
2024.07.21 17:23:23 INFO  no build target found for /home/tchx/Documents/scala-coursera/progfun1-example/example/src/main/scala/example/Lists.scala. Using presentation compiler with project's scala-library version: 3.3.3
2024.07.21 17:23:23 INFO  no build target found for /home/tchx/Documents/scala-coursera/progfun1-example/example/src/main/scala/example/Lists.scala. Using presentation compiler with project's scala-library version: 3.3.3
2024.07.21 17:23:23 INFO  no build target found for /home/tchx/Documents/scala-coursera/progfun1-example/example/src/main/scala/example/Lists.scala. Using presentation compiler with project's scala-library version: 3.3.3
2024.07.21 17:23:24 INFO  no build target found for /home/tchx/Documents/scala-coursera/progfun1-example/example/src/main/scala/example/Lists.scala. Using presentation compiler with project's scala-library version: 3.3.3
2024.07.21 17:23:24 INFO  no build target found for /home/tchx/Documents/scala-coursera/progfun1-example/example/src/main/scala/example/Lists.scala. Using presentation compiler with project's scala-library version: 3.3.3
2024.07.21 17:23:24 INFO  no build target found for /home/tchx/Documents/scala-coursera/progfun1-example/example/src/main/scala/example/Lists.scala. Using presentation compiler with project's scala-library version: 3.3.3
2024.07.21 17:23:25 INFO  no build target found for /home/tchx/Documents/scala-coursera/progfun1-example/example/src/main/scala/example/Lists.scala. Using presentation compiler with project's scala-library version: 3.3.3
2024.07.21 17:23:25 INFO  no build target found for /home/tchx/Documents/scala-coursera/progfun1-example/example/src/main/scala/example/Lists.scala. Using presentation compiler with project's scala-library version: 3.3.3
2024.07.21 17:23:25 INFO  no build target found for /home/tchx/Documents/scala-coursera/progfun1-example/example/src/main/scala/example/Lists.scala. Using presentation compiler with project's scala-library version: 3.3.3
2024.07.21 17:23:25 INFO  no build target found for /home/tchx/Documents/scala-coursera/progfun1-example/example/src/main/scala/example/Lists.scala. Using presentation compiler with project's scala-library version: 3.3.3
2024.07.21 17:23:26 INFO  no build target found for /home/tchx/Documents/scala-coursera/progfun1-example/example/src/main/scala/example/Lists.scala. Using presentation compiler with project's scala-library version: 3.3.3
2024.07.21 17:23:28 INFO  no build target found for /home/tchx/Documents/scala-coursera/progfun1-example/example/src/main/scala/example/Lists.scala. Using presentation compiler with project's scala-library version: 3.3.3
2024.07.21 17:23:28 INFO  no build target found for /home/tchx/Documents/scala-coursera/progfun1-example/example/src/main/scala/example/Lists.scala. Using presentation compiler with project's scala-library version: 3.3.3
2024.07.21 17:23:28 INFO  no build target found for /home/tchx/Documents/scala-coursera/progfun1-example/example/src/main/scala/example/Lists.scala. Using presentation compiler with project's scala-library version: 3.3.3
2024.07.21 17:23:28 INFO  no build target found for /home/tchx/Documents/scala-coursera/progfun1-example/example/src/main/scala/example/Lists.scala. Using presentation compiler with project's scala-library version: 3.3.3
2024.07.21 17:23:28 INFO  no build target found for /home/tchx/Documents/scala-coursera/progfun1-example/example/src/main/scala/example/Lists.scala. Using presentation compiler with project's scala-library version: 3.3.3
2024.07.21 17:23:28 INFO  no build target found for /home/tchx/Documents/scala-coursera/progfun1-example/example/src/main/scala/example/Lists.scala. Using presentation compiler with project's scala-library version: 3.3.3
2024.07.21 17:23:29 INFO  no build target found for /home/tchx/Documents/scala-coursera/progfun1-example/example/src/main/scala/example/Lists.scala. Using presentation compiler with project's scala-library version: 3.3.3
2024.07.21 17:23:31 INFO  no build target found for /home/tchx/Documents/scala-coursera/progfun1-example/example/src/main/scala/example/Lists.scala. Using presentation compiler with project's scala-library version: 3.3.3
2024.07.21 17:23:32 INFO  no build target found for /home/tchx/Documents/scala-coursera/progfun1-example/example/src/main/scala/example/Lists.scala. Using presentation compiler with project's scala-library version: 3.3.3
2024.07.21 17:23:32 INFO  no build target found for /home/tchx/Documents/scala-coursera/progfun1-example/example/src/main/scala/example/Lists.scala. Using presentation compiler with project's scala-library version: 3.3.3
2024.07.21 17:23:32 INFO  no build target found for /home/tchx/Documents/scala-coursera/progfun1-example/example/src/main/scala/example/Lists.scala. Using presentation compiler with project's scala-library version: 3.3.3
2024.07.21 17:23:32 INFO  no build target found for /home/tchx/Documents/scala-coursera/progfun1-example/example/src/main/scala/example/Lists.scala. Using presentation compiler with project's scala-library version: 3.3.3
2024.07.21 17:23:32 INFO  no build target found for /home/tchx/Documents/scala-coursera/progfun1-example/example/src/main/scala/example/Lists.scala. Using presentation compiler with project's scala-library version: 3.3.3
2024.07.21 17:23:32 INFO  no build target found for /home/tchx/Documents/scala-coursera/progfun1-example/example/src/main/scala/example/Lists.scala. Using presentation compiler with project's scala-library version: 3.3.3
2024.07.21 17:23:32 INFO  no build target found for /home/tchx/Documents/scala-coursera/progfun1-example/example/src/main/scala/example/Lists.scala. Using presentation compiler with project's scala-library version: 3.3.3
2024.07.21 17:23:32 INFO  no build target found for /home/tchx/Documents/scala-coursera/progfun1-example/example/src/main/scala/example/Lists.scala. Using presentation compiler with project's scala-library version: 3.3.3
2024.07.21 17:23:32 INFO  no build target found for /home/tchx/Documents/scala-coursera/progfun1-example/example/src/main/scala/example/Lists.scala. Using presentation compiler with project's scala-library version: 3.3.3
2024.07.21 17:23:32 INFO  no build target found for /home/tchx/Documents/scala-coursera/progfun1-example/example/src/main/scala/example/Lists.scala. Using presentation compiler with project's scala-library version: 3.3.3
2024.07.21 17:23:32 INFO  no build target found for /home/tchx/Documents/scala-coursera/progfun1-example/example/src/main/scala/example/Lists.scala. Using presentation compiler with project's scala-library version: 3.3.3
2024.07.21 17:23:33 INFO  no build target found for /home/tchx/Documents/scala-coursera/progfun1-example/example/src/main/scala/example/Lists.scala. Using presentation compiler with project's scala-library version: 3.3.3
2024.07.21 17:23:32 INFO  no build target found for /home/tchx/Documents/scala-coursera/progfun1-example/example/src/main/scala/example/Lists.scala. Using presentation compiler with project's scala-library version: 3.3.3
2024.07.21 17:23:32 INFO  no build target found for /home/tchx/Documents/scala-coursera/progfun1-example/example/src/main/scala/example/Lists.scala. Using presentation compiler with project's scala-library version: 3.3.3
2024.07.21 17:23:33 INFO  no build target found for /home/tchx/Documents/scala-coursera/progfun1-example/example/src/main/scala/example/Lists.scala. Using presentation compiler with project's scala-library version: 3.3.3
2024.07.21 17:23:33 INFO  no build target found for /home/tchx/Documents/scala-coursera/progfun1-example/example/src/main/scala/example/Lists.scala. Using presentation compiler with project's scala-library version: 3.3.3
2024.07.21 17:23:33 INFO  no build target found for /home/tchx/Documents/scala-coursera/progfun1-example/example/src/main/scala/example/Lists.scala. Using presentation compiler with project's scala-library version: 3.3.3
2024.07.21 17:23:33 INFO  no build target found for /home/tchx/Documents/scala-coursera/progfun1-example/example/src/main/scala/example/Lists.scala. Using presentation compiler with project's scala-library version: 3.3.3
2024.07.21 17:23:33 INFO  no build target found for /home/tchx/Documents/scala-coursera/progfun1-example/example/src/main/scala/example/Lists.scala. Using presentation compiler with project's scala-library version: 3.3.3
2024.07.21 17:23:33 INFO  no build target found for /home/tchx/Documents/scala-coursera/progfun1-example/example/src/main/scala/example/Lists.scala. Using presentation compiler with project's scala-library version: 3.3.3
2024.07.21 17:23:33 INFO  no build target found for /home/tchx/Documents/scala-coursera/progfun1-example/example/src/main/scala/example/Lists.scala. Using presentation compiler with project's scala-library version: 3.3.3
2024.07.21 17:23:35 INFO  no build target found for /home/tchx/Documents/scala-coursera/progfun1-example/example/src/main/scala/example/Lists.scala. Using presentation compiler with project's scala-library version: 3.3.3
2024.07.21 17:23:35 INFO  no build target found for /home/tchx/Documents/scala-coursera/progfun1-example/example/src/main/scala/example/Lists.scala. Using presentation compiler with project's scala-library version: 3.3.3
2024.07.21 17:23:35 INFO  no build target found for /home/tchx/Documents/scala-coursera/progfun1-example/example/src/main/scala/example/Lists.scala. Using presentation compiler with project's scala-library version: 3.3.3
2024.07.21 17:23:35 INFO  no build target found for /home/tchx/Documents/scala-coursera/progfun1-example/example/src/main/scala/example/Lists.scala. Using presentation compiler with project's scala-library version: 3.3.3
2024.07.21 17:23:36 INFO  no build target found for /home/tchx/Documents/scala-coursera/progfun1-example/example/src/main/scala/example/Lists.scala. Using presentation compiler with project's scala-library version: 3.3.3
2024.07.21 17:23:37 INFO  no build target found for /home/tchx/Documents/scala-coursera/progfun1-example/example/src/main/scala/example/Lists.scala. Using presentation compiler with project's scala-library version: 3.3.3
2024.07.21 17:23:37 INFO  no build target found for /home/tchx/Documents/scala-coursera/progfun1-example/example/src/main/scala/example/Lists.scala. Using presentation compiler with project's scala-library version: 3.3.3
2024.07.21 17:23:37 INFO  no build target found for /home/tchx/Documents/scala-coursera/progfun1-example/example/src/main/scala/example/Lists.scala. Using presentation compiler with project's scala-library version: 3.3.3
2024.07.21 17:23:37 INFO  no build target found for /home/tchx/Documents/scala-coursera/progfun1-example/example/src/main/scala/example/Lists.scala. Using presentation compiler with project's scala-library version: 3.3.3
2024.07.21 17:23:36 INFO  no build target found for /home/tchx/Documents/scala-coursera/progfun1-example/example/src/main/scala/example/Lists.scala. Using presentation compiler with project's scala-library version: 3.3.3
2024.07.21 17:23:37 INFO  no build target found for /home/tchx/Documents/scala-coursera/progfun1-example/example/src/main/scala/example/Lists.scala. Using presentation compiler with project's scala-library version: 3.3.3
2024.07.21 17:23:37 INFO  no build target found for /home/tchx/Documents/scala-coursera/progfun1-example/example/src/main/scala/example/Lists.scala. Using presentation compiler with project's scala-library version: 3.3.3
2024.07.21 17:23:38 INFO  no build target found for /home/tchx/Documents/scala-coursera/progfun1-example/example/src/main/scala/example/Lists.scala. Using presentation compiler with project's scala-library version: 3.3.3
2024.07.21 17:23:38 INFO  no build target found for /home/tchx/Documents/scala-coursera/progfun1-example/example/src/main/scala/example/Lists.scala. Using presentation compiler with project's scala-library version: 3.3.3
2024.07.21 17:23:38 INFO  no build target found for /home/tchx/Documents/scala-coursera/progfun1-example/example/src/main/scala/example/Lists.scala. Using presentation compiler with project's scala-library version: 3.3.3
2024.07.21 17:23:38 INFO  no build target found for /home/tchx/Documents/scala-coursera/progfun1-example/example/src/main/scala/example/Lists.scala. Using presentation compiler with project's scala-library version: 3.3.3
2024.07.21 17:23:38 INFO  no build target found for /home/tchx/Documents/scala-coursera/progfun1-example/example/src/main/scala/example/Lists.scala. Using presentation compiler with project's scala-library version: 3.3.3
2024.07.21 17:23:38 INFO  no build target found for /home/tchx/Documents/scala-coursera/progfun1-example/example/src/main/scala/example/Lists.scala. Using presentation compiler with project's scala-library version: 3.3.3
2024.07.21 17:23:39 INFO  no build target found for /home/tchx/Documents/scala-coursera/progfun1-example/example/src/main/scala/example/Lists.scala. Using presentation compiler with project's scala-library version: 3.3.3
2024.07.21 17:23:39 INFO  no build target found for /home/tchx/Documents/scala-coursera/progfun1-example/example/src/main/scala/example/Lists.scala. Using presentation compiler with project's scala-library version: 3.3.3
2024.07.21 17:23:39 INFO  no build target found for /home/tchx/Documents/scala-coursera/progfun1-example/example/src/main/scala/example/Lists.scala. Using presentation compiler with project's scala-library version: 3.3.3
2024.07.21 17:23:39 INFO  no build target found for /home/tchx/Documents/scala-coursera/progfun1-example/example/src/main/scala/example/Lists.scala. Using presentation compiler with project's scala-library version: 3.3.3
2024.07.21 17:23:39 INFO  no build target found for /home/tchx/Documents/scala-coursera/progfun1-example/example/src/main/scala/example/Lists.scala. Using presentation compiler with project's scala-library version: 3.3.3
2024.07.21 17:23:39 INFO  no build target found for /home/tchx/Documents/scala-coursera/progfun1-example/example/src/main/scala/example/Lists.scala. Using presentation compiler with project's scala-library version: 3.3.3
2024.07.21 17:23:39 INFO  no build target found for /home/tchx/Documents/scala-coursera/progfun1-example/example/src/main/scala/example/Lists.scala. Using presentation compiler with project's scala-library version: 3.3.3
2024.07.21 17:23:40 INFO  no build target found for /home/tchx/Documents/scala-coursera/progfun1-example/example/src/main/scala/example/Lists.scala. Using presentation compiler with project's scala-library version: 3.3.3
2024.07.21 17:23:39 INFO  no build target found for /home/tchx/Documents/scala-coursera/progfun1-example/example/src/main/scala/example/Lists.scala. Using presentation compiler with project's scala-library version: 3.3.3
2024.07.21 17:23:39 INFO  no build target found for /home/tchx/Documents/scala-coursera/progfun1-example/example/src/main/scala/example/Lists.scala. Using presentation compiler with project's scala-library version: 3.3.3
2024.07.21 17:23:39 INFO  no build target found for /home/tchx/Documents/scala-coursera/progfun1-example/example/src/main/scala/example/Lists.scala. Using presentation compiler with project's scala-library version: 3.3.3
2024.07.21 17:23:40 INFO  no build target found for /home/tchx/Documents/scala-coursera/progfun1-example/example/src/main/scala/example/Lists.scala. Using presentation compiler with project's scala-library version: 3.3.3
2024.07.21 17:23:40 INFO  no build target found for /home/tchx/Documents/scala-coursera/progfun1-example/example/src/main/scala/example/Lists.scala. Using presentation compiler with project's scala-library version: 3.3.3
2024.07.21 17:23:40 INFO  no build target found for /home/tchx/Documents/scala-coursera/progfun1-example/example/src/main/scala/example/Lists.scala. Using presentation compiler with project's scala-library version: 3.3.3
2024.07.21 17:23:41 INFO  no build target found for /home/tchx/Documents/scala-coursera/progfun1-example/example/src/main/scala/example/Lists.scala. Using presentation compiler with project's scala-library version: 3.3.3
2024.07.21 17:23:40 INFO  no build target found for /home/tchx/Documents/scala-coursera/progfun1-example/example/src/main/scala/example/Lists.scala. Using presentation compiler with project's scala-library version: 3.3.3
2024.07.21 17:23:42 INFO  no build target found for /home/tchx/Documents/scala-coursera/progfun1-example/example/src/main/scala/example/Lists.scala. Using presentation compiler with project's scala-library version: 3.3.3
2024.07.21 17:23:42 INFO  no build target found for /home/tchx/Documents/scala-coursera/progfun1-example/example/src/main/scala/example/Lists.scala. Using presentation compiler with project's scala-library version: 3.3.3
2024.07.21 17:23:42 INFO  no build target found for /home/tchx/Documents/scala-coursera/progfun1-example/example/src/main/scala/example/Lists.scala. Using presentation compiler with project's scala-library version: 3.3.3
2024.07.21 17:24:14 INFO  no build target found for /home/tchx/Documents/scala-coursera/progfun1-example/example/src/main/scala/example/Lists.scala. Using presentation compiler with project's scala-library version: 3.3.3
2024.07.21 17:24:15 INFO  no build target found for /home/tchx/Documents/scala-coursera/progfun1-example/example/src/main/scala/example/Lists.scala. Using presentation compiler with project's scala-library version: 3.3.3
2024.07.21 17:24:15 INFO  no build target found for /home/tchx/Documents/scala-coursera/progfun1-example/example/src/main/scala/example/Lists.scala. Using presentation compiler with project's scala-library version: 3.3.3
2024.07.21 17:24:14 INFO  no build target found for /home/tchx/Documents/scala-coursera/progfun1-example/example/src/main/scala/example/Lists.scala. Using presentation compiler with project's scala-library version: 3.3.3
2024.07.21 17:24:14 INFO  no build target found for /home/tchx/Documents/scala-coursera/progfun1-example/example/src/main/scala/example/Lists.scala. Using presentation compiler with project's scala-library version: 3.3.3
2024.07.21 17:24:14 INFO  no build target found for /home/tchx/Documents/scala-coursera/progfun1-example/example/src/main/scala/example/Lists.scala. Using presentation compiler with project's scala-library version: 3.3.3
2024.07.21 17:24:15 INFO  no build target found for /home/tchx/Documents/scala-coursera/progfun1-example/example/src/main/scala/example/Lists.scala. Using presentation compiler with project's scala-library version: 3.3.3
2024.07.21 17:24:15 INFO  no build target found for /home/tchx/Documents/scala-coursera/progfun1-example/example/src/main/scala/example/Lists.scala. Using presentation compiler with project's scala-library version: 3.3.3
2024.07.21 17:24:15 INFO  no build target found for /home/tchx/Documents/scala-coursera/progfun1-example/example/src/main/scala/example/Lists.scala. Using presentation compiler with project's scala-library version: 3.3.3
2024.07.21 17:24:15 INFO  no build target found for /home/tchx/Documents/scala-coursera/progfun1-example/example/src/main/scala/example/Lists.scala. Using presentation compiler with project's scala-library version: 3.3.3
2024.07.21 17:24:15 INFO  no build target found for /home/tchx/Documents/scala-coursera/progfun1-example/example/src/main/scala/example/Lists.scala. Using presentation compiler with project's scala-library version: 3.3.3
2024.07.21 17:24:16 INFO  no build target found for /home/tchx/Documents/scala-coursera/progfun1-example/example/src/main/scala/example/Lists.scala. Using presentation compiler with project's scala-library version: 3.3.3
2024.07.21 17:24:16 INFO  no build target found for /home/tchx/Documents/scala-coursera/progfun1-example/example/src/main/scala/example/Lists.scala. Using presentation compiler with project's scala-library version: 3.3.3
2024.07.21 17:24:15 INFO  no build target found for /home/tchx/Documents/scala-coursera/progfun1-example/example/src/main/scala/example/Lists.scala. Using presentation compiler with project's scala-library version: 3.3.3
2024.07.21 17:24:15 INFO  no build target found for /home/tchx/Documents/scala-coursera/progfun1-example/example/src/main/scala/example/Lists.scala. Using presentation compiler with project's scala-library version: 3.3.3
2024.07.21 17:24:16 INFO  no build target found for /home/tchx/Documents/scala-coursera/progfun1-example/example/src/main/scala/example/Lists.scala. Using presentation compiler with project's scala-library version: 3.3.3
2024.07.21 17:24:15 INFO  no build target found for /home/tchx/Documents/scala-coursera/progfun1-example/example/src/main/scala/example/Lists.scala. Using presentation compiler with project's scala-library version: 3.3.3
2024.07.21 17:24:15 INFO  no build target found for /home/tchx/Documents/scala-coursera/progfun1-example/example/src/main/scala/example/Lists.scala. Using presentation compiler with project's scala-library version: 3.3.3
2024.07.21 17:24:16 INFO  no build target found for /home/tchx/Documents/scala-coursera/progfun1-example/example/src/main/scala/example/Lists.scala. Using presentation compiler with project's scala-library version: 3.3.3
2024.07.21 17:24:17 INFO  no build target found for /home/tchx/Documents/scala-coursera/progfun1-example/example/src/main/scala/example/Lists.scala. Using presentation compiler with project's scala-library version: 3.3.3
2024.07.21 17:24:16 INFO  no build target found for /home/tchx/Documents/scala-coursera/progfun1-example/example/src/main/scala/example/Lists.scala. Using presentation compiler with project's scala-library version: 3.3.3
2024.07.21 17:24:17 INFO  no build target found for /home/tchx/Documents/scala-coursera/progfun1-example/example/src/main/scala/example/Lists.scala. Using presentation compiler with project's scala-library version: 3.3.3
2024.07.21 17:24:17 INFO  no build target found for /home/tchx/Documents/scala-coursera/progfun1-example/example/src/main/scala/example/Lists.scala. Using presentation compiler with project's scala-library version: 3.3.3
2024.07.21 17:24:17 INFO  no build target found for /home/tchx/Documents/scala-coursera/progfun1-example/example/src/main/scala/example/Lists.scala. Using presentation compiler with project's scala-library version: 3.3.3
2024.07.21 17:24:17 INFO  no build target found for /home/tchx/Documents/scala-coursera/progfun1-example/example/src/main/scala/example/Lists.scala. Using presentation compiler with project's scala-library version: 3.3.3
2024.07.21 17:24:17 INFO  no build target found for /home/tchx/Documents/scala-coursera/progfun1-example/example/src/main/scala/example/Lists.scala. Using presentation compiler with project's scala-library version: 3.3.3
2024.07.21 17:24:17 INFO  no build target found for /home/tchx/Documents/scala-coursera/progfun1-example/example/src/main/scala/example/Lists.scala. Using presentation compiler with project's scala-library version: 3.3.3
2024.07.21 17:24:17 INFO  no build target found for /home/tchx/Documents/scala-coursera/progfun1-example/example/src/main/scala/example/Lists.scala. Using presentation compiler with project's scala-library version: 3.3.3
2024.07.21 17:24:18 INFO  no build target found for /home/tchx/Documents/scala-coursera/progfun1-example/example/src/main/scala/example/Lists.scala. Using presentation compiler with project's scala-library version: 3.3.3
2024.07.21 17:24:18 INFO  no build target found for /home/tchx/Documents/scala-coursera/progfun1-example/example/src/main/scala/example/Lists.scala. Using presentation compiler with project's scala-library version: 3.3.3
2024.07.21 17:24:18 INFO  no build target found for /home/tchx/Documents/scala-coursera/progfun1-example/example/src/main/scala/example/Lists.scala. Using presentation compiler with project's scala-library version: 3.3.3
2024.07.21 17:24:18 INFO  no build target found for /home/tchx/Documents/scala-coursera/progfun1-example/example/src/main/scala/example/Lists.scala. Using presentation compiler with project's scala-library version: 3.3.3
2024.07.21 17:24:18 INFO  no build target found for /home/tchx/Documents/scala-coursera/progfun1-example/example/src/main/scala/example/Lists.scala. Using presentation compiler with project's scala-library version: 3.3.3
2024.07.21 17:24:18 INFO  no build target found for /home/tchx/Documents/scala-coursera/progfun1-example/example/src/main/scala/example/Lists.scala. Using presentation compiler with project's scala-library version: 3.3.3
2024.07.21 17:24:18 INFO  no build target found for /home/tchx/Documents/scala-coursera/progfun1-example/example/src/main/scala/example/Lists.scala. Using presentation compiler with project's scala-library version: 3.3.3
2024.07.21 17:24:18 INFO  no build target found for /home/tchx/Documents/scala-coursera/progfun1-example/example/src/main/scala/example/Lists.scala. Using presentation compiler with project's scala-library version: 3.3.3
2024.07.21 17:24:18 INFO  no build target found for /home/tchx/Documents/scala-coursera/progfun1-example/example/src/main/scala/example/Lists.scala. Using presentation compiler with project's scala-library version: 3.3.3
2024.07.21 17:24:18 INFO  no build target found for /home/tchx/Documents/scala-coursera/progfun1-example/example/src/main/scala/example/Lists.scala. Using presentation compiler with project's scala-library version: 3.3.3
2024.07.21 17:24:18 INFO  no build target found for /home/tchx/Documents/scala-coursera/progfun1-example/example/src/main/scala/example/Lists.scala. Using presentation compiler with project's scala-library version: 3.3.3
2024.07.21 17:24:19 INFO  no build target found for /home/tchx/Documents/scala-coursera/progfun1-example/example/src/main/scala/example/Lists.scala. Using presentation compiler with project's scala-library version: 3.3.3
2024.07.21 17:24:19 INFO  no build target found for /home/tchx/Documents/scala-coursera/progfun1-example/example/src/main/scala/example/Lists.scala. Using presentation compiler with project's scala-library version: 3.3.3
2024.07.21 17:24:20 INFO  no build target found for /home/tchx/Documents/scala-coursera/progfun1-example/example/src/main/scala/example/Lists.scala. Using presentation compiler with project's scala-library version: 3.3.3
2024.07.21 17:24:22 INFO  no build target found for /home/tchx/Documents/scala-coursera/progfun1-example/example/src/main/scala/example/Lists.scala. Using presentation compiler with project's scala-library version: 3.3.3
2024.07.21 17:24:22 INFO  no build target found for /home/tchx/Documents/scala-coursera/progfun1-example/example/src/main/scala/example/Lists.scala. Using presentation compiler with project's scala-library version: 3.3.3
2024.07.21 17:24:24 INFO  no build target found for /home/tchx/Documents/scala-coursera/progfun1-example/example/src/main/scala/example/Lists.scala. Using presentation compiler with project's scala-library version: 3.3.3
2024.07.21 17:24:24 INFO  no build target found for /home/tchx/Documents/scala-coursera/progfun1-example/example/src/main/scala/example/Lists.scala. Using presentation compiler with project's scala-library version: 3.3.3
2024.07.21 17:24:27 INFO  no build target found for /home/tchx/Documents/scala-coursera/progfun1-example/example/src/main/scala/example/Lists.scala. Using presentation compiler with project's scala-library version: 3.3.3
2024.07.21 17:24:27 INFO  no build target found for /home/tchx/Documents/scala-coursera/progfun1-example/example/src/main/scala/example/Lists.scala. Using presentation compiler with project's scala-library version: 3.3.3
2024.07.21 17:24:27 INFO  no build target found for /home/tchx/Documents/scala-coursera/progfun1-example/example/src/main/scala/example/Lists.scala. Using presentation compiler with project's scala-library version: 3.3.3
2024.07.21 17:24:27 INFO  no build target found for /home/tchx/Documents/scala-coursera/progfun1-example/example/src/main/scala/example/Lists.scala. Using presentation compiler with project's scala-library version: 3.3.3
2024.07.21 17:24:40 INFO  no build target found for /home/tchx/Documents/scala-coursera/progfun1-example/example/src/main/scala/example/Lists.scala. Using presentation compiler with project's scala-library version: 3.3.3
2024.07.21 17:24:40 INFO  no build target found for /home/tchx/Documents/scala-coursera/progfun1-example/example/src/main/scala/example/Lists.scala. Using presentation compiler with project's scala-library version: 3.3.3
2024.07.21 17:24:42 WARN  no build target for: /home/tchx/Documents/scala-coursera/progfun1-example/example/src/main/scala/example/Lists.scala
2024.07.21 17:24:42 INFO  no build target found for /home/tchx/Documents/scala-coursera/progfun1-example/example/src/main/scala/example/Lists.scala. Using presentation compiler with project's scala-library version: 3.3.3
2024.07.21 17:25:16 INFO  no build target found for /home/tchx/Documents/scala-coursera/progfun1-example/example/src/main/scala/example/Lists.scala. Using presentation compiler with project's scala-library version: 3.3.3
Jul 21, 2024 5:27:13 PM org.eclipse.lsp4j.jsonrpc.services.GenericEndpoint notify
INFO: Unsupported notification method: $/setTrace
2024.07.21 17:27:15 INFO  no build target found for /home/tchx/Documents/scala-coursera/progfun1-example/example/src/main/scala/example/Lists.scala. Using presentation compiler with project's scala-library version: 3.3.3
Downloading https://repo1.maven.org/maven2/org/scala-lang/scala-reflect/2.13.11/scala-reflect-2.13.11.pom
Downloading https://repo1.maven.org/maven2/org/scalameta/scalafmt-core_2.13/2.7.5/scalafmt-core_2.13-2.7.5.pom
Downloaded https://repo1.maven.org/maven2/org/scalameta/scalafmt-core_2.13/2.7.5/scalafmt-core_2.13-2.7.5.pom
Downloaded https://repo1.maven.org/maven2/org/scala-lang/scala-reflect/2.13.11/scala-reflect-2.13.11.pom
Downloading https://repo1.maven.org/maven2/org/scala-lang/modules/scala-parallel-collections_2.13/0.2.0/scala-parallel-collections_2.13-0.2.0.pom
Downloading https://repo1.maven.org/maven2/org/scalameta/scalameta_2.13/4.3.22/scalameta_2.13-4.3.22.pom
Downloading https://repo1.maven.org/maven2/org/scala-lang/scala-library/2.13.11/scala-library-2.13.11.pom
Downloading https://repo1.maven.org/maven2/com/geirsson/metaconfig-typesafe-config_2.13/0.9.10/metaconfig-typesafe-config_2.13-0.9.10.pom
Downloading https://repo1.maven.org/maven2/com/geirsson/metaconfig-core_2.13/0.9.10/metaconfig-core_2.13-0.9.10.pom
Downloaded https://repo1.maven.org/maven2/org/scala-lang/modules/scala-parallel-collections_2.13/0.2.0/scala-parallel-collections_2.13-0.2.0.pom
Downloaded https://repo1.maven.org/maven2/org/scala-lang/scala-library/2.13.11/scala-library-2.13.11.pom
Downloaded https://repo1.maven.org/maven2/com/geirsson/metaconfig-core_2.13/0.9.10/metaconfig-core_2.13-0.9.10.pom
Downloaded https://repo1.maven.org/maven2/org/scalameta/scalameta_2.13/4.3.22/scalameta_2.13-4.3.22.pom
Downloaded https://repo1.maven.org/maven2/com/geirsson/metaconfig-typesafe-config_2.13/0.9.10/metaconfig-typesafe-config_2.13-0.9.10.pom
Downloading https://repo1.maven.org/maven2/org/scala-lang/modules/scala-collection-compat_2.13/2.1.2/scala-collection-compat_2.13-2.1.2.pom
Downloading https://repo1.maven.org/maven2/org/typelevel/paiges-core_2.13/0.3.0/paiges-core_2.13-0.3.0.pom
Downloading https://repo1.maven.org/maven2/com/typesafe/config/1.2.1/config-1.2.1.pom
Downloading https://repo1.maven.org/maven2/org/scala-lang/scalap/2.13.3/scalap-2.13.3.pom
Downloading https://repo1.maven.org/maven2/com/lihaoyi/pprint_2.13/0.5.9/pprint_2.13-0.5.9.pom
Downloading https://repo1.maven.org/maven2/org/scalameta/parsers_2.13/4.3.22/parsers_2.13-4.3.22.pom
Downloaded https://repo1.maven.org/maven2/org/scalameta/parsers_2.13/4.3.22/parsers_2.13-4.3.22.pom
Downloaded https://repo1.maven.org/maven2/org/scala-lang/scalap/2.13.3/scalap-2.13.3.pom
Downloaded https://repo1.maven.org/maven2/com/lihaoyi/pprint_2.13/0.5.9/pprint_2.13-0.5.9.pom
Downloaded https://repo1.maven.org/maven2/com/typesafe/config/1.2.1/config-1.2.1.pom
Downloaded https://repo1.maven.org/maven2/org/scala-lang/modules/scala-collection-compat_2.13/2.1.2/scala-collection-compat_2.13-2.1.2.pom
Downloaded https://repo1.maven.org/maven2/org/typelevel/paiges-core_2.13/0.3.0/paiges-core_2.13-0.3.0.pom
Downloading https://repo1.maven.org/maven2/org/scalameta/trees_2.13/4.3.22/trees_2.13-4.3.22.pom
Downloading https://repo1.maven.org/maven2/com/lihaoyi/fansi_2.13/0.2.9/fansi_2.13-0.2.9.pom
Downloading https://repo1.maven.org/maven2/org/scala-lang/scala-compiler/2.13.3/scala-compiler-2.13.3.pom
Downloading https://repo1.maven.org/maven2/com/lihaoyi/sourcecode_2.13/0.2.1/sourcecode_2.13-0.2.1.pom
Downloaded https://repo1.maven.org/maven2/com/lihaoyi/fansi_2.13/0.2.9/fansi_2.13-0.2.9.pom
Downloaded https://repo1.maven.org/maven2/com/lihaoyi/sourcecode_2.13/0.2.1/sourcecode_2.13-0.2.1.pom
Downloaded https://repo1.maven.org/maven2/org/scalameta/trees_2.13/4.3.22/trees_2.13-4.3.22.pom
Downloaded https://repo1.maven.org/maven2/org/scala-lang/scala-compiler/2.13.3/scala-compiler-2.13.3.pom
Downloading https://repo1.maven.org/maven2/org/scalameta/fastparse_2.13/1.0.1/fastparse_2.13-1.0.1.pom
Downloading https://repo1.maven.org/maven2/org/jline/jline/3.15.0/jline-3.15.0.pom
Downloading https://repo1.maven.org/maven2/org/scalameta/common_2.13/4.3.22/common_2.13-4.3.22.pom
Downloaded https://repo1.maven.org/maven2/org/scalameta/common_2.13/4.3.22/common_2.13-4.3.22.pom
Downloaded https://repo1.maven.org/maven2/org/scalameta/fastparse_2.13/1.0.1/fastparse_2.13-1.0.1.pom
Downloaded https://repo1.maven.org/maven2/org/jline/jline/3.15.0/jline-3.15.0.pom
Downloading https://repo1.maven.org/maven2/org/jline/jline-parent/3.15.0/jline-parent-3.15.0.pom
Downloaded https://repo1.maven.org/maven2/org/jline/jline-parent/3.15.0/jline-parent-3.15.0.pom
Downloading https://repo1.maven.org/maven2/org/scalameta/fastparse-utils_2.13/1.0.1/fastparse-utils_2.13-1.0.1.pom
Downloaded https://repo1.maven.org/maven2/org/scalameta/fastparse-utils_2.13/1.0.1/fastparse-utils_2.13-1.0.1.pom
Downloading https://repo1.maven.org/maven2/org/scala-lang/scalap/2.13.3/scalap-2.13.3.jar
Downloading https://repo1.maven.org/maven2/org/scalameta/common_2.13/4.3.22/common_2.13-4.3.22.jar
Downloading https://repo1.maven.org/maven2/com/geirsson/metaconfig-core_2.13/0.9.10/metaconfig-core_2.13-0.9.10.jar
Downloading https://repo1.maven.org/maven2/org/scalameta/trees_2.13/4.3.22/trees_2.13-4.3.22.jar
Downloading https://repo1.maven.org/maven2/com/lihaoyi/pprint_2.13/0.5.9/pprint_2.13-0.5.9.jar
Downloading https://repo1.maven.org/maven2/org/scalameta/scalafmt-core_2.13/2.7.5/scalafmt-core_2.13-2.7.5.jar
Downloaded https://repo1.maven.org/maven2/org/scala-lang/scalap/2.13.3/scalap-2.13.3.jar
Downloading https://repo1.maven.org/maven2/org/scala-lang/scala-reflect/2.13.11/scala-reflect-2.13.11.jar
Downloaded https://repo1.maven.org/maven2/com/lihaoyi/pprint_2.13/0.5.9/pprint_2.13-0.5.9.jar
Downloading https://repo1.maven.org/maven2/com/lihaoyi/fansi_2.13/0.2.9/fansi_2.13-0.2.9.jar
Downloaded https://repo1.maven.org/maven2/com/lihaoyi/fansi_2.13/0.2.9/fansi_2.13-0.2.9.jar
Downloading https://repo1.maven.org/maven2/org/scalameta/parsers_2.13/4.3.22/parsers_2.13-4.3.22.jar
Downloaded https://repo1.maven.org/maven2/org/scalameta/common_2.13/4.3.22/common_2.13-4.3.22.jar
Downloading https://repo1.maven.org/maven2/org/jline/jline/3.15.0/jline-3.15.0.jar
Downloaded https://repo1.maven.org/maven2/com/geirsson/metaconfig-core_2.13/0.9.10/metaconfig-core_2.13-0.9.10.jar
Downloading https://repo1.maven.org/maven2/org/typelevel/paiges-core_2.13/0.3.0/paiges-core_2.13-0.3.0.jar
Downloaded https://repo1.maven.org/maven2/org/typelevel/paiges-core_2.13/0.3.0/paiges-core_2.13-0.3.0.jar
Downloading https://repo1.maven.org/maven2/org/scalameta/fastparse_2.13/1.0.1/fastparse_2.13-1.0.1.jar
Downloaded https://repo1.maven.org/maven2/org/scalameta/parsers_2.13/4.3.22/parsers_2.13-4.3.22.jar
Downloading https://repo1.maven.org/maven2/com/lihaoyi/sourcecode_2.13/0.2.1/sourcecode_2.13-0.2.1.jar
Downloaded https://repo1.maven.org/maven2/org/scalameta/scalafmt-core_2.13/2.7.5/scalafmt-core_2.13-2.7.5.jar
Downloading https://repo1.maven.org/maven2/org/scala-lang/modules/scala-parallel-collections_2.13/0.2.0/scala-parallel-collections_2.13-0.2.0.jar
Downloaded https://repo1.maven.org/maven2/com/lihaoyi/sourcecode_2.13/0.2.1/sourcecode_2.13-0.2.1.jar
Downloading https://repo1.maven.org/maven2/com/typesafe/config/1.2.1/config-1.2.1.jar
Downloaded https://repo1.maven.org/maven2/org/scalameta/fastparse_2.13/1.0.1/fastparse_2.13-1.0.1.jar
Downloading https://repo1.maven.org/maven2/org/scala-lang/scala-library/2.13.11/scala-library-2.13.11.jar
Downloaded https://repo1.maven.org/maven2/org/jline/jline/3.15.0/jline-3.15.0.jar
Downloading https://repo1.maven.org/maven2/org/scalameta/fastparse-utils_2.13/1.0.1/fastparse-utils_2.13-1.0.1.jar
Downloaded https://repo1.maven.org/maven2/com/typesafe/config/1.2.1/config-1.2.1.jar
Downloading https://repo1.maven.org/maven2/com/geirsson/metaconfig-typesafe-config_2.13/0.9.10/metaconfig-typesafe-config_2.13-0.9.10.jar
Downloaded https://repo1.maven.org/maven2/com/geirsson/metaconfig-typesafe-config_2.13/0.9.10/metaconfig-typesafe-config_2.13-0.9.10.jar
Downloading https://repo1.maven.org/maven2/org/scalameta/scalameta_2.13/4.3.22/scalameta_2.13-4.3.22.jar
Downloaded https://repo1.maven.org/maven2/org/scalameta/fastparse-utils_2.13/1.0.1/fastparse-utils_2.13-1.0.1.jar
Downloading https://repo1.maven.org/maven2/org/scala-lang/modules/scala-collection-compat_2.13/2.1.2/scala-collection-compat_2.13-2.1.2.jar
Downloaded https://repo1.maven.org/maven2/org/scala-lang/modules/scala-collection-compat_2.13/2.1.2/scala-collection-compat_2.13-2.1.2.jar
Downloading https://repo1.maven.org/maven2/org/scala-lang/scala-compiler/2.13.3/scala-compiler-2.13.3.jar
Downloaded https://repo1.maven.org/maven2/org/scala-lang/modules/scala-parallel-collections_2.13/0.2.0/scala-parallel-collections_2.13-0.2.0.jar
Downloaded https://repo1.maven.org/maven2/org/scalameta/scalameta_2.13/4.3.22/scalameta_2.13-4.3.22.jar
Downloaded https://repo1.maven.org/maven2/org/scala-lang/scala-reflect/2.13.11/scala-reflect-2.13.11.jar
Downloaded https://repo1.maven.org/maven2/org/scalameta/trees_2.13/4.3.22/trees_2.13-4.3.22.jar
Downloaded https://repo1.maven.org/maven2/org/scala-lang/scala-library/2.13.11/scala-library-2.13.11.jar
Downloaded https://repo1.maven.org/maven2/org/scala-lang/scala-compiler/2.13.3/scala-compiler-2.13.3.jar
Align: top-level presets deprecated; use 'preset' subsection
2024.07.21 17:27:23 ERROR scalafmt: /home/tchx/Documents/scala-coursera/progfun1-example/example/src/main/scala/example/Lists.scala:3: error: ; expected but : found
object Lists:
            ^
2024.07.21 17:27:23 WARN  no build target for: /home/tchx/Documents/scala-coursera/progfun1-example/example/src/main/scala/example/Lists.scala
2024.07.21 17:27:23 INFO  no build target found for /home/tchx/Documents/scala-coursera/progfun1-example/example/src/main/scala/example/Lists.scala. Using presentation compiler with project's scala-library version: 3.3.3
2024.07.21 17:27:31 INFO  no build target found for /home/tchx/Documents/scala-coursera/progfun1-example/example/src/main/scala/example/Lists.scala. Using presentation compiler with project's scala-library version: 3.3.3
2024.07.21 17:27:34 INFO  no build target found for /home/tchx/Documents/scala-coursera/progfun1-example/example/src/main/scala/example/Lists.scala. Using presentation compiler with project's scala-library version: 3.3.3
Jul 21, 2024 5:27:42 PM org.eclipse.lsp4j.jsonrpc.services.GenericEndpoint notify
INFO: Unsupported notification method: $/setTrace
2024.07.21 17:29:59 INFO  no build target found for /home/tchx/Documents/scala-coursera/progfun1-example/example/src/main/scala/example/Lists.scala. Using presentation compiler with project's scala-library version: 3.3.3
2024.07.21 17:29:59 INFO  no build target found for /home/tchx/Documents/scala-coursera/progfun1-example/example/src/main/scala/example/Lists.scala. Using presentation compiler with project's scala-library version: 3.3.3
2024.07.21 17:29:59 INFO  no build target found for /home/tchx/Documents/scala-coursera/progfun1-example/example/src/main/scala/example/Lists.scala. Using presentation compiler with project's scala-library version: 3.3.3
2024.07.21 17:30:11 INFO  no build target found for /home/tchx/Documents/scala-coursera/progfun1-example/example/src/main/scala/example/Lists.scala. Using presentation compiler with project's scala-library version: 3.3.3
2024.07.21 17:30:11 INFO  no build target found for /home/tchx/Documents/scala-coursera/progfun1-example/example/src/main/scala/example/Lists.scala. Using presentation compiler with project's scala-library version: 3.3.3
2024.07.21 17:30:23 ERROR scalafmt: /home/tchx/Documents/scala-coursera/progfun1-example/example/src/main/scala/example/Lists.scala:3: error: ; expected but : found
object Lists:
            ^
2024.07.21 17:30:25 INFO  no build target found for /home/tchx/Documents/scala-coursera/progfun1-example/example/src/main/scala/example/Lists.scala. Using presentation compiler with project's scala-library version: 3.3.3
2024.07.21 17:31:30 INFO  no build target found for /home/tchx/Documents/scala-coursera/progfun1-example/example/src/main/scala/example/Lists.scala. Using presentation compiler with project's scala-library version: 3.3.3
2024.07.21 17:31:30 INFO  no build target found for /home/tchx/Documents/scala-coursera/progfun1-example/example/src/main/scala/example/Lists.scala. Using presentation compiler with project's scala-library version: 3.3.3
2024.07.21 17:31:34 INFO  no build target found for /home/tchx/Documents/scala-coursera/progfun1-example/example/src/main/scala/example/Lists.scala. Using presentation compiler with project's scala-library version: 3.3.3
2024.07.21 17:31:35 INFO  no build target found for /home/tchx/Documents/scala-coursera/progfun1-example/example/src/main/scala/example/Lists.scala. Using presentation compiler with project's scala-library version: 3.3.3
2024.07.21 17:32:09 INFO  no build target found for /home/tchx/Documents/scala-coursera/progfun1-example/example/src/main/scala/example/Lists.scala. Using presentation compiler with project's scala-library version: 3.3.3
2024.07.21 17:34:36 INFO  no build target found for /home/tchx/Documents/scala-coursera/progfun1-example/example/project/plugins.sbt. Using presentation compiler with project's scala-library version: 3.3.3
2024.07.21 17:34:36 INFO  no build target found for /home/tchx/Documents/scala-coursera/progfun1-example/example/project/plugins.sbt. Using presentation compiler with project's scala-library version: 3.3.3
2024.07.21 17:34:36 WARN  Could not find semantic tokens for: file:///home/tchx/Documents/scala-coursera/progfun1-example/example/project/plugins.sbt
2024.07.21 17:34:52 INFO  no build target found for /home/tchx/Documents/scala-coursera/progfun1-example/example/project/plugins.sbt. Using presentation compiler with project's scala-library version: 3.3.3
2024.07.21 17:34:52 INFO  no build target found for /home/tchx/Documents/scala-coursera/progfun1-example/example/project/plugins.sbt. Using presentation compiler with project's scala-library version: 3.3.3
2024.07.21 17:34:53 INFO  no build target found for /home/tchx/Documents/scala-coursera/progfun1-example/example/project/plugins.sbt. Using presentation compiler with project's scala-library version: 3.3.3
2024.07.21 17:34:53 INFO  no build target found for /home/tchx/Documents/scala-coursera/progfun1-example/example/project/plugins.sbt. Using presentation compiler with project's scala-library version: 3.3.3
2024.07.21 17:34:53 INFO  no build target found for /home/tchx/Documents/scala-coursera/progfun1-example/example/project/plugins.sbt. Using presentation compiler with project's scala-library version: 3.3.3
2024.07.21 17:34:55 INFO  no build target found for /home/tchx/Documents/scala-coursera/progfun1-example/example/project/plugins.sbt. Using presentation compiler with project's scala-library version: 3.3.3
2024.07.21 17:34:55 INFO  no build target found for /home/tchx/Documents/scala-coursera/progfun1-example/example/project/plugins.sbt. Using presentation compiler with project's scala-library version: 3.3.3
2024.07.21 17:34:56 INFO  no build target found for /home/tchx/Documents/scala-coursera/progfun1-example/example/project/plugins.sbt. Using presentation compiler with project's scala-library version: 3.3.3
2024.07.21 17:34:56 WARN  Could not find semantic tokens for: file:///home/tchx/Documents/scala-coursera/progfun1-example/example/project/plugins.sbt
2024.07.21 17:34:56 INFO  no build target found for /home/tchx/Documents/scala-coursera/progfun1-example/example/project/plugins.sbt. Using presentation compiler with project's scala-library version: 3.3.3
2024.07.21 17:34:57 INFO  no build target found for /home/tchx/Documents/scala-coursera/progfun1-example/example/project/plugins.sbt. Using presentation compiler with project's scala-library version: 3.3.3
2024.07.21 17:34:57 INFO  no build target found for /home/tchx/Documents/scala-coursera/progfun1-example/example/project/plugins.sbt. Using presentation compiler with project's scala-library version: 3.3.3
2024.07.21 17:34:57 INFO  no build target found for /home/tchx/Documents/scala-coursera/progfun1-example/example/project/plugins.sbt. Using presentation compiler with project's scala-library version: 3.3.3
2024.07.21 17:34:57 WARN  Could not find semantic tokens for: file:///home/tchx/Documents/scala-coursera/progfun1-example/example/project/plugins.sbt
2024.07.21 17:34:57 INFO  no build target found for /home/tchx/Documents/scala-coursera/progfun1-example/example/project/plugins.sbt. Using presentation compiler with project's scala-library version: 3.3.3
2024.07.21 17:34:57 INFO  no build target found for /home/tchx/Documents/scala-coursera/progfun1-example/example/project/plugins.sbt. Using presentation compiler with project's scala-library version: 3.3.3
2024.07.21 17:34:57 INFO  no build target found for /home/tchx/Documents/scala-coursera/progfun1-example/example/project/plugins.sbt. Using presentation compiler with project's scala-library version: 3.3.3
2024.07.21 17:34:57 INFO  no build target found for /home/tchx/Documents/scala-coursera/progfun1-example/example/project/plugins.sbt. Using presentation compiler with project's scala-library version: 3.3.3
2024.07.21 17:34:57 WARN  Could not find semantic tokens for: file:///home/tchx/Documents/scala-coursera/progfun1-example/example/project/plugins.sbt
2024.07.21 17:34:57 INFO  no build target found for /home/tchx/Documents/scala-coursera/progfun1-example/example/project/plugins.sbt. Using presentation compiler with project's scala-library version: 3.3.3
2024.07.21 17:34:59 INFO  no build target found for /home/tchx/Documents/scala-coursera/progfun1-example/example/project/plugins.sbt. Using presentation compiler with project's scala-library version: 3.3.3
2024.07.21 17:34:59 INFO  no build target found for /home/tchx/Documents/scala-coursera/progfun1-example/example/project/plugins.sbt. Using presentation compiler with project's scala-library version: 3.3.3
2024.07.21 17:34:59 WARN  Could not find semantic tokens for: file:///home/tchx/Documents/scala-coursera/progfun1-example/example/project/plugins.sbt
2024.07.21 17:34:59 INFO  no build target found for /home/tchx/Documents/scala-coursera/progfun1-example/example/project/plugins.sbt. Using presentation compiler with project's scala-library version: 3.3.3
2024.07.21 17:34:59 INFO  no build target found for /home/tchx/Documents/scala-coursera/progfun1-example/example/project/plugins.sbt. Using presentation compiler with project's scala-library version: 3.3.3
2024.07.21 17:34:59 INFO  no build target found for /home/tchx/Documents/scala-coursera/progfun1-example/example/project/plugins.sbt. Using presentation compiler with project's scala-library version: 3.3.3
2024.07.21 17:34:59 INFO  no build target found for /home/tchx/Documents/scala-coursera/progfun1-example/example/project/plugins.sbt. Using presentation compiler with project's scala-library version: 3.3.3
2024.07.21 17:34:59 INFO  no build target found for /home/tchx/Documents/scala-coursera/progfun1-example/example/project/plugins.sbt. Using presentation compiler with project's scala-library version: 3.3.3
2024.07.21 17:34:59 WARN  Could not find semantic tokens for: file:///home/tchx/Documents/scala-coursera/progfun1-example/example/project/plugins.sbt
2024.07.21 17:34:59 INFO  no build target found for /home/tchx/Documents/scala-coursera/progfun1-example/example/project/plugins.sbt. Using presentation compiler with project's scala-library version: 3.3.3
2024.07.21 17:35:01 INFO  no build target found for /home/tchx/Documents/scala-coursera/progfun1-example/example/build.sbt. Using presentation compiler with project's scala-library version: 3.3.3
2024.07.21 17:35:01 INFO  no build target found for /home/tchx/Documents/scala-coursera/progfun1-example/example/build.sbt. Using presentation compiler with project's scala-library version: 3.3.3
2024.07.21 17:35:01 WARN  Could not find semantic tokens for: file:///home/tchx/Documents/scala-coursera/progfun1-example/example/build.sbt
2024.07.21 17:35:02 INFO  no build target found for /home/tchx/Documents/scala-coursera/progfun1-example/example/build.sbt. Using presentation compiler with project's scala-library version: 3.3.3
2024.07.21 17:35:02 INFO  no build target found for /home/tchx/Documents/scala-coursera/progfun1-example/example/build.sbt. Using presentation compiler with project's scala-library version: 3.3.3
2024.07.21 17:35:11 INFO  no build target found for /home/tchx/Documents/scala-coursera/progfun1-example/example/project/plugins.sbt. Using presentation compiler with project's scala-library version: 3.3.3
2024.07.21 17:35:11 INFO  no build target found for /home/tchx/Documents/scala-coursera/progfun1-example/example/project/plugins.sbt. Using presentation compiler with project's scala-library version: 3.3.3
2024.07.21 17:35:11 WARN  Could not find semantic tokens for: file:///home/tchx/Documents/scala-coursera/progfun1-example/example/project/plugins.sbt
2024.07.21 17:35:13 INFO  no build target found for /home/tchx/Documents/scala-coursera/progfun1-example/example/project/plugins.sbt. Using presentation compiler with project's scala-library version: 3.3.3
2024.07.21 17:35:13 WARN  no build target for: /home/tchx/Documents/scala-coursera/progfun1-example/example/project/plugins.sbt
2024.07.21 17:35:13 INFO  no build target found for /home/tchx/Documents/scala-coursera/progfun1-example/example/project/plugins.sbt. Using presentation compiler with project's scala-library version: 3.3.3
2024.07.21 17:35:13 INFO  no build target found for /home/tchx/Documents/scala-coursera/progfun1-example/example/project/plugins.sbt. Using presentation compiler with project's scala-library version: 3.3.3
2024.07.21 17:35:13 WARN  Could not find semantic tokens for: file:///home/tchx/Documents/scala-coursera/progfun1-example/example/project/plugins.sbt
2024.07.21 17:35:13 INFO  no build target found for /home/tchx/Documents/scala-coursera/progfun1-example/example/project/plugins.sbt. Using presentation compiler with project's scala-library version: 3.3.3
2024.07.21 17:35:13 INFO  no build target found for /home/tchx/Documents/scala-coursera/progfun1-example/example/project/plugins.sbt. Using presentation compiler with project's scala-library version: 3.3.3
Jul 21, 2024 5:35:14 PM org.eclipse.lsp4j.jsonrpc.RemoteEndpoint handleCancellation
WARNING: Unmatched cancel notification for request id 392
2024.07.21 17:35:13 INFO  no build target found for /home/tchx/Documents/scala-coursera/progfun1-example/example/project/plugins.sbt. Using presentation compiler with project's scala-library version: 3.3.3
2024.07.21 17:35:16 INFO  running '/home/tchx/.local/share/coursier/bin/sbt -Dbloop.export-jar-classifiers=sources bloopInstall'
2024.07.21 17:35:17 INFO  [info] welcome to sbt 1.8.2 (Eclipse Adoptium Java 11.0.23)
2024.07.21 17:35:17 INFO  [info] loading settings for project example-build-build-build from metals.sbt ...
2024.07.21 17:35:18 INFO  [info] loading project definition from /home/tchx/Documents/scala-coursera/progfun1-example/example/project/project/project
2024.07.21 17:35:18 INFO  [info] loading settings for project example-build-build from metals.sbt ...
2024.07.21 17:35:18 INFO  [info] loading project definition from /home/tchx/Documents/scala-coursera/progfun1-example/example/project/project
2024.07.21 17:35:21 INFO  [success] Generated .bloop/example-build-build.json
2024.07.21 17:35:21 INFO  [success] Total time: 2 s, completed Jul 21, 2024, 5:35:21 PM
2024.07.21 17:35:22 INFO  [info] loading settings for project example-build from buildSettings.sbt,metals.sbt,plugins.sbt ...
2024.07.21 17:35:22 INFO  [info] loading project definition from /home/tchx/Documents/scala-coursera/progfun1-example/example/project
2024.07.21 17:35:29 INFO  [warn] 
2024.07.21 17:35:29 INFO  [warn] 	Note: Some unresolved dependencies have extra attributes.  Check that these dependencies exist with the requested attributes.
2024.07.21 17:35:29 INFO  [warn] 		org.scalameta:sbt-scalafmt:3.8.2 (sbtVersion=1.0, scalaVersion=2.12)
2024.07.21 17:35:29 INFO  [warn] 
2024.07.21 17:35:29 INFO  [warn] 	Note: Unresolved dependencies path:
2024.07.21 17:35:29 INFO  [error] Couldn't run bloopGenerate. The issue could be caused by failing to compile the project.
2024.07.21 17:35:29 INFO  [error] sbt.librarymanagement.ResolveException: Error downloading org.scalameta:sbt-scalafmt;sbtVersion=1.0;scalaVersion=2.12:3.8.2
2024.07.21 17:35:29 INFO  [error]   Not found
2024.07.21 17:35:29 INFO  [error]   Not found
2024.07.21 17:35:29 INFO  [error]   not found: https://repo1.maven.org/maven2/org/scalameta/sbt-scalafmt_2.12_1.0/3.8.2/sbt-scalafmt-3.8.2.pom
2024.07.21 17:35:29 INFO  [error]   not found: /home/tchx/.ivy2/localorg.scalameta/sbt-scalafmt/scala_2.12/sbt_1.0/3.8.2/ivys/ivy.xml
2024.07.21 17:35:29 INFO  [error]   not found: https://repo.scala-sbt.org/scalasbt/sbt-plugin-releases/org.scalameta/sbt-scalafmt/scala_2.12/sbt_1.0/3.8.2/ivys/ivy.xml
2024.07.21 17:35:29 INFO  [error]   not found: https://repo.typesafe.com/typesafe/ivy-releases/org.scalameta/sbt-scalafmt/scala_2.12/sbt_1.0/3.8.2/ivys/ivy.xml
2024.07.21 17:35:29 INFO  [error] 	at lmcoursier.CoursierDependencyResolution.unresolvedWarningOrThrow(CoursierDependencyResolution.scala:344)
2024.07.21 17:35:29 INFO  [error] 	at lmcoursier.CoursierDependencyResolution.$anonfun$update$38(CoursierDependencyResolution.scala:313)
2024.07.21 17:35:29 INFO  [error] 	at scala.util.Either$LeftProjection.map(Either.scala:573)
2024.07.21 17:35:29 INFO  [error] 	at lmcoursier.CoursierDependencyResolution.update(CoursierDependencyResolution.scala:313)
2024.07.21 17:35:29 INFO  [error] 	at sbt.librarymanagement.DependencyResolution.update(DependencyResolution.scala:60)
2024.07.21 17:35:29 INFO  [error] 	at sbt.internal.LibraryManagement$.resolve$1(LibraryManagement.scala:59)
2024.07.21 17:35:29 INFO  [error] 	at sbt.internal.LibraryManagement$.$anonfun$cachedUpdate$12(LibraryManagement.scala:133)
2024.07.21 17:35:29 INFO  [error] 	at sbt.util.Tracked$.$anonfun$lastOutput$1(Tracked.scala:73)
2024.07.21 17:35:29 INFO  [error] 	at sbt.internal.LibraryManagement$.$anonfun$cachedUpdate$20(LibraryManagement.scala:146)
2024.07.21 17:35:29 INFO  [error] 	at scala.util.control.Exception$Catch.apply(Exception.scala:228)
2024.07.21 17:35:29 INFO  [error] 	at sbt.internal.LibraryManagement$.$anonfun$cachedUpdate$11(LibraryManagement.scala:146)
2024.07.21 17:35:29 INFO  [error] 	at sbt.internal.LibraryManagement$.$anonfun$cachedUpdate$11$adapted(LibraryManagement.scala:127)
2024.07.21 17:35:29 INFO  [error] 	at sbt.util.Tracked$.$anonfun$inputChangedW$1(Tracked.scala:219)
2024.07.21 17:35:29 INFO  [error] 	at sbt.internal.LibraryManagement$.cachedUpdate(LibraryManagement.scala:160)
2024.07.21 17:35:29 INFO  [error] 	at sbt.Classpaths$.$anonfun$updateTask0$1(Defaults.scala:3687)
2024.07.21 17:35:29 INFO  [error] 	at scala.Function1.$anonfun$compose$1(Function1.scala:49)
2024.07.21 17:35:29 INFO  [error] 	at sbt.internal.util.$tilde$greater.$anonfun$$u2219$1(TypeFunctions.scala:62)
2024.07.21 17:35:29 INFO  [error] 	at sbt.std.Transform$$anon$4.work(Transform.scala:68)
2024.07.21 17:35:29 INFO  [error] 	at sbt.Execute.$anonfun$submit$2(Execute.scala:282)
2024.07.21 17:35:29 INFO  [error] 	at sbt.internal.util.ErrorHandling$.wideConvert(ErrorHandling.scala:23)
2024.07.21 17:35:29 INFO  [error] 	at sbt.Execute.work(Execute.scala:291)
2024.07.21 17:35:29 INFO  [error] 	at sbt.Execute.$anonfun$submit$1(Execute.scala:282)
2024.07.21 17:35:29 INFO  [error] 	at sbt.ConcurrentRestrictions$$anon$4.$anonfun$submitValid$1(ConcurrentRestrictions.scala:265)
2024.07.21 17:35:29 INFO  [error] 	at sbt.CompletionService$$anon$2.call(CompletionService.scala:64)
2024.07.21 17:35:29 INFO  [error] 	at java.base/java.util.concurrent.FutureTask.run(FutureTask.java:264)
2024.07.21 17:35:29 INFO  [error] 	at java.base/java.util.concurrent.Executors$RunnableAdapter.call(Executors.java:515)
2024.07.21 17:35:29 INFO  [error] 	at java.base/java.util.concurrent.FutureTask.run(FutureTask.java:264)
2024.07.21 17:35:29 INFO  [error] 	at java.base/java.util.concurrent.ThreadPoolExecutor.runWorker(ThreadPoolExecutor.java:1128)
2024.07.21 17:35:29 INFO  [error] 	at java.base/java.util.concurrent.ThreadPoolExecutor$Worker.run(ThreadPoolExecutor.java:628)
2024.07.21 17:35:29 INFO  [error] 	at java.base/java.lang.Thread.run(Thread.java:829)
2024.07.21 17:35:29 INFO  [error] (update) sbt.librarymanagement.ResolveException: Error downloading org.scalameta:sbt-scalafmt;sbtVersion=1.0;scalaVersion=2.12:3.8.2
2024.07.21 17:35:29 INFO  [error]   Not found
2024.07.21 17:35:29 INFO  [error]   Not found
2024.07.21 17:35:29 INFO  [error]   not found: https://repo1.maven.org/maven2/org/scalameta/sbt-scalafmt_2.12_1.0/3.8.2/sbt-scalafmt-3.8.2.pom
2024.07.21 17:35:29 INFO  [error]   not found: /home/tchx/.ivy2/localorg.scalameta/sbt-scalafmt/scala_2.12/sbt_1.0/3.8.2/ivys/ivy.xml
2024.07.21 17:35:29 INFO  [error]   not found: https://repo.scala-sbt.org/scalasbt/sbt-plugin-releases/org.scalameta/sbt-scalafmt/scala_2.12/sbt_1.0/3.8.2/ivys/ivy.xml
2024.07.21 17:35:29 INFO  [error]   not found: https://repo.typesafe.com/typesafe/ivy-releases/org.scalameta/sbt-scalafmt/scala_2.12/sbt_1.0/3.8.2/ivys/ivy.xml
2024.07.21 17:35:29 INFO  [error] Total time: 7 s, completed Jul 21, 2024, 5:35:30 PM
2024.07.21 17:35:29 INFO  [warn] Project loading failed: (r)etry, (q)uit, (l)ast, or (i)gnore? (default: r)
2024.07.21 17:35:34 INFO  [warn] 
2024.07.21 17:35:34 INFO  [warn] 	Note: Some unresolved dependencies have extra attributes.  Check that these dependencies exist with the requested attributes.
2024.07.21 17:35:34 INFO  [warn] 		org.scalameta:sbt-scalafmt:3.8.2 (sbtVersion=1.0, scalaVersion=2.12)
2024.07.21 17:35:34 INFO  [warn] 
2024.07.21 17:35:34 INFO  [warn] 	Note: Unresolved dependencies path:
2024.07.21 17:35:34 INFO  [error] sbt.librarymanagement.ResolveException: Error downloading org.scalameta:sbt-scalafmt;sbtVersion=1.0;scalaVersion=2.12:3.8.2
2024.07.21 17:35:34 INFO  [error]   Not found
2024.07.21 17:35:34 INFO  [error]   Not found
2024.07.21 17:35:34 INFO  [error]   not found: https://repo1.maven.org/maven2/org/scalameta/sbt-scalafmt_2.12_1.0/3.8.2/sbt-scalafmt-3.8.2.pom
2024.07.21 17:35:34 INFO  [error]   not found: /home/tchx/.ivy2/localorg.scalameta/sbt-scalafmt/scala_2.12/sbt_1.0/3.8.2/ivys/ivy.xml
2024.07.21 17:35:34 INFO  [error]   not found: https://repo.scala-sbt.org/scalasbt/sbt-plugin-releases/org.scalameta/sbt-scalafmt/scala_2.12/sbt_1.0/3.8.2/ivys/ivy.xml
2024.07.21 17:35:34 INFO  [error]   not found: https://repo.typesafe.com/typesafe/ivy-releases/org.scalameta/sbt-scalafmt/scala_2.12/sbt_1.0/3.8.2/ivys/ivy.xml
2024.07.21 17:35:34 INFO  [error] 	at lmcoursier.CoursierDependencyResolution.unresolvedWarningOrThrow(CoursierDependencyResolution.scala:344)
2024.07.21 17:35:34 INFO  [error] 	at lmcoursier.CoursierDependencyResolution.$anonfun$update$38(CoursierDependencyResolution.scala:313)
2024.07.21 17:35:34 INFO  [error] 	at scala.util.Either$LeftProjection.map(Either.scala:573)
2024.07.21 17:35:34 INFO  [error] 	at lmcoursier.CoursierDependencyResolution.update(CoursierDependencyResolution.scala:313)
2024.07.21 17:35:34 INFO  [error] 	at sbt.librarymanagement.DependencyResolution.update(DependencyResolution.scala:60)
2024.07.21 17:35:34 INFO  [error] 	at sbt.internal.LibraryManagement$.resolve$1(LibraryManagement.scala:59)
2024.07.21 17:35:34 INFO  [error] 	at sbt.internal.LibraryManagement$.$anonfun$cachedUpdate$12(LibraryManagement.scala:133)
2024.07.21 17:35:34 INFO  [error] 	at sbt.util.Tracked$.$anonfun$lastOutput$1(Tracked.scala:73)
2024.07.21 17:35:34 INFO  [error] 	at sbt.internal.LibraryManagement$.$anonfun$cachedUpdate$20(LibraryManagement.scala:146)
2024.07.21 17:35:34 INFO  [error] 	at scala.util.control.Exception$Catch.apply(Exception.scala:228)
2024.07.21 17:35:34 INFO  [error] 	at sbt.internal.LibraryManagement$.$anonfun$cachedUpdate$11(LibraryManagement.scala:146)
2024.07.21 17:35:34 INFO  [error] 	at sbt.internal.LibraryManagement$.$anonfun$cachedUpdate$11$adapted(LibraryManagement.scala:127)
2024.07.21 17:35:34 INFO  [error] 	at sbt.util.Tracked$.$anonfun$inputChangedW$1(Tracked.scala:219)
2024.07.21 17:35:34 INFO  [error] 	at sbt.internal.LibraryManagement$.cachedUpdate(LibraryManagement.scala:160)
2024.07.21 17:35:34 INFO  [error] 	at sbt.Classpaths$.$anonfun$updateTask0$1(Defaults.scala:3687)
2024.07.21 17:35:34 INFO  [error] 	at scala.Function1.$anonfun$compose$1(Function1.scala:49)
2024.07.21 17:35:34 INFO  [error] 	at sbt.internal.util.$tilde$greater.$anonfun$$u2219$1(TypeFunctions.scala:62)
2024.07.21 17:35:34 INFO  [error] 	at sbt.std.Transform$$anon$4.work(Transform.scala:68)
2024.07.21 17:35:34 INFO  [error] 	at sbt.Execute.$anonfun$submit$2(Execute.scala:282)
2024.07.21 17:35:34 INFO  [error] 	at sbt.internal.util.ErrorHandling$.wideConvert(ErrorHandling.scala:23)
2024.07.21 17:35:34 INFO  [error] 	at sbt.Execute.work(Execute.scala:291)
2024.07.21 17:35:34 INFO  [error] 	at sbt.Execute.$anonfun$submit$1(Execute.scala:282)
2024.07.21 17:35:34 INFO  [error] 	at sbt.ConcurrentRestrictions$$anon$4.$anonfun$submitValid$1(ConcurrentRestrictions.scala:265)
2024.07.21 17:35:34 INFO  [error] 	at sbt.CompletionService$$anon$2.call(CompletionService.scala:64)
2024.07.21 17:35:34 INFO  [error] 	at java.base/java.util.concurrent.FutureTask.run(FutureTask.java:264)
2024.07.21 17:35:34 INFO  [error] 	at java.base/java.util.concurrent.Executors$RunnableAdapter.call(Executors.java:515)
2024.07.21 17:35:34 INFO  [error] 	at java.base/java.util.concurrent.FutureTask.run(FutureTask.java:264)
2024.07.21 17:35:34 INFO  [error] 	at java.base/java.util.concurrent.ThreadPoolExecutor.runWorker(ThreadPoolExecutor.java:1128)
2024.07.21 17:35:34 INFO  [error] 	at java.base/java.util.concurrent.ThreadPoolExecutor$Worker.run(ThreadPoolExecutor.java:628)
2024.07.21 17:35:34 INFO  [error] 	at java.base/java.lang.Thread.run(Thread.java:829)
2024.07.21 17:35:34 INFO  [error] (update) sbt.librarymanagement.ResolveException: Error downloading org.scalameta:sbt-scalafmt;sbtVersion=1.0;scalaVersion=2.12:3.8.2
2024.07.21 17:35:34 INFO  [error]   Not found
2024.07.21 17:35:34 INFO  [error]   Not found
2024.07.21 17:35:34 INFO  [error]   not found: https://repo1.maven.org/maven2/org/scalameta/sbt-scalafmt_2.12_1.0/3.8.2/sbt-scalafmt-3.8.2.pom
2024.07.21 17:35:34 INFO  [error]   not found: /home/tchx/.ivy2/localorg.scalameta/sbt-scalafmt/scala_2.12/sbt_1.0/3.8.2/ivys/ivy.xml
2024.07.21 17:35:34 INFO  [error]   not found: https://repo.scala-sbt.org/scalasbt/sbt-plugin-releases/org.scalameta/sbt-scalafmt/scala_2.12/sbt_1.0/3.8.2/ivys/ivy.xml
2024.07.21 17:35:34 INFO  [error]   not found: https://repo.typesafe.com/typesafe/ivy-releases/org.scalameta/sbt-scalafmt/scala_2.12/sbt_1.0/3.8.2/ivys/ivy.xml
2024.07.21 17:35:34 INFO  [warn] Project loading failed: (r)etry, (q)uit, (l)ast, or (i)gnore? (default: r)
2024.07.21 17:35:35 INFO  time: ran 'sbt bloopInstall' in 19s
2024.07.21 17:35:35 ERROR sbt command failed: /home/tchx/.local/share/coursier/bin/sbt -Dbloop.export-jar-classifiers=sources bloopInstall
2024.07.21 17:35:44 INFO  no build target found for /home/tchx/Documents/scala-coursera/progfun1-example/example/build.sbt. Using presentation compiler with project's scala-library version: 3.3.3
2024.07.21 17:36:13 INFO  no build target found for /home/tchx/Documents/scala-coursera/progfun1-example/example/src/main/scala/example/Lists.scala. Using presentation compiler with project's scala-library version: 3.3.3
2024.07.21 17:38:14 INFO  no build target found for /home/tchx/Documents/scala-coursera/progfun1-example/example/project/plugins.sbt. Using presentation compiler with project's scala-library version: 3.3.3
2024.07.21 17:38:15 INFO  no build target found for /home/tchx/Documents/scala-coursera/progfun1-example/example/project/plugins.sbt. Using presentation compiler with project's scala-library version: 3.3.3
2024.07.21 17:38:15 WARN  Could not find semantic tokens for: file:///home/tchx/Documents/scala-coursera/progfun1-example/example/project/plugins.sbt
2024.07.21 17:38:18 INFO  no build target found for /home/tchx/Documents/scala-coursera/progfun1-example/example/project/plugins.sbt. Using presentation compiler with project's scala-library version: 3.3.3
2024.07.21 17:38:18 INFO  no build target found for /home/tchx/Documents/scala-coursera/progfun1-example/example/project/plugins.sbt. Using presentation compiler with project's scala-library version: 3.3.3
2024.07.21 17:38:18 INFO  no build target found for /home/tchx/Documents/scala-coursera/progfun1-example/example/project/plugins.sbt. Using presentation compiler with project's scala-library version: 3.3.3
2024.07.21 17:38:18 INFO  no build target found for /home/tchx/Documents/scala-coursera/progfun1-example/example/project/plugins.sbt. Using presentation compiler with project's scala-library version: 3.3.3
2024.07.21 17:38:18 INFO  no build target found for /home/tchx/Documents/scala-coursera/progfun1-example/example/project/plugins.sbt. Using presentation compiler with project's scala-library version: 3.3.3
2024.07.21 17:38:18 WARN  Could not find semantic tokens for: file:///home/tchx/Documents/scala-coursera/progfun1-example/example/project/plugins.sbt
2024.07.21 17:38:18 INFO  no build target found for /home/tchx/Documents/scala-coursera/progfun1-example/example/project/plugins.sbt. Using presentation compiler with project's scala-library version: 3.3.3
2024.07.21 17:38:18 INFO  no build target found for /home/tchx/Documents/scala-coursera/progfun1-example/example/project/plugins.sbt. Using presentation compiler with project's scala-library version: 3.3.3
2024.07.21 17:38:18 INFO  no build target found for /home/tchx/Documents/scala-coursera/progfun1-example/example/project/plugins.sbt. Using presentation compiler with project's scala-library version: 3.3.3
2024.07.21 17:38:18 INFO  no build target found for /home/tchx/Documents/scala-coursera/progfun1-example/example/project/plugins.sbt. Using presentation compiler with project's scala-library version: 3.3.3
2024.07.21 17:38:18 WARN  Could not find semantic tokens for: file:///home/tchx/Documents/scala-coursera/progfun1-example/example/project/plugins.sbt
2024.07.21 17:38:18 INFO  no build target found for /home/tchx/Documents/scala-coursera/progfun1-example/example/project/plugins.sbt. Using presentation compiler with project's scala-library version: 3.3.3
Downloading https://repo1.maven.org/maven2/com/typesafe/config/1.4.1/config-1.4.1.pom
Downloaded https://repo1.maven.org/maven2/com/typesafe/config/1.4.1/config-1.4.1.pom
Downloading https://repo1.maven.org/maven2/com/typesafe/config/1.4.1/config-1.4.1.jar
Downloaded https://repo1.maven.org/maven2/com/typesafe/config/1.4.1/config-1.4.1.jar
2024.07.21 17:38:20 ERROR scalafmt: /home/tchx/Documents/scala-coursera/progfun1-example/example/.scalafmt.conf: Invalid config: Default dialect is deprecated; use explicit: [sbt0137,sbt1,scala211,scala212,scala212source3,scala213,scala213source3,scala3,scala3future]
Also see https://scalameta.org/scalafmt/docs/configuration.html#scala-dialects"

2024.07.21 17:38:20 WARN  no build target for: /home/tchx/Documents/scala-coursera/progfun1-example/example/project/plugins.sbt
2024.07.21 17:38:20 INFO  no build target found for /home/tchx/Documents/scala-coursera/progfun1-example/example/project/plugins.sbt. Using presentation compiler with project's scala-library version: 3.3.3
2024.07.21 17:38:20 WARN  Could not find semantic tokens for: file:///home/tchx/Documents/scala-coursera/progfun1-example/example/project/plugins.sbt
Jul 21, 2024 5:38:26 PM org.eclipse.lsp4j.jsonrpc.RemoteEndpoint handleCancellation
WARNING: Unmatched cancel notification for request id 434
2024.07.21 17:38:26 INFO  no build target found for /home/tchx/Documents/scala-coursera/progfun1-example/example/project/plugins.sbt. Using presentation compiler with project's scala-library version: 3.3.3
Jul 21, 2024 5:38:26 PM org.eclipse.lsp4j.jsonrpc.RemoteEndpoint handleCancellation
WARNING: Unmatched cancel notification for request id 433
2024.07.21 17:38:26 WARN  Could not find semantic tokens for: file:///home/tchx/Documents/scala-coursera/progfun1-example/example/project/plugins.sbt
Jul 21, 2024 5:38:26 PM org.eclipse.lsp4j.jsonrpc.RemoteEndpoint handleCancellation
WARNING: Unmatched cancel notification for request id 435
Jul 21, 2024 5:38:26 PM org.eclipse.lsp4j.jsonrpc.RemoteEndpoint handleCancellation
WARNING: Unmatched cancel notification for request id 438
Jul 21, 2024 5:38:26 PM org.eclipse.lsp4j.jsonrpc.RemoteEndpoint handleCancellation
WARNING: Unmatched cancel notification for request id 436
2024.07.21 17:38:26 INFO  no build target found for /home/tchx/Documents/scala-coursera/progfun1-example/example/project/plugins.sbt. Using presentation compiler with project's scala-library version: 3.3.3
Jul 21, 2024 5:38:26 PM org.eclipse.lsp4j.jsonrpc.RemoteEndpoint handleCancellation
WARNING: Unmatched cancel notification for request id 432
2024.07.21 17:38:26 INFO  no build target found for /home/tchx/Documents/scala-coursera/progfun1-example/example/project/plugins.sbt. Using presentation compiler with project's scala-library version: 3.3.3
Jul 21, 2024 5:38:26 PM org.eclipse.lsp4j.jsonrpc.RemoteEndpoint handleCancellation
WARNING: Unmatched cancel notification for request id 443
2024.07.21 17:38:27 INFO  no build target found for /home/tchx/Documents/scala-coursera/progfun1-example/example/project/plugins.sbt. Using presentation compiler with project's scala-library version: 3.3.3
2024.07.21 17:38:27 WARN  Could not find semantic tokens for: file:///home/tchx/Documents/scala-coursera/progfun1-example/example/project/plugins.sbt
2024.07.21 17:39:54 ERROR scalafmt: /home/tchx/Documents/scala-coursera/progfun1-example/example/.scalafmt.conf: Invalid config: Default dialect is deprecated; use explicit: [sbt0137,sbt1,scala211,scala212,scala212source3,scala213,scala213source3,scala3,scala3future]
Also see https://scalameta.org/scalafmt/docs/configuration.html#scala-dialects"

2024.07.21 17:39:54 WARN  no build target for: /home/tchx/Documents/scala-coursera/progfun1-example/example/project/plugins.sbt
2024.07.21 17:39:54 INFO  no build target found for /home/tchx/Documents/scala-coursera/progfun1-example/example/project/plugins.sbt. Using presentation compiler with project's scala-library version: 3.3.3
2024.07.21 17:39:54 WARN  Could not find semantic tokens for: file:///home/tchx/Documents/scala-coursera/progfun1-example/example/project/plugins.sbt
2024.07.21 17:39:55 INFO  running '/home/tchx/.local/share/coursier/bin/sbt -Dbloop.export-jar-classifiers=sources bloopInstall'
2024.07.21 17:39:57 INFO  [info] welcome to sbt 1.8.2 (Eclipse Adoptium Java 11.0.23)
2024.07.21 17:39:57 INFO  [info] loading settings for project example-build-build-build from metals.sbt ...
2024.07.21 17:39:58 INFO  [info] loading project definition from /home/tchx/Documents/scala-coursera/progfun1-example/example/project/project/project
2024.07.21 17:39:58 INFO  [info] loading settings for project example-build-build from metals.sbt ...
2024.07.21 17:39:58 INFO  [info] loading project definition from /home/tchx/Documents/scala-coursera/progfun1-example/example/project/project
2024.07.21 17:40:01 INFO  [success] Generated .bloop/example-build-build.json
2024.07.21 17:40:01 INFO  [success] Total time: 2 s, completed Jul 21, 2024, 5:40:01 PM
2024.07.21 17:40:01 INFO  [info] loading settings for project example-build from buildSettings.sbt,metals.sbt,plugins.sbt ...
2024.07.21 17:40:01 INFO  [info] loading project definition from /home/tchx/Documents/scala-coursera/progfun1-example/example/project
2024.07.21 17:40:06 INFO  no build target found for /home/tchx/Documents/scala-coursera/progfun1-example/example/src/main/scala/example/Lists.scala. Using presentation compiler with project's scala-library version: 3.3.3
2024.07.21 17:40:07 INFO  [warn] 
2024.07.21 17:40:07 INFO  [warn] 	Note: Some unresolved dependencies have extra attributes.  Check that these dependencies exist with the requested attributes.
2024.07.21 17:40:07 INFO  [warn] 		org.scalameta:sbt-scalafmt:3.8.2 (sbtVersion=1.0, scalaVersion=2.12)
2024.07.21 17:40:07 INFO  [warn] 
2024.07.21 17:40:07 INFO  [warn] 	Note: Unresolved dependencies path:
2024.07.21 17:40:07 INFO  [error] Couldn't run bloopGenerate. The issue could be caused by failing to compile the project.
2024.07.21 17:40:07 INFO  [error] sbt.librarymanagement.ResolveException: Error downloading org.scalameta:sbt-scalafmt;sbtVersion=1.0;scalaVersion=2.12:3.8.2
2024.07.21 17:40:07 INFO  [error]   Not found
2024.07.21 17:40:07 INFO  [error]   Not found
2024.07.21 17:40:07 INFO  [error]   not found: https://repo1.maven.org/maven2/org/scalameta/sbt-scalafmt_2.12_1.0/3.8.2/sbt-scalafmt-3.8.2.pom
2024.07.21 17:40:07 INFO  [error]   not found: /home/tchx/.ivy2/localorg.scalameta/sbt-scalafmt/scala_2.12/sbt_1.0/3.8.2/ivys/ivy.xml
2024.07.21 17:40:07 INFO  [error]   not found: https://repo.scala-sbt.org/scalasbt/sbt-plugin-releases/org.scalameta/sbt-scalafmt/scala_2.12/sbt_1.0/3.8.2/ivys/ivy.xml
2024.07.21 17:40:07 INFO  [error]   not found: https://repo.typesafe.com/typesafe/ivy-releases/org.scalameta/sbt-scalafmt/scala_2.12/sbt_1.0/3.8.2/ivys/ivy.xml
2024.07.21 17:40:07 INFO  [error] 	at lmcoursier.CoursierDependencyResolution.unresolvedWarningOrThrow(CoursierDependencyResolution.scala:344)
2024.07.21 17:40:07 INFO  [error] 	at lmcoursier.CoursierDependencyResolution.$anonfun$update$38(CoursierDependencyResolution.scala:313)
2024.07.21 17:40:07 INFO  [error] 	at scala.util.Either$LeftProjection.map(Either.scala:573)
2024.07.21 17:40:07 INFO  [error] 	at lmcoursier.CoursierDependencyResolution.update(CoursierDependencyResolution.scala:313)
2024.07.21 17:40:07 INFO  [error] 	at sbt.librarymanagement.DependencyResolution.update(DependencyResolution.scala:60)
2024.07.21 17:40:07 INFO  [error] 	at sbt.internal.LibraryManagement$.resolve$1(LibraryManagement.scala:59)
2024.07.21 17:40:07 INFO  [error] 	at sbt.internal.LibraryManagement$.$anonfun$cachedUpdate$12(LibraryManagement.scala:133)
2024.07.21 17:40:07 INFO  [error] 	at sbt.util.Tracked$.$anonfun$lastOutput$1(Tracked.scala:73)
2024.07.21 17:40:07 INFO  [error] 	at sbt.internal.LibraryManagement$.$anonfun$cachedUpdate$20(LibraryManagement.scala:146)
2024.07.21 17:40:07 INFO  [error] 	at scala.util.control.Exception$Catch.apply(Exception.scala:228)
2024.07.21 17:40:07 INFO  [error] 	at sbt.internal.LibraryManagement$.$anonfun$cachedUpdate$11(LibraryManagement.scala:146)
2024.07.21 17:40:07 INFO  [error] 	at sbt.internal.LibraryManagement$.$anonfun$cachedUpdate$11$adapted(LibraryManagement.scala:127)
2024.07.21 17:40:07 INFO  [error] 	at sbt.util.Tracked$.$anonfun$inputChangedW$1(Tracked.scala:219)
2024.07.21 17:40:07 INFO  [error] 	at sbt.internal.LibraryManagement$.cachedUpdate(LibraryManagement.scala:160)
2024.07.21 17:40:07 INFO  [error] 	at sbt.Classpaths$.$anonfun$updateTask0$1(Defaults.scala:3687)
2024.07.21 17:40:07 INFO  [error] 	at scala.Function1.$anonfun$compose$1(Function1.scala:49)
2024.07.21 17:40:07 INFO  [error] 	at sbt.internal.util.$tilde$greater.$anonfun$$u2219$1(TypeFunctions.scala:62)
2024.07.21 17:40:07 INFO  [error] 	at sbt.std.Transform$$anon$4.work(Transform.scala:68)
2024.07.21 17:40:07 INFO  [error] 	at sbt.Execute.$anonfun$submit$2(Execute.scala:282)
2024.07.21 17:40:07 INFO  [error] 	at sbt.internal.util.ErrorHandling$.wideConvert(ErrorHandling.scala:23)
2024.07.21 17:40:07 INFO  [error] 	at sbt.Execute.work(Execute.scala:291)
2024.07.21 17:40:07 INFO  [error] 	at sbt.Execute.$anonfun$submit$1(Execute.scala:282)
2024.07.21 17:40:07 INFO  [error] 	at sbt.ConcurrentRestrictions$$anon$4.$anonfun$submitValid$1(ConcurrentRestrictions.scala:265)
2024.07.21 17:40:07 INFO  [error] 	at sbt.CompletionService$$anon$2.call(CompletionService.scala:64)
2024.07.21 17:40:07 INFO  [error] 	at java.base/java.util.concurrent.FutureTask.run(FutureTask.java:264)
2024.07.21 17:40:07 INFO  [error] 	at java.base/java.util.concurrent.Executors$RunnableAdapter.call(Executors.java:515)
2024.07.21 17:40:07 INFO  [error] 	at java.base/java.util.concurrent.FutureTask.run(FutureTask.java:264)
2024.07.21 17:40:07 INFO  [error] 	at java.base/java.util.concurrent.ThreadPoolExecutor.runWorker(ThreadPoolExecutor.java:1128)
2024.07.21 17:40:07 INFO  [error] 	at java.base/java.util.concurrent.ThreadPoolExecutor$Worker.run(ThreadPoolExecutor.java:628)
2024.07.21 17:40:07 INFO  [error] 	at java.base/java.lang.Thread.run(Thread.java:829)
2024.07.21 17:40:07 INFO  [error] (update) sbt.librarymanagement.ResolveException: Error downloading org.scalameta:sbt-scalafmt;sbtVersion=1.0;scalaVersion=2.12:3.8.2
2024.07.21 17:40:07 INFO  [error]   Not found
2024.07.21 17:40:07 INFO  [error]   Not found
2024.07.21 17:40:07 INFO  [error]   not found: https://repo1.maven.org/maven2/org/scalameta/sbt-scalafmt_2.12_1.0/3.8.2/sbt-scalafmt-3.8.2.pom
2024.07.21 17:40:07 INFO  [error]   not found: /home/tchx/.ivy2/localorg.scalameta/sbt-scalafmt/scala_2.12/sbt_1.0/3.8.2/ivys/ivy.xml
2024.07.21 17:40:07 INFO  [error]   not found: https://repo.scala-sbt.org/scalasbt/sbt-plugin-releases/org.scalameta/sbt-scalafmt/scala_2.12/sbt_1.0/3.8.2/ivys/ivy.xml
2024.07.21 17:40:07 INFO  [error]   not found: https://repo.typesafe.com/typesafe/ivy-releases/org.scalameta/sbt-scalafmt/scala_2.12/sbt_1.0/3.8.2/ivys/ivy.xml
2024.07.21 17:40:07 INFO  [error] Total time: 6 s, completed Jul 21, 2024, 5:40:07 PM
2024.07.21 17:40:07 INFO  [warn] Project loading failed: (r)etry, (q)uit, (l)ast, or (i)gnore? (default: r)
2024.07.21 17:40:12 INFO  [warn] 
2024.07.21 17:40:12 INFO  [warn] 	Note: Some unresolved dependencies have extra attributes.  Check that these dependencies exist with the requested attributes.
2024.07.21 17:40:12 INFO  [warn] 		org.scalameta:sbt-scalafmt:3.8.2 (sbtVersion=1.0, scalaVersion=2.12)
2024.07.21 17:40:12 INFO  [warn] 
2024.07.21 17:40:12 INFO  [warn] 	Note: Unresolved dependencies path:
2024.07.21 17:40:12 INFO  [error] sbt.librarymanagement.ResolveException: Error downloading org.scalameta:sbt-scalafmt;sbtVersion=1.0;scalaVersion=2.12:3.8.2
2024.07.21 17:40:12 INFO  [error]   Not found
2024.07.21 17:40:12 INFO  [error]   Not found
2024.07.21 17:40:12 INFO  [error]   not found: https://repo1.maven.org/maven2/org/scalameta/sbt-scalafmt_2.12_1.0/3.8.2/sbt-scalafmt-3.8.2.pom
2024.07.21 17:40:12 INFO  [error]   not found: /home/tchx/.ivy2/localorg.scalameta/sbt-scalafmt/scala_2.12/sbt_1.0/3.8.2/ivys/ivy.xml
2024.07.21 17:40:12 INFO  [error]   not found: https://repo.scala-sbt.org/scalasbt/sbt-plugin-releases/org.scalameta/sbt-scalafmt/scala_2.12/sbt_1.0/3.8.2/ivys/ivy.xml
2024.07.21 17:40:12 INFO  [error]   not found: https://repo.typesafe.com/typesafe/ivy-releases/org.scalameta/sbt-scalafmt/scala_2.12/sbt_1.0/3.8.2/ivys/ivy.xml
2024.07.21 17:40:12 INFO  [error] 	at lmcoursier.CoursierDependencyResolution.unresolvedWarningOrThrow(CoursierDependencyResolution.scala:344)
2024.07.21 17:40:12 INFO  [error] 	at lmcoursier.CoursierDependencyResolution.$anonfun$update$38(CoursierDependencyResolution.scala:313)
2024.07.21 17:40:12 INFO  [error] 	at scala.util.Either$LeftProjection.map(Either.scala:573)
2024.07.21 17:40:12 INFO  [error] 	at lmcoursier.CoursierDependencyResolution.update(CoursierDependencyResolution.scala:313)
2024.07.21 17:40:12 INFO  [error] 	at sbt.librarymanagement.DependencyResolution.update(DependencyResolution.scala:60)
2024.07.21 17:40:12 INFO  [error] 	at sbt.internal.LibraryManagement$.resolve$1(LibraryManagement.scala:59)
2024.07.21 17:40:12 INFO  [error] 	at sbt.internal.LibraryManagement$.$anonfun$cachedUpdate$12(LibraryManagement.scala:133)
2024.07.21 17:40:12 INFO  [error] 	at sbt.util.Tracked$.$anonfun$lastOutput$1(Tracked.scala:73)
2024.07.21 17:40:12 INFO  [error] 	at sbt.internal.LibraryManagement$.$anonfun$cachedUpdate$20(LibraryManagement.scala:146)
2024.07.21 17:40:12 INFO  [error] 	at scala.util.control.Exception$Catch.apply(Exception.scala:228)
2024.07.21 17:40:12 INFO  [error] 	at sbt.internal.LibraryManagement$.$anonfun$cachedUpdate$11(LibraryManagement.scala:146)
2024.07.21 17:40:12 INFO  [error] 	at sbt.internal.LibraryManagement$.$anonfun$cachedUpdate$11$adapted(LibraryManagement.scala:127)
2024.07.21 17:40:12 INFO  [error] 	at sbt.util.Tracked$.$anonfun$inputChangedW$1(Tracked.scala:219)
2024.07.21 17:40:12 INFO  [error] 	at sbt.internal.LibraryManagement$.cachedUpdate(LibraryManagement.scala:160)
2024.07.21 17:40:12 INFO  [error] 	at sbt.Classpaths$.$anonfun$updateTask0$1(Defaults.scala:3687)
2024.07.21 17:40:12 INFO  [error] 	at scala.Function1.$anonfun$compose$1(Function1.scala:49)
2024.07.21 17:40:12 INFO  [error] 	at sbt.internal.util.$tilde$greater.$anonfun$$u2219$1(TypeFunctions.scala:62)
2024.07.21 17:40:12 INFO  [error] 	at sbt.std.Transform$$anon$4.work(Transform.scala:68)
2024.07.21 17:40:12 INFO  [error] 	at sbt.Execute.$anonfun$submit$2(Execute.scala:282)
2024.07.21 17:40:12 INFO  [error] 	at sbt.internal.util.ErrorHandling$.wideConvert(ErrorHandling.scala:23)
2024.07.21 17:40:12 INFO  [error] 	at sbt.Execute.work(Execute.scala:291)
2024.07.21 17:40:12 INFO  [error] 	at sbt.Execute.$anonfun$submit$1(Execute.scala:282)
2024.07.21 17:40:12 INFO  [error] 	at sbt.ConcurrentRestrictions$$anon$4.$anonfun$submitValid$1(ConcurrentRestrictions.scala:265)
2024.07.21 17:40:12 INFO  [error] 	at sbt.CompletionService$$anon$2.call(CompletionService.scala:64)
2024.07.21 17:40:12 INFO  [error] 	at java.base/java.util.concurrent.FutureTask.run(FutureTask.java:264)
2024.07.21 17:40:12 INFO  [error] 	at java.base/java.util.concurrent.Executors$RunnableAdapter.call(Executors.java:515)
2024.07.21 17:40:12 INFO  [error] 	at java.base/java.util.concurrent.FutureTask.run(FutureTask.java:264)
2024.07.21 17:40:12 INFO  [error] 	at java.base/java.util.concurrent.ThreadPoolExecutor.runWorker(ThreadPoolExecutor.java:1128)
2024.07.21 17:40:12 INFO  [error] 	at java.base/java.util.concurrent.ThreadPoolExecutor$Worker.run(ThreadPoolExecutor.java:628)
2024.07.21 17:40:12 INFO  [error] 	at java.base/java.lang.Thread.run(Thread.java:829)
2024.07.21 17:40:12 INFO  [error] (update) sbt.librarymanagement.ResolveException: Error downloading org.scalameta:sbt-scalafmt;sbtVersion=1.0;scalaVersion=2.12:3.8.2
2024.07.21 17:40:12 INFO  [error]   Not found
2024.07.21 17:40:12 INFO  [error]   Not found
2024.07.21 17:40:12 INFO  [error]   not found: https://repo1.maven.org/maven2/org/scalameta/sbt-scalafmt_2.12_1.0/3.8.2/sbt-scalafmt-3.8.2.pom
2024.07.21 17:40:12 INFO  [error]   not found: /home/tchx/.ivy2/localorg.scalameta/sbt-scalafmt/scala_2.12/sbt_1.0/3.8.2/ivys/ivy.xml
2024.07.21 17:40:12 INFO  [error]   not found: https://repo.scala-sbt.org/scalasbt/sbt-plugin-releases/org.scalameta/sbt-scalafmt/scala_2.12/sbt_1.0/3.8.2/ivys/ivy.xml
2024.07.21 17:40:12 INFO  [error]   not found: https://repo.typesafe.com/typesafe/ivy-releases/org.scalameta/sbt-scalafmt/scala_2.12/sbt_1.0/3.8.2/ivys/ivy.xml
2024.07.21 17:40:12 INFO  [warn] Project loading failed: (r)etry, (q)uit, (l)ast, or (i)gnore? (default: r)
2024.07.21 17:40:12 INFO  time: ran 'sbt bloopInstall' in 16s
2024.07.21 17:40:12 ERROR sbt command failed: /home/tchx/.local/share/coursier/bin/sbt -Dbloop.export-jar-classifiers=sources bloopInstall
2024.07.21 17:40:21 INFO  no build target found for /home/tchx/Documents/scala-coursera/progfun1-example/example/src/main/scala/example/Lists.scala. Using presentation compiler with project's scala-library version: 3.3.3
2024.07.21 17:40:25 INFO  no build target found for /home/tchx/Documents/scala-coursera/progfun1-example/example/src/main/scala/example/Lists.scala. Using presentation compiler with project's scala-library version: 3.3.3
2024.07.21 17:40:27 INFO  no build target found for /home/tchx/Documents/scala-coursera/progfun1-example/example/project/plugins.sbt. Using presentation compiler with project's scala-library version: 3.3.3
2024.07.21 17:40:27 WARN  Could not find semantic tokens for: file:///home/tchx/Documents/scala-coursera/progfun1-example/example/project/plugins.sbt
2024.07.21 17:40:29 INFO  no build target found for /home/tchx/Documents/scala-coursera/progfun1-example/example/project/plugins.sbt. Using presentation compiler with project's scala-library version: 3.3.3
2024.07.21 17:40:29 INFO  no build target found for /home/tchx/Documents/scala-coursera/progfun1-example/example/project/plugins.sbt. Using presentation compiler with project's scala-library version: 3.3.3
2024.07.21 17:40:29 INFO  no build target found for /home/tchx/Documents/scala-coursera/progfun1-example/example/project/plugins.sbt. Using presentation compiler with project's scala-library version: 3.3.3
2024.07.21 17:40:29 WARN  Could not find semantic tokens for: file:///home/tchx/Documents/scala-coursera/progfun1-example/example/project/plugins.sbt
Downloading https://repo1.maven.org/maven2/org/scalameta/scalafmt-core_2.13/3.7.15/scalafmt-core_2.13-3.7.15.pom
Downloaded https://repo1.maven.org/maven2/org/scalameta/scalafmt-core_2.13/3.7.15/scalafmt-core_2.13-3.7.15.pom
Downloading https://repo1.maven.org/maven2/org/scalameta/scalameta_2.13/4.8.12/scalameta_2.13-4.8.12.pom
Downloading https://repo1.maven.org/maven2/org/scalameta/scalafmt-config_2.13/3.7.15/scalafmt-config_2.13-3.7.15.pom
Downloading https://repo1.maven.org/maven2/org/scalameta/scalafmt-sysops_2.13/3.7.15/scalafmt-sysops_2.13-3.7.15.pom
Downloaded https://repo1.maven.org/maven2/org/scalameta/scalameta_2.13/4.8.12/scalameta_2.13-4.8.12.pom
Downloaded https://repo1.maven.org/maven2/org/scalameta/scalafmt-sysops_2.13/3.7.15/scalafmt-sysops_2.13-3.7.15.pom
Downloaded https://repo1.maven.org/maven2/org/scalameta/scalafmt-config_2.13/3.7.15/scalafmt-config_2.13-3.7.15.pom
Downloading https://repo1.maven.org/maven2/org/scala-lang/scalap/2.13.12/scalap-2.13.12.pom
Downloading https://repo1.maven.org/maven2/org/scalameta/parsers_2.13/4.8.12/parsers_2.13-4.8.12.pom
Downloaded https://repo1.maven.org/maven2/org/scala-lang/scalap/2.13.12/scalap-2.13.12.pom
Downloaded https://repo1.maven.org/maven2/org/scalameta/parsers_2.13/4.8.12/parsers_2.13-4.8.12.pom
Downloading https://repo1.maven.org/maven2/org/scalameta/trees_2.13/4.8.12/trees_2.13-4.8.12.pom
Downloading https://repo1.maven.org/maven2/org/scala-lang/scala-compiler/2.13.12/scala-compiler-2.13.12.pom
Downloaded https://repo1.maven.org/maven2/org/scala-lang/scala-compiler/2.13.12/scala-compiler-2.13.12.pom
Downloaded https://repo1.maven.org/maven2/org/scalameta/trees_2.13/4.8.12/trees_2.13-4.8.12.pom
Downloading https://repo1.maven.org/maven2/org/scalameta/common_2.13/4.8.12/common_2.13-4.8.12.pom
Downloading https://repo1.maven.org/maven2/org/jline/jline/3.22.0/jline-3.22.0.pom
Downloading https://repo1.maven.org/maven2/net/java/dev/jna/jna/5.13.0/jna-5.13.0.pom
Downloading https://repo1.maven.org/maven2/org/scala-lang/scala-reflect/2.13.12/scala-reflect-2.13.12.pom
Downloaded https://repo1.maven.org/maven2/net/java/dev/jna/jna/5.13.0/jna-5.13.0.pom
Downloaded https://repo1.maven.org/maven2/org/scala-lang/scala-reflect/2.13.12/scala-reflect-2.13.12.pom
Downloaded https://repo1.maven.org/maven2/org/scalameta/common_2.13/4.8.12/common_2.13-4.8.12.pom
Downloaded https://repo1.maven.org/maven2/org/jline/jline/3.22.0/jline-3.22.0.pom
Downloading https://repo1.maven.org/maven2/org/jline/jline-parent/3.22.0/jline-parent-3.22.0.pom
Downloaded https://repo1.maven.org/maven2/org/jline/jline-parent/3.22.0/jline-parent-3.22.0.pom
Downloading https://repo1.maven.org/maven2/org/scalameta/common_2.13/4.8.12/common_2.13-4.8.12.jar
Downloading https://repo1.maven.org/maven2/org/scala-lang/scala-reflect/2.13.12/scala-reflect-2.13.12.jar
Downloading https://repo1.maven.org/maven2/org/scala-lang/scalap/2.13.12/scalap-2.13.12.jar
Downloading https://repo1.maven.org/maven2/org/jline/jline/3.22.0/jline-3.22.0.jar
Downloading https://repo1.maven.org/maven2/org/scala-lang/scala-compiler/2.13.12/scala-compiler-2.13.12.jar
Downloading https://repo1.maven.org/maven2/net/java/dev/jna/jna/5.13.0/jna-5.13.0.jar
Downloaded https://repo1.maven.org/maven2/org/scala-lang/scalap/2.13.12/scalap-2.13.12.jar
Downloading https://repo1.maven.org/maven2/org/scalameta/scalameta_2.13/4.8.12/scalameta_2.13-4.8.12.jar
Downloaded https://repo1.maven.org/maven2/org/scalameta/common_2.13/4.8.12/common_2.13-4.8.12.jar
Downloading https://repo1.maven.org/maven2/org/scalameta/scalafmt-core_2.13/3.7.15/scalafmt-core_2.13-3.7.15.jar
Downloaded https://repo1.maven.org/maven2/org/scalameta/scalameta_2.13/4.8.12/scalameta_2.13-4.8.12.jar
Downloading https://repo1.maven.org/maven2/org/scalameta/trees_2.13/4.8.12/trees_2.13-4.8.12.jar
Downloaded https://repo1.maven.org/maven2/org/jline/jline/3.22.0/jline-3.22.0.jar
Downloading https://repo1.maven.org/maven2/org/scalameta/scalafmt-config_2.13/3.7.15/scalafmt-config_2.13-3.7.15.jar
Downloaded https://repo1.maven.org/maven2/org/scalameta/scalafmt-config_2.13/3.7.15/scalafmt-config_2.13-3.7.15.jar
Downloading https://repo1.maven.org/maven2/org/scalameta/scalafmt-sysops_2.13/3.7.15/scalafmt-sysops_2.13-3.7.15.jar
Downloaded https://repo1.maven.org/maven2/org/scalameta/scalafmt-sysops_2.13/3.7.15/scalafmt-sysops_2.13-3.7.15.jar
Downloading https://repo1.maven.org/maven2/org/scalameta/parsers_2.13/4.8.12/parsers_2.13-4.8.12.jar
Downloaded https://repo1.maven.org/maven2/net/java/dev/jna/jna/5.13.0/jna-5.13.0.jar
Downloaded https://repo1.maven.org/maven2/org/scalameta/scalafmt-core_2.13/3.7.15/scalafmt-core_2.13-3.7.15.jar
Downloaded https://repo1.maven.org/maven2/org/scala-lang/scala-reflect/2.13.12/scala-reflect-2.13.12.jar
Downloaded https://repo1.maven.org/maven2/org/scalameta/parsers_2.13/4.8.12/parsers_2.13-4.8.12.jar
2024.07.21 17:40:37 WARN  no build target for: /home/tchx/Documents/scala-coursera/progfun1-example/example/project/plugins.sbt
2024.07.21 17:40:37 INFO  skipping build import with status 'Dismissed'
Downloaded https://repo1.maven.org/maven2/org/scalameta/trees_2.13/4.8.12/trees_2.13-4.8.12.jar
Downloaded https://repo1.maven.org/maven2/org/scala-lang/scala-compiler/2.13.12/scala-compiler-2.13.12.jar
2024.07.21 17:41:01 INFO  no build target found for /home/tchx/Documents/scala-coursera/progfun1-example/example/project/plugins.sbt. Using presentation compiler with project's scala-library version: 3.3.3
2024.07.21 17:41:01 WARN  Could not find semantic tokens for: file:///home/tchx/Documents/scala-coursera/progfun1-example/example/project/plugins.sbt
2024.07.21 17:41:02 INFO  no build target found for /home/tchx/Documents/scala-coursera/progfun1-example/example/project/plugins.sbt. Using presentation compiler with project's scala-library version: 3.3.3
2024.07.21 17:41:35 INFO  no build target found for /home/tchx/Documents/scala-coursera/progfun1-example/example/src/main/scala/main.scala. Using presentation compiler with project's scala-library version: 3.3.3
2024.07.21 17:41:35 INFO  no build target found for /home/tchx/Documents/scala-coursera/progfun1-example/example/src/main/scala/main.scala. Using presentation compiler with project's scala-library version: 3.3.3
2024.07.21 17:41:41 INFO  no build target found for /home/tchx/Documents/scala-coursera/progfun1-example/example/src/main/scala/main.scala. Using presentation compiler with project's scala-library version: 3.3.3
2024.07.21 17:41:42 INFO  no build target found for /home/tchx/Documents/scala-coursera/progfun1-example/example/src/main/scala/main.scala. Using presentation compiler with project's scala-library version: 3.3.3
2024.07.21 17:41:42 INFO  no build target found for /home/tchx/Documents/scala-coursera/progfun1-example/example/src/main/scala/main.scala. Using presentation compiler with project's scala-library version: 3.3.3
2024.07.21 17:42:25 INFO  no build target found for /home/tchx/Documents/scala-coursera/progfun1-example/example/src/main/scala/main.scala. Using presentation compiler with project's scala-library version: 3.3.3
2024.07.21 17:42:26 INFO  no build target found for /home/tchx/Documents/scala-coursera/progfun1-example/example/src/main/scala/main.scala. Using presentation compiler with project's scala-library version: 3.3.3
2024.07.21 17:42:28 INFO  no build target found for /home/tchx/Documents/scala-coursera/progfun1-example/example/src/main/scala/main.scala. Using presentation compiler with project's scala-library version: 3.3.3
2024.07.21 17:42:28 INFO  no build target found for /home/tchx/Documents/scala-coursera/progfun1-example/example/src/main/scala/main.scala. Using presentation compiler with project's scala-library version: 3.3.3
2024.07.21 17:42:28 INFO  no build target found for /home/tchx/Documents/scala-coursera/progfun1-example/example/src/main/scala/main.scala. Using presentation compiler with project's scala-library version: 3.3.3
2024.07.21 17:42:28 INFO  no build target found for /home/tchx/Documents/scala-coursera/progfun1-example/example/src/main/scala/main.scala. Using presentation compiler with project's scala-library version: 3.3.3
2024.07.21 17:42:28 INFO  no build target found for /home/tchx/Documents/scala-coursera/progfun1-example/example/src/main/scala/main.scala. Using presentation compiler with project's scala-library version: 3.3.3
2024.07.21 17:42:28 ERROR Failed to tokenize input for semantic tokens for /home/tchx/Documents/scala-coursera/progfun1-example/example/src/main/scala/main.scala
scala.meta.tokenizers.TokenizeException: <input>:3: error: illegal character '\u2014'
@main def run(): Unit =
             ^
	at scala.meta.internal.tokenizers.Reporter.syntaxError(Reporter.scala:23)
	at scala.meta.internal.tokenizers.Reporter.syntaxError$(Reporter.scala:23)
	at scala.meta.internal.tokenizers.Reporter$$anon$1.syntaxError(Reporter.scala:32)
	at scala.meta.internal.tokenizers.Reporter.syntaxError(Reporter.scala:25)
	at scala.meta.internal.tokenizers.Reporter.syntaxError$(Reporter.scala:25)
	at scala.meta.internal.tokenizers.Reporter$$anon$1.syntaxError(Reporter.scala:32)
	at scala.meta.internal.tokenizers.LegacyScanner.fetchOther$1(LegacyScanner.scala:439)
	at scala.meta.internal.tokenizers.LegacyScanner.fetchToken(LegacyScanner.scala:443)
	at scala.meta.internal.tokenizers.LegacyScanner.nextToken(LegacyScanner.scala:201)
	at scala.meta.internal.tokenizers.LegacyScanner.foreach(LegacyScanner.scala:912)
	at scala.meta.internal.tokenizers.ScalametaTokenizer.uncachedTokenize(ScalametaTokenizer.scala:23)
	at scala.meta.internal.tokenizers.ScalametaTokenizer.$anonfun$tokenize$1(ScalametaTokenizer.scala:17)
	at scala.collection.concurrent.TrieMap.getOrElseUpdate(TrieMap.scala:960)
	at scala.meta.internal.tokenizers.ScalametaTokenizer.tokenize(ScalametaTokenizer.scala:17)
	at scala.meta.internal.tokenizers.ScalametaTokenizer$$anon$2.apply(ScalametaTokenizer.scala:322)
	at scala.meta.tokenizers.Api$XtensionTokenizeDialectInput.tokenize(Api.scala:22)
	at scala.meta.tokenizers.Api$XtensionTokenizeInputLike.tokenize(Api.scala:13)
	at scala.meta.internal.metals.SemanticTokensProvider$.getTokens(SemanticTokensProvider.scala:28)
	at scala.meta.internal.metals.SemanticTokensProvider$.provide(SemanticTokensProvider.scala:89)
	at scala.meta.internal.metals.Compilers.$anonfun$semanticTokens$3(Compilers.scala:545)
	at scala.concurrent.impl.Promise$Transformation.run(Promise.scala:467)
	at java.util.concurrent.ThreadPoolExecutor.runWorker(ThreadPoolExecutor.java:1136)
	at java.util.concurrent.ThreadPoolExecutor$Worker.run(ThreadPoolExecutor.java:635)
	at java.lang.Thread.run(Thread.java:833)

2024.07.21 17:42:30 INFO  no build target found for /home/tchx/Documents/scala-coursera/progfun1-example/example/src/main/scala/main.scala. Using presentation compiler with project's scala-library version: 3.3.3
2024.07.21 17:42:30 INFO  no build target found for /home/tchx/Documents/scala-coursera/progfun1-example/example/src/main/scala/main.scala. Using presentation compiler with project's scala-library version: 3.3.3
2024.07.21 17:42:30 INFO  no build target found for /home/tchx/Documents/scala-coursera/progfun1-example/example/src/main/scala/main.scala. Using presentation compiler with project's scala-library version: 3.3.3
2024.07.21 17:42:30 INFO  no build target found for /home/tchx/Documents/scala-coursera/progfun1-example/example/src/main/scala/main.scala. Using presentation compiler with project's scala-library version: 3.3.3
2024.07.21 17:42:30 INFO  no build target found for /home/tchx/Documents/scala-coursera/progfun1-example/example/src/main/scala/main.scala. Using presentation compiler with project's scala-library version: 3.3.3
2024.07.21 17:42:31 INFO  no build target found for /home/tchx/Documents/scala-coursera/progfun1-example/example/src/main/scala/main.scala. Using presentation compiler with project's scala-library version: 3.3.3
2024.07.21 17:42:31 INFO  no build target found for /home/tchx/Documents/scala-coursera/progfun1-example/example/src/main/scala/main.scala. Using presentation compiler with project's scala-library version: 3.3.3
2024.07.21 17:42:31 INFO  no build target found for /home/tchx/Documents/scala-coursera/progfun1-example/example/src/main/scala/main.scala. Using presentation compiler with project's scala-library version: 3.3.3
2024.07.21 17:42:31 INFO  no build target found for /home/tchx/Documents/scala-coursera/progfun1-example/example/src/main/scala/main.scala. Using presentation compiler with project's scala-library version: 3.3.3
2024.07.21 17:42:31 INFO  no build target found for /home/tchx/Documents/scala-coursera/progfun1-example/example/src/main/scala/main.scala. Using presentation compiler with project's scala-library version: 3.3.3
2024.07.21 17:42:31 INFO  no build target found for /home/tchx/Documents/scala-coursera/progfun1-example/example/src/main/scala/main.scala. Using presentation compiler with project's scala-library version: 3.3.3
2024.07.21 17:42:31 INFO  no build target found for /home/tchx/Documents/scala-coursera/progfun1-example/example/src/main/scala/main.scala. Using presentation compiler with project's scala-library version: 3.3.3
2024.07.21 17:42:31 INFO  no build target found for /home/tchx/Documents/scala-coursera/progfun1-example/example/src/main/scala/main.scala. Using presentation compiler with project's scala-library version: 3.3.3
2024.07.21 17:42:33 INFO  no build target found for /home/tchx/Documents/scala-coursera/progfun1-example/example/src/main/scala/main.scala. Using presentation compiler with project's scala-library version: 3.3.3
2024.07.21 17:42:33 INFO  no build target found for /home/tchx/Documents/scala-coursera/progfun1-example/example/src/main/scala/main.scala. Using presentation compiler with project's scala-library version: 3.3.3
2024.07.21 17:42:33 INFO  no build target found for /home/tchx/Documents/scala-coursera/progfun1-example/example/src/main/scala/main.scala. Using presentation compiler with project's scala-library version: 3.3.3
2024.07.21 17:42:34 INFO  no build target found for /home/tchx/Documents/scala-coursera/progfun1-example/example/src/main/scala/main.scala. Using presentation compiler with project's scala-library version: 3.3.3
2024.07.21 17:42:34 INFO  no build target found for /home/tchx/Documents/scala-coursera/progfun1-example/example/src/main/scala/main.scala. Using presentation compiler with project's scala-library version: 3.3.3
2024.07.21 17:42:34 INFO  no build target found for /home/tchx/Documents/scala-coursera/progfun1-example/example/src/main/scala/main.scala. Using presentation compiler with project's scala-library version: 3.3.3
2024.07.21 17:42:34 INFO  no build target found for /home/tchx/Documents/scala-coursera/progfun1-example/example/src/main/scala/main.scala. Using presentation compiler with project's scala-library version: 3.3.3
2024.07.21 17:42:34 INFO  no build target found for /home/tchx/Documents/scala-coursera/progfun1-example/example/src/main/scala/main.scala. Using presentation compiler with project's scala-library version: 3.3.3
2024.07.21 17:42:34 INFO  no build target found for /home/tchx/Documents/scala-coursera/progfun1-example/example/src/main/scala/main.scala. Using presentation compiler with project's scala-library version: 3.3.3
2024.07.21 17:42:35 INFO  no build target found for /home/tchx/Documents/scala-coursera/progfun1-example/example/src/main/scala/main.scala. Using presentation compiler with project's scala-library version: 3.3.3
2024.07.21 17:42:35 INFO  no build target found for /home/tchx/Documents/scala-coursera/progfun1-example/example/src/main/scala/main.scala. Using presentation compiler with project's scala-library version: 3.3.3
2024.07.21 17:42:36 INFO  no build target found for /home/tchx/Documents/scala-coursera/progfun1-example/example/src/main/scala/main.scala. Using presentation compiler with project's scala-library version: 3.3.3
2024.07.21 17:42:36 WARN  no build target for: /home/tchx/Documents/scala-coursera/progfun1-example/example/src/main/scala/main.scala
2024.07.21 17:42:36 INFO  no build target found for /home/tchx/Documents/scala-coursera/progfun1-example/example/src/main/scala/main.scala. Using presentation compiler with project's scala-library version: 3.3.3
2024.07.21 17:42:36 INFO  no build target found for /home/tchx/Documents/scala-coursera/progfun1-example/example/src/main/scala/main.scala. Using presentation compiler with project's scala-library version: 3.3.3
2024.07.21 17:47:31 INFO  no build target found for /home/tchx/Documents/scala-coursera/progfun1-example/example/src/main/scala/main.scala. Using presentation compiler with project's scala-library version: 3.3.3
2024.07.21 17:47:31 INFO  no build target found for /home/tchx/Documents/scala-coursera/progfun1-example/example/src/main/scala/main.scala. Using presentation compiler with project's scala-library version: 3.3.3
Jul 21, 2024 5:47:31 PM org.eclipse.lsp4j.jsonrpc.RemoteEndpoint handleCancellation
WARNING: Unmatched cancel notification for request id 585
2024.07.21 17:47:32 INFO  no build target found for /home/tchx/Documents/scala-coursera/progfun1-example/example/src/main/scala/example/Lists.scala. Using presentation compiler with project's scala-library version: 3.3.3
2024.07.21 17:47:32 INFO  no build target found for /home/tchx/Documents/scala-coursera/progfun1-example/example/src/main/scala/main.scala. Using presentation compiler with project's scala-library version: 3.3.3
2024.07.21 17:47:33 INFO  no build target found for /home/tchx/Documents/scala-coursera/progfun1-example/example/src/main/scala/example/Lists.scala. Using presentation compiler with project's scala-library version: 3.3.3
2024.07.21 17:47:34 INFO  no build target found for /home/tchx/Documents/scala-coursera/progfun1-example/example/src/main/scala/example/Lists.scala. Using presentation compiler with project's scala-library version: 3.3.3
2024.07.21 17:47:34 INFO  no build target found for /home/tchx/Documents/scala-coursera/progfun1-example/example/src/main/scala/example/Lists.scala. Using presentation compiler with project's scala-library version: 3.3.3
2024.07.21 17:47:34 INFO  no build target found for /home/tchx/Documents/scala-coursera/progfun1-example/example/src/main/scala/example/Lists.scala. Using presentation compiler with project's scala-library version: 3.3.3
2024.07.21 17:47:34 INFO  no build target found for /home/tchx/Documents/scala-coursera/progfun1-example/example/src/main/scala/example/Lists.scala. Using presentation compiler with project's scala-library version: 3.3.3
2024.07.21 17:47:34 INFO  no build target found for /home/tchx/Documents/scala-coursera/progfun1-example/example/src/main/scala/example/Lists.scala. Using presentation compiler with project's scala-library version: 3.3.3
2024.07.21 17:47:35 INFO  no build target found for /home/tchx/Documents/scala-coursera/progfun1-example/example/src/main/scala/example/Lists.scala. Using presentation compiler with project's scala-library version: 3.3.3
2024.07.21 17:47:35 INFO  no build target found for /home/tchx/Documents/scala-coursera/progfun1-example/example/src/main/scala/example/Lists.scala. Using presentation compiler with project's scala-library version: 3.3.3
2024.07.21 17:47:35 INFO  no build target found for /home/tchx/Documents/scala-coursera/progfun1-example/example/src/main/scala/example/Lists.scala. Using presentation compiler with project's scala-library version: 3.3.3
2024.07.21 17:47:35 INFO  no build target found for /home/tchx/Documents/scala-coursera/progfun1-example/example/src/main/scala/example/Lists.scala. Using presentation compiler with project's scala-library version: 3.3.3
2024.07.21 17:47:37 ERROR scalafmt: /home/tchx/Documents/scala-coursera/progfun1-example/example/src/main/scala/example/Lists.scala:3: error: [dialect scala213] ; expected but : found
object Lists:
            ^
2024.07.21 17:47:37 WARN  no build target for: /home/tchx/Documents/scala-coursera/progfun1-example/example/src/main/scala/example/Lists.scala
2024.07.21 17:47:37 INFO  no build target found for /home/tchx/Documents/scala-coursera/progfun1-example/example/src/main/scala/example/Lists.scala. Using presentation compiler with project's scala-library version: 3.3.3
2024.07.21 17:47:37 INFO  no build target found for /home/tchx/Documents/scala-coursera/progfun1-example/example/src/main/scala/main.scala. Using presentation compiler with project's scala-library version: 3.3.3
2024.07.21 17:47:42 INFO  no build target found for /home/tchx/Documents/scala-coursera/progfun1-example/example/src/main/scala/example/Lists.scala. Using presentation compiler with project's scala-library version: 3.3.3
2024.07.21 17:47:44 INFO  no build target found for /home/tchx/Documents/scala-coursera/progfun1-example/example/src/main/scala/example/Lists.scala. Using presentation compiler with project's scala-library version: 3.3.3
2024.07.21 17:47:45 INFO  no build target found for /home/tchx/Documents/scala-coursera/progfun1-example/example/src/main/scala/example/Lists.scala. Using presentation compiler with project's scala-library version: 3.3.3
2024.07.21 17:47:45 INFO  no build target found for /home/tchx/Documents/scala-coursera/progfun1-example/example/src/main/scala/example/Lists.scala. Using presentation compiler with project's scala-library version: 3.3.3
2024.07.21 17:47:45 INFO  no build target found for /home/tchx/Documents/scala-coursera/progfun1-example/example/src/main/scala/example/Lists.scala. Using presentation compiler with project's scala-library version: 3.3.3
2024.07.21 17:47:47 INFO  no build target found for /home/tchx/Documents/scala-coursera/progfun1-example/example/src/main/scala/example/Lists.scala. Using presentation compiler with project's scala-library version: 3.3.3
2024.07.21 17:48:25 INFO  no build target found for /home/tchx/Documents/scala-coursera/progfun1-example/example/project/plugins.sbt. Using presentation compiler with project's scala-library version: 3.3.3
2024.07.21 17:48:25 INFO  no build target found for /home/tchx/Documents/scala-coursera/progfun1-example/example/project/plugins.sbt. Using presentation compiler with project's scala-library version: 3.3.3
2024.07.21 17:48:25 WARN  Could not find semantic tokens for: file:///home/tchx/Documents/scala-coursera/progfun1-example/example/project/plugins.sbt
2024.07.21 17:48:27 INFO  no build target found for /home/tchx/Documents/scala-coursera/progfun1-example/example/project/plugins.sbt. Using presentation compiler with project's scala-library version: 3.3.3
2024.07.21 17:49:21 INFO  no build target found for /home/tchx/Documents/scala-coursera/progfun1-example/example/src/main/scala/example/Lists.scala. Using presentation compiler with project's scala-library version: 3.3.3
2024.07.21 17:51:30 INFO  Shutting down server
2024.07.21 17:51:30 INFO  shutting down Metals
2024.07.21 17:51:30 INFO  Exiting server
